[INFO] Scanning for projects...
[WARNING] 
[WARNING] Some problems were encountered while building the effective model for org.kuali.rice:rice-sql:jar:2.4.3-SNAPSHOT
[WARNING] 'build.plugins.plugin.version' for org.codehaus.gmaven:gmaven-plugin is missing. @ org.kuali.rice:rice:2.4.3-SNAPSHOT, C:\projects\rice\pom.xml, line 1304, column 15
[WARNING] Reporting configuration should be done in <reporting> section, not in maven-site-plugin <configuration> as reportPlugins parameter.
[WARNING] 
[WARNING] Some problems were encountered while building the effective model for org.kuali.rice:rice-impex-master:jar:2.4.3-SNAPSHOT
[WARNING] 'build.plugins.plugin.version' for org.codehaus.gmaven:gmaven-plugin is missing. @ org.kuali.rice:rice:2.4.3-SNAPSHOT, C:\projects\rice\pom.xml, line 1304, column 15
[WARNING] Reporting configuration should be done in <reporting> section, not in maven-site-plugin <configuration> as reportPlugins parameter.
[WARNING] 
[WARNING] Some problems were encountered while building the effective model for org.kuali.rice:rice-impex-server-demo:jar:2.4.3-SNAPSHOT
[WARNING] 'build.plugins.plugin.version' for org.codehaus.gmaven:gmaven-plugin is missing. @ org.kuali.rice:rice:2.4.3-SNAPSHOT, C:\projects\rice\pom.xml, line 1304, column 15
[WARNING] Reporting configuration should be done in <reporting> section, not in maven-site-plugin <configuration> as reportPlugins parameter.
[WARNING] 
[WARNING] Some problems were encountered while building the effective model for org.kuali.rice:rice-impex-server-bootstrap:jar:2.4.3-SNAPSHOT
[WARNING] 'build.plugins.plugin.version' for org.codehaus.gmaven:gmaven-plugin is missing. @ org.kuali.rice:rice:2.4.3-SNAPSHOT, C:\projects\rice\pom.xml, line 1304, column 15
[WARNING] Reporting configuration should be done in <reporting> section, not in maven-site-plugin <configuration> as reportPlugins parameter.
[WARNING] 
[WARNING] Some problems were encountered while building the effective model for org.kuali.rice:rice-impex-server:pom:2.4.3-SNAPSHOT
[WARNING] 'build.plugins.plugin.version' for org.codehaus.gmaven:gmaven-plugin is missing. @ org.kuali.rice:rice:2.4.3-SNAPSHOT, C:\projects\rice\pom.xml, line 1304, column 15
[WARNING] Reporting configuration should be done in <reporting> section, not in maven-site-plugin <configuration> as reportPlugins parameter.
[WARNING] 
[WARNING] Some problems were encountered while building the effective model for org.kuali.rice:rice-impex-client-demo:jar:2.4.3-SNAPSHOT
[WARNING] 'build.plugins.plugin.version' for org.codehaus.gmaven:gmaven-plugin is missing. @ org.kuali.rice:rice:2.4.3-SNAPSHOT, C:\projects\rice\pom.xml, line 1304, column 15
[WARNING] Reporting configuration should be done in <reporting> section, not in maven-site-plugin <configuration> as reportPlugins parameter.
[WARNING] 
[WARNING] Some problems were encountered while building the effective model for org.kuali.rice:rice-impex-client-bootstrap:jar:2.4.3-SNAPSHOT
[WARNING] 'build.plugins.plugin.version' for org.codehaus.gmaven:gmaven-plugin is missing. @ org.kuali.rice:rice:2.4.3-SNAPSHOT, C:\projects\rice\pom.xml, line 1304, column 15
[WARNING] Reporting configuration should be done in <reporting> section, not in maven-site-plugin <configuration> as reportPlugins parameter.
[WARNING] 
[WARNING] Some problems were encountered while building the effective model for org.kuali.rice:rice-impex-client:pom:2.4.3-SNAPSHOT
[WARNING] 'build.plugins.plugin.version' for org.codehaus.gmaven:gmaven-plugin is missing. @ org.kuali.rice:rice:2.4.3-SNAPSHOT, C:\projects\rice\pom.xml, line 1304, column 15
[WARNING] Reporting configuration should be done in <reporting> section, not in maven-site-plugin <configuration> as reportPlugins parameter.
[WARNING] 
[WARNING] Some problems were encountered while building the effective model for org.kuali.rice:rice-impex:pom:2.4.3-SNAPSHOT
[WARNING] 'build.plugins.plugin.version' for org.codehaus.gmaven:gmaven-plugin is missing. @ org.kuali.rice:rice:2.4.3-SNAPSHOT, C:\projects\rice\pom.xml, line 1304, column 15
[WARNING] Reporting configuration should be done in <reporting> section, not in maven-site-plugin <configuration> as reportPlugins parameter.
[WARNING] 
[WARNING] Some problems were encountered while building the effective model for org.kuali.rice:rice-xml:jar:2.4.3-SNAPSHOT
[WARNING] 'build.plugins.plugin.version' for org.codehaus.gmaven:gmaven-plugin is missing. @ org.kuali.rice:rice:2.4.3-SNAPSHOT, C:\projects\rice\pom.xml, line 1304, column 15
[WARNING] Reporting configuration should be done in <reporting> section, not in maven-site-plugin <configuration> as reportPlugins parameter.
[WARNING] 
[WARNING] Some problems were encountered while building the effective model for org.kuali.rice:rice-db:pom:2.4.3-SNAPSHOT
[WARNING] 'build.pluginManagement.plugins.plugin.(groupId:artifactId)' must be unique but found duplicate declaration of plugin org.apache.maven.plugins:maven-compiler-plugin @ org.kuali.rice:rice:2.4.3-SNAPSHOT, C:\projects\rice\pom.xml, line 908, column 17
[WARNING] 'build.plugins.plugin.version' for org.codehaus.gmaven:gmaven-plugin is missing. @ org.kuali.rice:rice:2.4.3-SNAPSHOT, C:\projects\rice\pom.xml, line 1304, column 15
[WARNING] Reporting configuration should be done in <reporting> section, not in maven-site-plugin <configuration> as reportPlugins parameter.
[WARNING] 
[WARNING] Some problems were encountered while building the effective model for org.kuali.rice:rice-development-tools:jar:2.4.3-SNAPSHOT
[WARNING] 'build.plugins.plugin.version' for org.codehaus.gmaven:gmaven-plugin is missing. @ org.kuali.rice:rice:2.4.3-SNAPSHOT, C:\projects\rice\pom.xml, line 1304, column 15
[WARNING] Reporting configuration should be done in <reporting> section, not in maven-site-plugin <configuration> as reportPlugins parameter.
[WARNING] 
[WARNING] Some problems were encountered while building the effective model for org.kuali.rice:rice-tools-test:jar:2.4.3-SNAPSHOT
[WARNING] 'build.plugins.plugin.version' for org.codehaus.gmaven:gmaven-plugin is missing. @ org.kuali.rice:rice:2.4.3-SNAPSHOT, C:\projects\rice\pom.xml, line 1304, column 15
[WARNING] Reporting configuration should be done in <reporting> section, not in maven-site-plugin <configuration> as reportPlugins parameter.
[WARNING] 
[WARNING] Some problems were encountered while building the effective model for org.kuali.rice:rice-client-contrib:jar:2.4.3-SNAPSHOT
[WARNING] 'build.plugins.plugin.version' for org.codehaus.gmaven:gmaven-plugin is missing. @ org.kuali.rice:rice:2.4.3-SNAPSHOT, C:\projects\rice\pom.xml, line 1304, column 15
[WARNING] Reporting configuration should be done in <reporting> section, not in maven-site-plugin <configuration> as reportPlugins parameter.
[WARNING] 
[WARNING] Some problems were encountered while building the effective model for org.kuali.rice:rice-core-api:jar:2.4.3-SNAPSHOT
[WARNING] 'build.plugins.plugin.version' for org.codehaus.gmaven:gmaven-plugin is missing. @ org.kuali.rice:rice:2.4.3-SNAPSHOT, C:\projects\rice\pom.xml, line 1304, column 15
[WARNING] Reporting configuration should be done in <reporting> section, not in maven-site-plugin <configuration> as reportPlugins parameter.
[WARNING] 
[WARNING] Some problems were encountered while building the effective model for org.kuali.rice:rice-core-impl:jar:2.4.3-SNAPSHOT
[WARNING] 'build.plugins.plugin.version' for org.codehaus.gmaven:gmaven-plugin is missing. @ org.kuali.rice:rice:2.4.3-SNAPSHOT, C:\projects\rice\pom.xml, line 1304, column 15
[WARNING] Reporting configuration should be done in <reporting> section, not in maven-site-plugin <configuration> as reportPlugins parameter.
[WARNING] 
[WARNING] Some problems were encountered while building the effective model for org.kuali.rice:rice-core-framework:jar:2.4.3-SNAPSHOT
[WARNING] 'build.plugins.plugin.version' for org.codehaus.gmaven:gmaven-plugin is missing. @ org.kuali.rice:rice:2.4.3-SNAPSHOT, C:\projects\rice\pom.xml, line 1304, column 15
[WARNING] Reporting configuration should be done in <reporting> section, not in maven-site-plugin <configuration> as reportPlugins parameter.
[WARNING] 
[WARNING] Some problems were encountered while building the effective model for org.kuali.rice:rice-core-web:jar:2.4.3-SNAPSHOT
[WARNING] 'build.plugins.plugin.version' for org.codehaus.gmaven:gmaven-plugin is missing. @ org.kuali.rice:rice:2.4.3-SNAPSHOT, C:\projects\rice\pom.xml, line 1304, column 15
[WARNING] Reporting configuration should be done in <reporting> section, not in maven-site-plugin <configuration> as reportPlugins parameter.
[WARNING] 
[WARNING] Some problems were encountered while building the effective model for org.kuali.rice:rice-core:pom:2.4.3-SNAPSHOT
[WARNING] 'build.plugins.plugin.version' for org.codehaus.gmaven:gmaven-plugin is missing. @ org.kuali.rice:rice:2.4.3-SNAPSHOT, C:\projects\rice\pom.xml, line 1304, column 15
[WARNING] Reporting configuration should be done in <reporting> section, not in maven-site-plugin <configuration> as reportPlugins parameter.
[WARNING] 
[WARNING] Some problems were encountered while building the effective model for org.kuali.rice:rice-core-service-api:jar:2.4.3-SNAPSHOT
[WARNING] 'build.plugins.plugin.version' for org.codehaus.gmaven:gmaven-plugin is missing. @ org.kuali.rice:rice:2.4.3-SNAPSHOT, C:\projects\rice\pom.xml, line 1304, column 15
[WARNING] Reporting configuration should be done in <reporting> section, not in maven-site-plugin <configuration> as reportPlugins parameter.
[WARNING] 
[WARNING] Some problems were encountered while building the effective model for org.kuali.rice:rice-core-service-impl:jar:2.4.3-SNAPSHOT
[WARNING] 'build.plugins.plugin.version' for org.codehaus.gmaven:gmaven-plugin is missing. @ org.kuali.rice:rice:2.4.3-SNAPSHOT, C:\projects\rice\pom.xml, line 1304, column 15
[WARNING] Reporting configuration should be done in <reporting> section, not in maven-site-plugin <configuration> as reportPlugins parameter.
[WARNING] 
[WARNING] Some problems were encountered while building the effective model for org.kuali.rice:rice-core-service-framework:jar:2.4.3-SNAPSHOT
[WARNING] 'build.plugins.plugin.version' for org.codehaus.gmaven:gmaven-plugin is missing. @ org.kuali.rice:rice:2.4.3-SNAPSHOT, C:\projects\rice\pom.xml, line 1304, column 15
[WARNING] Reporting configuration should be done in <reporting> section, not in maven-site-plugin <configuration> as reportPlugins parameter.
[WARNING] 
[WARNING] Some problems were encountered while building the effective model for org.kuali.rice:rice-core-service-web:jar:2.4.3-SNAPSHOT
[WARNING] 'build.plugins.plugin.version' for org.codehaus.gmaven:gmaven-plugin is missing. @ org.kuali.rice:rice:2.4.3-SNAPSHOT, C:\projects\rice\pom.xml, line 1304, column 15
[WARNING] Reporting configuration should be done in <reporting> section, not in maven-site-plugin <configuration> as reportPlugins parameter.
[WARNING] 
[WARNING] Some problems were encountered while building the effective model for org.kuali.rice:rice-core-service:pom:2.4.3-SNAPSHOT
[WARNING] 'build.plugins.plugin.version' for org.codehaus.gmaven:gmaven-plugin is missing. @ org.kuali.rice:rice:2.4.3-SNAPSHOT, C:\projects\rice\pom.xml, line 1304, column 15
[WARNING] Reporting configuration should be done in <reporting> section, not in maven-site-plugin <configuration> as reportPlugins parameter.
[WARNING] 
[WARNING] Some problems were encountered while building the effective model for org.kuali.rice:rice-edl-framework:jar:2.4.3-SNAPSHOT
[WARNING] 'build.plugins.plugin.version' for org.codehaus.gmaven:gmaven-plugin is missing. @ org.kuali.rice:rice:2.4.3-SNAPSHOT, C:\projects\rice\pom.xml, line 1304, column 15
[WARNING] Reporting configuration should be done in <reporting> section, not in maven-site-plugin <configuration> as reportPlugins parameter.
[WARNING] 
[WARNING] Some problems were encountered while building the effective model for org.kuali.rice:rice-edl-impl:jar:2.4.3-SNAPSHOT
[WARNING] 'build.plugins.plugin.version' for org.codehaus.gmaven:gmaven-plugin is missing. @ org.kuali.rice:rice:2.4.3-SNAPSHOT, C:\projects\rice\pom.xml, line 1304, column 15
[WARNING] Reporting configuration should be done in <reporting> section, not in maven-site-plugin <configuration> as reportPlugins parameter.
[WARNING] 
[WARNING] Some problems were encountered while building the effective model for org.kuali.rice:rice-edl:pom:2.4.3-SNAPSHOT
[WARNING] 'build.plugins.plugin.version' for org.codehaus.gmaven:gmaven-plugin is missing. @ org.kuali.rice:rice:2.4.3-SNAPSHOT, C:\projects\rice\pom.xml, line 1304, column 15
[WARNING] Reporting configuration should be done in <reporting> section, not in maven-site-plugin <configuration> as reportPlugins parameter.
[WARNING] 
[WARNING] Some problems were encountered while building the effective model for org.kuali.rice:rice-impl:jar:2.4.3-SNAPSHOT
[WARNING] 'build.plugins.plugin.version' for org.codehaus.gmaven:gmaven-plugin is missing. @ org.kuali.rice:rice:2.4.3-SNAPSHOT, C:\projects\rice\pom.xml, line 1304, column 15
[WARNING] Reporting configuration should be done in <reporting> section, not in maven-site-plugin <configuration> as reportPlugins parameter.
[WARNING] 
[WARNING] Some problems were encountered while building the effective model for org.kuali.rice:rice-it-internal-tools:jar:2.4.3-SNAPSHOT
[WARNING] 'build.plugins.plugin.version' for org.codehaus.gmaven:gmaven-plugin is missing. @ org.kuali.rice:rice:2.4.3-SNAPSHOT, C:\projects\rice\pom.xml, line 1304, column 15
[WARNING] Reporting configuration should be done in <reporting> section, not in maven-site-plugin <configuration> as reportPlugins parameter.
[WARNING] 
[WARNING] Some problems were encountered while building the effective model for org.kuali.rice:rice-it-config:jar:2.4.3-SNAPSHOT
[WARNING] 'build.plugins.plugin.version' for org.codehaus.gmaven:gmaven-plugin is missing. @ org.kuali.rice:rice:2.4.3-SNAPSHOT, C:\projects\rice\pom.xml, line 1304, column 15
[WARNING] Reporting configuration should be done in <reporting> section, not in maven-site-plugin <configuration> as reportPlugins parameter.
[WARNING] 
[WARNING] Some problems were encountered while building the effective model for org.kuali.rice:rice-it-core:jar:2.4.3-SNAPSHOT
[WARNING] 'build.plugins.plugin.version' for org.codehaus.gmaven:gmaven-plugin is missing. @ org.kuali.rice:rice:2.4.3-SNAPSHOT, C:\projects\rice\pom.xml, line 1304, column 15
[WARNING] Reporting configuration should be done in <reporting> section, not in maven-site-plugin <configuration> as reportPlugins parameter.
[WARNING] 
[WARNING] Some problems were encountered while building the effective model for org.kuali.rice:rice-it-kns:jar:2.4.3-SNAPSHOT
[WARNING] 'build.plugins.plugin.version' for org.codehaus.gmaven:gmaven-plugin is missing. @ org.kuali.rice:rice:2.4.3-SNAPSHOT, C:\projects\rice\pom.xml, line 1304, column 15
[WARNING] Reporting configuration should be done in <reporting> section, not in maven-site-plugin <configuration> as reportPlugins parameter.
[WARNING] 
[WARNING] Some problems were encountered while building the effective model for org.kuali.rice:rice-it-ksb:jar:2.4.3-SNAPSHOT
[WARNING] 'build.plugins.plugin.version' for org.codehaus.gmaven:gmaven-plugin is missing. @ org.kuali.rice:rice:2.4.3-SNAPSHOT, C:\projects\rice\pom.xml, line 1304, column 15
[WARNING] Reporting configuration should be done in <reporting> section, not in maven-site-plugin <configuration> as reportPlugins parameter.
[WARNING] 
[WARNING] Some problems were encountered while building the effective model for org.kuali.rice:rice-it-kim:jar:2.4.3-SNAPSHOT
[WARNING] 'build.plugins.plugin.version' for org.codehaus.gmaven:gmaven-plugin is missing. @ org.kuali.rice:rice:2.4.3-SNAPSHOT, C:\projects\rice\pom.xml, line 1304, column 15
[WARNING] Reporting configuration should be done in <reporting> section, not in maven-site-plugin <configuration> as reportPlugins parameter.
[WARNING] 
[WARNING] Some problems were encountered while building the effective model for org.kuali.rice:rice-it-kew:jar:2.4.3-SNAPSHOT
[WARNING] 'build.plugins.plugin.version' for org.codehaus.gmaven:gmaven-plugin is missing. @ org.kuali.rice:rice:2.4.3-SNAPSHOT, C:\projects\rice\pom.xml, line 1304, column 15
[WARNING] Reporting configuration should be done in <reporting> section, not in maven-site-plugin <configuration> as reportPlugins parameter.
[WARNING] 
[WARNING] Some problems were encountered while building the effective model for org.kuali.rice:rice-it-ken:jar:2.4.3-SNAPSHOT
[WARNING] 'build.plugins.plugin.version' for org.codehaus.gmaven:gmaven-plugin is missing. @ org.kuali.rice:rice:2.4.3-SNAPSHOT, C:\projects\rice\pom.xml, line 1304, column 15
[WARNING] Reporting configuration should be done in <reporting> section, not in maven-site-plugin <configuration> as reportPlugins parameter.
[WARNING] 
[WARNING] Some problems were encountered while building the effective model for org.kuali.rice:rice-it-kcb:jar:2.4.3-SNAPSHOT
[WARNING] 'build.plugins.plugin.version' for org.codehaus.gmaven:gmaven-plugin is missing. @ org.kuali.rice:rice:2.4.3-SNAPSHOT, C:\projects\rice\pom.xml, line 1304, column 15
[WARNING] Reporting configuration should be done in <reporting> section, not in maven-site-plugin <configuration> as reportPlugins parameter.
[WARNING] 
[WARNING] Some problems were encountered while building the effective model for org.kuali.rice:rice-it-impl:jar:2.4.3-SNAPSHOT
[WARNING] 'build.plugins.plugin.version' for org.codehaus.gmaven:gmaven-plugin is missing. @ org.kuali.rice:rice:2.4.3-SNAPSHOT, C:\projects\rice\pom.xml, line 1304, column 15
[WARNING] Reporting configuration should be done in <reporting> section, not in maven-site-plugin <configuration> as reportPlugins parameter.
[WARNING] 
[WARNING] Some problems were encountered while building the effective model for org.kuali.rice:rice-it-edl:jar:2.4.3-SNAPSHOT
[WARNING] 'build.plugins.plugin.version' for org.codehaus.gmaven:gmaven-plugin is missing. @ org.kuali.rice:rice:2.4.3-SNAPSHOT, C:\projects\rice\pom.xml, line 1304, column 15
[WARNING] Reporting configuration should be done in <reporting> section, not in maven-site-plugin <configuration> as reportPlugins parameter.
[WARNING] 
[WARNING] Some problems were encountered while building the effective model for org.kuali.rice:rice-it-location:jar:2.4.3-SNAPSHOT
[WARNING] 'build.plugins.plugin.version' for org.codehaus.gmaven:gmaven-plugin is missing. @ org.kuali.rice:rice:2.4.3-SNAPSHOT, C:\projects\rice\pom.xml, line 1304, column 15
[WARNING] Reporting configuration should be done in <reporting> section, not in maven-site-plugin <configuration> as reportPlugins parameter.
[WARNING] 
[WARNING] Some problems were encountered while building the effective model for org.kuali.rice:rice-it-krms:jar:2.4.3-SNAPSHOT
[WARNING] 'build.plugins.plugin.version' for org.codehaus.gmaven:gmaven-plugin is missing. @ org.kuali.rice:rice:2.4.3-SNAPSHOT, C:\projects\rice\pom.xml, line 1304, column 15
[WARNING] Reporting configuration should be done in <reporting> section, not in maven-site-plugin <configuration> as reportPlugins parameter.
[WARNING] 
[WARNING] Some problems were encountered while building the effective model for org.kuali.rice:rice-it-remote:jar:2.4.3-SNAPSHOT
[WARNING] 'build.plugins.plugin.version' for org.codehaus.gmaven:gmaven-plugin is missing. @ org.kuali.rice:rice:2.4.3-SNAPSHOT, C:\projects\rice\pom.xml, line 1304, column 15
[WARNING] Reporting configuration should be done in <reporting> section, not in maven-site-plugin <configuration> as reportPlugins parameter.
[WARNING] 
[WARNING] Some problems were encountered while building the effective model for org.kuali.rice:rice-it-vc:jar:2.4.3-SNAPSHOT
[WARNING] 'build.plugins.plugin.version' for org.codehaus.gmaven:gmaven-plugin is missing. @ org.kuali.rice:rice:2.4.3-SNAPSHOT, C:\projects\rice\pom.xml, line 1304, column 15
[WARNING] Reporting configuration should be done in <reporting> section, not in maven-site-plugin <configuration> as reportPlugins parameter.
[WARNING] 
[WARNING] Some problems were encountered while building the effective model for org.kuali.rice:rice-it:pom:2.4.3-SNAPSHOT
[WARNING] 'build.plugins.plugin.version' for org.codehaus.gmaven:gmaven-plugin is missing. @ org.kuali.rice:rice:2.4.3-SNAPSHOT, C:\projects\rice\pom.xml, line 1304, column 15
[WARNING] Reporting configuration should be done in <reporting> section, not in maven-site-plugin <configuration> as reportPlugins parameter.
[WARNING] 
[WARNING] Some problems were encountered while building the effective model for org.kuali.rice:rice-ken-api:jar:2.4.3-SNAPSHOT
[WARNING] 'build.plugins.plugin.version' for org.codehaus.gmaven:gmaven-plugin is missing. @ org.kuali.rice:rice:2.4.3-SNAPSHOT, C:\projects\rice\pom.xml, line 1304, column 15
[WARNING] Reporting configuration should be done in <reporting> section, not in maven-site-plugin <configuration> as reportPlugins parameter.
[WARNING] 
[WARNING] Some problems were encountered while building the effective model for org.kuali.rice:rice-ken:pom:2.4.3-SNAPSHOT
[WARNING] 'build.plugins.plugin.version' for org.codehaus.gmaven:gmaven-plugin is missing. @ org.kuali.rice:rice:2.4.3-SNAPSHOT, C:\projects\rice\pom.xml, line 1304, column 15
[WARNING] Reporting configuration should be done in <reporting> section, not in maven-site-plugin <configuration> as reportPlugins parameter.
[WARNING] 
[WARNING] Some problems were encountered while building the effective model for org.kuali.rice:rice-kew-api:jar:2.4.3-SNAPSHOT
[WARNING] 'build.plugins.plugin.version' for org.codehaus.gmaven:gmaven-plugin is missing. @ org.kuali.rice:rice:2.4.3-SNAPSHOT, C:\projects\rice\pom.xml, line 1304, column 15
[WARNING] Reporting configuration should be done in <reporting> section, not in maven-site-plugin <configuration> as reportPlugins parameter.
[WARNING] 
[WARNING] Some problems were encountered while building the effective model for org.kuali.rice:rice-kew-framework:jar:2.4.3-SNAPSHOT
[WARNING] 'build.plugins.plugin.version' for org.codehaus.gmaven:gmaven-plugin is missing. @ org.kuali.rice:rice:2.4.3-SNAPSHOT, C:\projects\rice\pom.xml, line 1304, column 15
[WARNING] Reporting configuration should be done in <reporting> section, not in maven-site-plugin <configuration> as reportPlugins parameter.
[WARNING] 
[WARNING] Some problems were encountered while building the effective model for org.kuali.rice:rice-kew-impl:jar:2.4.3-SNAPSHOT
[WARNING] 'build.plugins.plugin.version' for org.codehaus.gmaven:gmaven-plugin is missing. @ org.kuali.rice:rice:2.4.3-SNAPSHOT, C:\projects\rice\pom.xml, line 1304, column 15
[WARNING] Reporting configuration should be done in <reporting> section, not in maven-site-plugin <configuration> as reportPlugins parameter.
[WARNING] 
[WARNING] Some problems were encountered while building the effective model for org.kuali.rice:rice-kew:pom:2.4.3-SNAPSHOT
[WARNING] 'build.plugins.plugin.version' for org.codehaus.gmaven:gmaven-plugin is missing. @ org.kuali.rice:rice:2.4.3-SNAPSHOT, C:\projects\rice\pom.xml, line 1304, column 15
[WARNING] Reporting configuration should be done in <reporting> section, not in maven-site-plugin <configuration> as reportPlugins parameter.
[WARNING] 
[WARNING] Some problems were encountered while building the effective model for org.kuali.rice:rice-kim-api:jar:2.4.3-SNAPSHOT
[WARNING] 'build.plugins.plugin.version' for org.codehaus.gmaven:gmaven-plugin is missing. @ org.kuali.rice:rice:2.4.3-SNAPSHOT, C:\projects\rice\pom.xml, line 1304, column 15
[WARNING] Reporting configuration should be done in <reporting> section, not in maven-site-plugin <configuration> as reportPlugins parameter.
[WARNING] 
[WARNING] Some problems were encountered while building the effective model for org.kuali.rice:rice-kim-impl:jar:2.4.3-SNAPSHOT
[WARNING] 'build.plugins.plugin.version' for org.codehaus.gmaven:gmaven-plugin is missing. @ org.kuali.rice:rice:2.4.3-SNAPSHOT, C:\projects\rice\pom.xml, line 1304, column 15
[WARNING] Reporting configuration should be done in <reporting> section, not in maven-site-plugin <configuration> as reportPlugins parameter.
[WARNING] 
[WARNING] Some problems were encountered while building the effective model for org.kuali.rice:rice-kim-framework:jar:2.4.3-SNAPSHOT
[WARNING] 'build.plugins.plugin.version' for org.codehaus.gmaven:gmaven-plugin is missing. @ org.kuali.rice:rice:2.4.3-SNAPSHOT, C:\projects\rice\pom.xml, line 1304, column 15
[WARNING] Reporting configuration should be done in <reporting> section, not in maven-site-plugin <configuration> as reportPlugins parameter.
[WARNING] 
[WARNING] Some problems were encountered while building the effective model for org.kuali.rice:rice-kim-ldap:jar:2.4.3-SNAPSHOT
[WARNING] 'build.plugins.plugin.version' for org.codehaus.gmaven:gmaven-plugin is missing. @ org.kuali.rice:rice:2.4.3-SNAPSHOT, C:\projects\rice\pom.xml, line 1304, column 15
[WARNING] Reporting configuration should be done in <reporting> section, not in maven-site-plugin <configuration> as reportPlugins parameter.
[WARNING] 
[WARNING] Some problems were encountered while building the effective model for org.kuali.rice:rice-kim:pom:2.4.3-SNAPSHOT
[WARNING] 'build.plugins.plugin.version' for org.codehaus.gmaven:gmaven-plugin is missing. @ org.kuali.rice:rice:2.4.3-SNAPSHOT, C:\projects\rice\pom.xml, line 1304, column 15
[WARNING] Reporting configuration should be done in <reporting> section, not in maven-site-plugin <configuration> as reportPlugins parameter.
[WARNING] 
[WARNING] Some problems were encountered while building the effective model for org.kuali.rice:rice-kns:jar:2.4.3-SNAPSHOT
[WARNING] 'build.plugins.plugin.version' for org.codehaus.gmaven:gmaven-plugin is missing. @ org.kuali.rice:rice:2.4.3-SNAPSHOT, C:\projects\rice\pom.xml, line 1304, column 15
[WARNING] Reporting configuration should be done in <reporting> section, not in maven-site-plugin <configuration> as reportPlugins parameter.
[WARNING] 
[WARNING] Some problems were encountered while building the effective model for org.kuali.rice:rice-krms-api:jar:2.4.3-SNAPSHOT
[WARNING] 'build.plugins.plugin.version' for org.codehaus.gmaven:gmaven-plugin is missing. @ org.kuali.rice:rice:2.4.3-SNAPSHOT, C:\projects\rice\pom.xml, line 1304, column 15
[WARNING] Reporting configuration should be done in <reporting> section, not in maven-site-plugin <configuration> as reportPlugins parameter.
[WARNING] 
[WARNING] Some problems were encountered while building the effective model for org.kuali.rice:rice-krms-framework:jar:2.4.3-SNAPSHOT
[WARNING] 'build.plugins.plugin.version' for org.codehaus.gmaven:gmaven-plugin is missing. @ org.kuali.rice:rice:2.4.3-SNAPSHOT, C:\projects\rice\pom.xml, line 1304, column 15
[WARNING] Reporting configuration should be done in <reporting> section, not in maven-site-plugin <configuration> as reportPlugins parameter.
[WARNING] 
[WARNING] Some problems were encountered while building the effective model for org.kuali.rice:rice-krms-impl:jar:2.4.3-SNAPSHOT
[WARNING] 'build.plugins.plugin.version' for org.codehaus.gmaven:gmaven-plugin is missing. @ org.kuali.rice:rice:2.4.3-SNAPSHOT, C:\projects\rice\pom.xml, line 1304, column 15
[WARNING] Reporting configuration should be done in <reporting> section, not in maven-site-plugin <configuration> as reportPlugins parameter.
[WARNING] 
[WARNING] Some problems were encountered while building the effective model for org.kuali.rice:rice-krms-gen:jar:2.4.3-SNAPSHOT
[WARNING] 'build.plugins.plugin.version' for org.codehaus.gmaven:gmaven-plugin is missing. @ org.kuali.rice:rice:2.4.3-SNAPSHOT, C:\projects\rice\pom.xml, line 1304, column 15
[WARNING] Reporting configuration should be done in <reporting> section, not in maven-site-plugin <configuration> as reportPlugins parameter.
[WARNING] 
[WARNING] Some problems were encountered while building the effective model for org.kuali.rice:rice-krms:pom:2.4.3-SNAPSHOT
[WARNING] 'build.plugins.plugin.version' for org.codehaus.gmaven:gmaven-plugin is missing. @ org.kuali.rice:rice:2.4.3-SNAPSHOT, C:\projects\rice\pom.xml, line 1304, column 15
[WARNING] Reporting configuration should be done in <reporting> section, not in maven-site-plugin <configuration> as reportPlugins parameter.
[WARNING] 
[WARNING] Some problems were encountered while building the effective model for org.kuali.rice:rice-ksb-api:jar:2.4.3-SNAPSHOT
[WARNING] 'build.plugins.plugin.version' for org.codehaus.gmaven:gmaven-plugin is missing. @ org.kuali.rice:rice:2.4.3-SNAPSHOT, C:\projects\rice\pom.xml, line 1304, column 15
[WARNING] Reporting configuration should be done in <reporting> section, not in maven-site-plugin <configuration> as reportPlugins parameter.
[WARNING] 
[WARNING] Some problems were encountered while building the effective model for org.kuali.rice:rice-ksb-client-impl:jar:2.4.3-SNAPSHOT
[WARNING] 'build.plugins.plugin.version' for org.codehaus.gmaven:gmaven-plugin is missing. @ org.kuali.rice:rice:2.4.3-SNAPSHOT, C:\projects\rice\pom.xml, line 1304, column 15
[WARNING] Reporting configuration should be done in <reporting> section, not in maven-site-plugin <configuration> as reportPlugins parameter.
[WARNING] 
[WARNING] Some problems were encountered while building the effective model for org.kuali.rice:rice-ksb-server-impl:jar:2.4.3-SNAPSHOT
[WARNING] 'build.plugins.plugin.version' for org.codehaus.gmaven:gmaven-plugin is missing. @ org.kuali.rice:rice:2.4.3-SNAPSHOT, C:\projects\rice\pom.xml, line 1304, column 15
[WARNING] Reporting configuration should be done in <reporting> section, not in maven-site-plugin <configuration> as reportPlugins parameter.
[WARNING] 
[WARNING] Some problems were encountered while building the effective model for org.kuali.rice:rice-ksb-web:jar:2.4.3-SNAPSHOT
[WARNING] 'build.plugins.plugin.version' for org.codehaus.gmaven:gmaven-plugin is missing. @ org.kuali.rice:rice:2.4.3-SNAPSHOT, C:\projects\rice\pom.xml, line 1304, column 15
[WARNING] Reporting configuration should be done in <reporting> section, not in maven-site-plugin <configuration> as reportPlugins parameter.
[WARNING] 
[WARNING] Some problems were encountered while building the effective model for org.kuali.rice:rice-ksb:pom:2.4.3-SNAPSHOT
[WARNING] 'build.plugins.plugin.version' for org.codehaus.gmaven:gmaven-plugin is missing. @ org.kuali.rice:rice:2.4.3-SNAPSHOT, C:\projects\rice\pom.xml, line 1304, column 15
[WARNING] Reporting configuration should be done in <reporting> section, not in maven-site-plugin <configuration> as reportPlugins parameter.
[WARNING] 
[WARNING] Some problems were encountered while building the effective model for org.kuali.rice:rice-location-api:jar:2.4.3-SNAPSHOT
[WARNING] 'build.plugins.plugin.version' for org.codehaus.gmaven:gmaven-plugin is missing. @ org.kuali.rice:rice:2.4.3-SNAPSHOT, C:\projects\rice\pom.xml, line 1304, column 15
[WARNING] Reporting configuration should be done in <reporting> section, not in maven-site-plugin <configuration> as reportPlugins parameter.
[WARNING] 
[WARNING] Some problems were encountered while building the effective model for org.kuali.rice:rice-location-impl:jar:2.4.3-SNAPSHOT
[WARNING] 'build.plugins.plugin.version' for org.codehaus.gmaven:gmaven-plugin is missing. @ org.kuali.rice:rice:2.4.3-SNAPSHOT, C:\projects\rice\pom.xml, line 1304, column 15
[WARNING] Reporting configuration should be done in <reporting> section, not in maven-site-plugin <configuration> as reportPlugins parameter.
[WARNING] 
[WARNING] Some problems were encountered while building the effective model for org.kuali.rice:rice-location-framework:jar:2.4.3-SNAPSHOT
[WARNING] 'build.plugins.plugin.version' for org.codehaus.gmaven:gmaven-plugin is missing. @ org.kuali.rice:rice:2.4.3-SNAPSHOT, C:\projects\rice\pom.xml, line 1304, column 15
[WARNING] Reporting configuration should be done in <reporting> section, not in maven-site-plugin <configuration> as reportPlugins parameter.
[WARNING] 
[WARNING] Some problems were encountered while building the effective model for org.kuali.rice:rice-location-web:jar:2.4.3-SNAPSHOT
[WARNING] 'build.plugins.plugin.version' for org.codehaus.gmaven:gmaven-plugin is missing. @ org.kuali.rice:rice:2.4.3-SNAPSHOT, C:\projects\rice\pom.xml, line 1304, column 15
[WARNING] Reporting configuration should be done in <reporting> section, not in maven-site-plugin <configuration> as reportPlugins parameter.
[WARNING] 
[WARNING] Some problems were encountered while building the effective model for org.kuali.rice:rice-location:pom:2.4.3-SNAPSHOT
[WARNING] 'build.plugins.plugin.version' for org.codehaus.gmaven:gmaven-plugin is missing. @ org.kuali.rice:rice:2.4.3-SNAPSHOT, C:\projects\rice\pom.xml, line 1304, column 15
[WARNING] Reporting configuration should be done in <reporting> section, not in maven-site-plugin <configuration> as reportPlugins parameter.
[WARNING] 
[WARNING] Some problems were encountered while building the effective model for org.kuali.rice:rice-sampleapp:war:2.4.3-SNAPSHOT
[WARNING] 'build.plugins.plugin.version' for org.codehaus.gmaven:gmaven-plugin is missing. @ org.kuali.rice:rice:2.4.3-SNAPSHOT, C:\projects\rice\pom.xml, line 1304, column 15
[WARNING] Reporting configuration should be done in <reporting> section, not in maven-site-plugin <configuration> as reportPlugins parameter.
[WARNING] 
[WARNING] Some problems were encountered while building the effective model for org.kuali.rice:rice-serviceregistry:war:2.4.3-SNAPSHOT
[WARNING] 'build.plugins.plugin.version' for org.codehaus.gmaven:gmaven-plugin is missing. @ org.kuali.rice:rice:2.4.3-SNAPSHOT, C:\projects\rice\pom.xml, line 1304, column 15
[WARNING] Reporting configuration should be done in <reporting> section, not in maven-site-plugin <configuration> as reportPlugins parameter.
[WARNING] 
[WARNING] Some problems were encountered while building the effective model for org.kuali.rice:rice-standalone:war:2.4.3-SNAPSHOT
[WARNING] 'build.plugins.plugin.version' for org.codehaus.gmaven:gmaven-plugin is missing. @ org.kuali.rice:rice:2.4.3-SNAPSHOT, C:\projects\rice\pom.xml, line 1304, column 15
[WARNING] Reporting configuration should be done in <reporting> section, not in maven-site-plugin <configuration> as reportPlugins parameter.
[WARNING] 
[WARNING] Some problems were encountered while building the effective model for org.kuali.rice:rice-web:war:2.4.3-SNAPSHOT
[WARNING] 'build.plugins.plugin.version' for org.codehaus.gmaven:gmaven-plugin is missing. @ org.kuali.rice:rice:2.4.3-SNAPSHOT, C:\projects\rice\pom.xml, line 1304, column 15
[WARNING] Reporting configuration should be done in <reporting> section, not in maven-site-plugin <configuration> as reportPlugins parameter.
[WARNING] 
[WARNING] Some problems were encountered while building the effective model for org.kuali.rice:rice-middleware:pom:2.4.3-SNAPSHOT
[WARNING] 'build.plugins.plugin.version' for org.codehaus.gmaven:gmaven-plugin is missing. @ org.kuali.rice:rice:2.4.3-SNAPSHOT, C:\projects\rice\pom.xml, line 1304, column 15
[WARNING] Reporting configuration should be done in <reporting> section, not in maven-site-plugin <configuration> as reportPlugins parameter.
[WARNING] 
[WARNING] Some problems were encountered while building the effective model for org.kuali.rice:rice-krad-data:jar:2.4.3-SNAPSHOT
[WARNING] 'build.plugins.plugin.version' for org.codehaus.gmaven:gmaven-plugin is missing. @ org.kuali.rice:rice:2.4.3-SNAPSHOT, C:\projects\rice\pom.xml, line 1304, column 15
[WARNING] Reporting configuration should be done in <reporting> section, not in maven-site-plugin <configuration> as reportPlugins parameter.
[WARNING] 
[WARNING] Some problems were encountered while building the effective model for org.kuali.rice:rice-krad-app-framework:jar:2.4.3-SNAPSHOT
[WARNING] 'build.plugins.plugin.version' for org.codehaus.gmaven:gmaven-plugin is missing. @ org.kuali.rice:rice:2.4.3-SNAPSHOT, C:\projects\rice\pom.xml, line 1304, column 15
[WARNING] Reporting configuration should be done in <reporting> section, not in maven-site-plugin <configuration> as reportPlugins parameter.
[WARNING] 
[WARNING] Some problems were encountered while building the effective model for org.kuali.rice:rice-krad-development-tools:jar:2.4.3-SNAPSHOT
[WARNING] 'build.plugins.plugin.version' for org.codehaus.gmaven:gmaven-plugin is missing. @ org.kuali.rice:rice:2.4.3-SNAPSHOT, C:\projects\rice\pom.xml, line 1304, column 15
[WARNING] Reporting configuration should be done in <reporting> section, not in maven-site-plugin <configuration> as reportPlugins parameter.
[WARNING] 
[WARNING] Some problems were encountered while building the effective model for org.kuali.rice:rice-it-krad:jar:2.4.3-SNAPSHOT
[WARNING] 'build.plugins.plugin.version' for org.codehaus.gmaven:gmaven-plugin is missing. @ org.kuali.rice:rice:2.4.3-SNAPSHOT, C:\projects\rice\pom.xml, line 1304, column 15
[WARNING] Reporting configuration should be done in <reporting> section, not in maven-site-plugin <configuration> as reportPlugins parameter.
[WARNING] 
[WARNING] Some problems were encountered while building the effective model for org.kuali.rice:rice-krad-sampleapp-impl:jar:2.4.3-SNAPSHOT
[WARNING] 'build.plugins.plugin.version' for org.codehaus.gmaven:gmaven-plugin is missing. @ org.kuali.rice:rice:2.4.3-SNAPSHOT, C:\projects\rice\pom.xml, line 1304, column 15
[WARNING] Reporting configuration should be done in <reporting> section, not in maven-site-plugin <configuration> as reportPlugins parameter.
[WARNING] 
[WARNING] Some problems were encountered while building the effective model for org.kuali.rice:rice-krad-sampleapp-web:war:2.4.3-SNAPSHOT
[WARNING] 'build.plugins.plugin.version' for org.codehaus.gmaven:gmaven-plugin is missing. @ org.kuali.rice:rice:2.4.3-SNAPSHOT, C:\projects\rice\pom.xml, line 1304, column 15
[WARNING] Reporting configuration should be done in <reporting> section, not in maven-site-plugin <configuration> as reportPlugins parameter.
[WARNING] 
[WARNING] Some problems were encountered while building the effective model for org.kuali.rice:rice-krad-sampleapp:pom:2.4.3-SNAPSHOT
[WARNING] 'build.plugins.plugin.version' for org.codehaus.gmaven:gmaven-plugin is missing. @ org.kuali.rice:rice:2.4.3-SNAPSHOT, C:\projects\rice\pom.xml, line 1304, column 15
[WARNING] Reporting configuration should be done in <reporting> section, not in maven-site-plugin <configuration> as reportPlugins parameter.
[WARNING] 
[WARNING] Some problems were encountered while building the effective model for org.kuali.rice:rice-krad-service-impl:jar:2.4.3-SNAPSHOT
[WARNING] 'build.plugins.plugin.version' for org.codehaus.gmaven:gmaven-plugin is missing. @ org.kuali.rice:rice:2.4.3-SNAPSHOT, C:\projects\rice\pom.xml, line 1304, column 15
[WARNING] Reporting configuration should be done in <reporting> section, not in maven-site-plugin <configuration> as reportPlugins parameter.
[WARNING] 
[WARNING] Some problems were encountered while building the effective model for org.kuali.rice:rice-krad-web:war:2.4.3-SNAPSHOT
[WARNING] 'build.plugins.plugin.version' for org.codehaus.gmaven:gmaven-plugin is missing. @ org.kuali.rice:rice:2.4.3-SNAPSHOT, C:\projects\rice\pom.xml, line 1304, column 15
[WARNING] Reporting configuration should be done in <reporting> section, not in maven-site-plugin <configuration> as reportPlugins parameter.
[WARNING] 
[WARNING] Some problems were encountered while building the effective model for org.kuali.rice:rice-krad-web-framework:jar:2.4.3-SNAPSHOT
[WARNING] 'build.plugins.plugin.version' for org.codehaus.gmaven:gmaven-plugin is missing. @ org.kuali.rice:rice:2.4.3-SNAPSHOT, C:\projects\rice\pom.xml, line 1304, column 15
[WARNING] Reporting configuration should be done in <reporting> section, not in maven-site-plugin <configuration> as reportPlugins parameter.
[WARNING] 
[WARNING] Some problems were encountered while building the effective model for org.kuali.rice:rice-krad-theme-builder:jar:2.4.3-SNAPSHOT
[WARNING] 'build.plugins.plugin.version' for org.codehaus.gmaven:gmaven-plugin is missing. @ org.kuali.rice:rice:2.4.3-SNAPSHOT, C:\projects\rice\pom.xml, line 1304, column 15
[WARNING] Reporting configuration should be done in <reporting> section, not in maven-site-plugin <configuration> as reportPlugins parameter.
[WARNING] 
[WARNING] Some problems were encountered while building the effective model for org.kuali.rice:rice-krad-theme-builder-test:war:2.4.3-SNAPSHOT
[WARNING] 'build.plugins.plugin.version' for org.codehaus.gmaven:gmaven-plugin is missing. @ org.kuali.rice:rice:2.4.3-SNAPSHOT, C:\projects\rice\pom.xml, line 1304, column 15
[WARNING] Reporting configuration should be done in <reporting> section, not in maven-site-plugin <configuration> as reportPlugins parameter.
[WARNING] 
[WARNING] Some problems were encountered while building the effective model for org.kuali.rice:rice-framework:pom:2.4.3-SNAPSHOT
[WARNING] 'build.plugins.plugin.version' for org.codehaus.gmaven:gmaven-plugin is missing. @ org.kuali.rice:rice:2.4.3-SNAPSHOT, C:\projects\rice\pom.xml, line 1304, column 15
[WARNING] Reporting configuration should be done in <reporting> section, not in maven-site-plugin <configuration> as reportPlugins parameter.
[WARNING] 
[WARNING] Some problems were encountered while building the effective model for org.kuali.rice:rice-archetype-quickstart:maven-archetype:2.4.3-SNAPSHOT
[WARNING] 'build.plugins.plugin.version' for org.codehaus.gmaven:gmaven-plugin is missing. @ org.kuali.rice:rice-config:[unknown-version], C:\projects\rice\config\pom.xml, line 40, column 15
[WARNING] Reporting configuration should be done in <reporting> section, not in maven-site-plugin <configuration> as reportPlugins parameter.
[WARNING] 
[WARNING] Some problems were encountered while building the effective model for org.kuali.rice:rice-archetype:pom:2.4.3-SNAPSHOT
[WARNING] 'build.plugins.plugin.version' for org.codehaus.gmaven:gmaven-plugin is missing. @ org.kuali.rice:rice-config:[unknown-version], C:\projects\rice\config\pom.xml, line 40, column 15
[WARNING] Reporting configuration should be done in <reporting> section, not in maven-site-plugin <configuration> as reportPlugins parameter.
[WARNING] 
[WARNING] Some problems were encountered while building the effective model for org.kuali.rice:rice-checkstyle:jar:2.4.3-SNAPSHOT
[WARNING] 'build.plugins.plugin.version' for org.codehaus.gmaven:gmaven-plugin is missing. @ org.kuali.rice:rice-config:[unknown-version], C:\projects\rice\config\pom.xml, line 40, column 15
[WARNING] Reporting configuration should be done in <reporting> section, not in maven-site-plugin <configuration> as reportPlugins parameter.
[WARNING] 
[WARNING] Some problems were encountered while building the effective model for org.kuali.rice:rice-deploy:jar:2.4.3-SNAPSHOT
[WARNING] 'build.plugins.plugin.version' for org.codehaus.gmaven:gmaven-plugin is missing. @ org.kuali.rice:rice-config:[unknown-version], C:\projects\rice\config\pom.xml, line 40, column 15
[WARNING] Reporting configuration should be done in <reporting> section, not in maven-site-plugin <configuration> as reportPlugins parameter.
[WARNING] 
[WARNING] Some problems were encountered while building the effective model for org.kuali.rice:rice-config:pom:2.4.3-SNAPSHOT
[WARNING] 'build.plugins.plugin.version' for org.codehaus.gmaven:gmaven-plugin is missing. @ org.kuali.rice:rice-config:[unknown-version], C:\projects\rice\config\pom.xml, line 40, column 15
[WARNING] Reporting configuration should be done in <reporting> section, not in maven-site-plugin <configuration> as reportPlugins parameter.
[WARNING] 
[WARNING] Some problems were encountered while building the effective model for org.kuali.rice:rice-dist:pom:2.4.3-SNAPSHOT
[WARNING] 'build.plugins.plugin.version' for org.codehaus.gmaven:gmaven-plugin is missing. @ org.kuali.rice:rice:2.4.3-SNAPSHOT, C:\projects\rice\pom.xml, line 1304, column 15
[WARNING] Reporting configuration should be done in <reporting> section, not in maven-site-plugin <configuration> as reportPlugins parameter.
[WARNING] 
[WARNING] Some problems were encountered while building the effective model for org.kuali.rice:rice:pom:2.4.3-SNAPSHOT
[WARNING] 'build.pluginManagement.plugins.plugin.(groupId:artifactId)' must be unique but found duplicate declaration of plugin org.apache.maven.plugins:maven-compiler-plugin @ line 908, column 17
[WARNING] 'build.plugins.plugin.version' for org.codehaus.gmaven:gmaven-plugin is missing. @ line 1304, column 15
[WARNING] Reporting configuration should be done in <reporting> section, not in maven-site-plugin <configuration> as reportPlugins parameter.
[WARNING] 
[WARNING] It is highly recommended to fix these problems because they threaten the stability of your build.
[WARNING] 
[WARNING] For this reason, future Maven versions might no longer support building such malformed projects.
[WARNING] 
[INFO] ------------------------------------------------------------------------
[INFO] Reactor Build Order:
[INFO] 
[INFO] Rice                                                               [pom]
[INFO] Rice Middleware                                                    [pom]
[INFO] Rice Core                                                          [pom]
[INFO] Rice Core API                                                      [jar]
[INFO] Rice DB                                                            [pom]
[INFO] Rice Sql                                                           [jar]
[INFO] Rice Impex                                                         [pom]
[INFO] Rice Impex Master                                                  [jar]
[INFO] Rice Impex Server                                                  [pom]
[INFO] Rice Impex Server Demo                                             [jar]
[INFO] Rice Impex Server Bootstrap                                        [jar]
[INFO] Rice Impex Client                                                  [pom]
[INFO] Rice Impex Client Demo                                             [jar]
[INFO] Rice Impex Client Bootstrap                                        [jar]
[INFO] Rice Core Service                                                  [pom]
[INFO] Rice Core Service API                                              [jar]
[INFO] Rice Core Framework                                                [jar]
[INFO] Rice Core Service Framework                                        [jar]
[INFO] Rice KSB                                                           [pom]
[INFO] Rice KSB API                                                       [jar]
[INFO] Rice KEW                                                           [pom]
[INFO] Rice KEW API                                                       [jar]
[INFO] Rice KEN                                                           [pom]
[INFO] Rice KEN API                                                       [jar]
[INFO] Rice KEW Framework                                                 [jar]
[INFO] Rice KIM                                                           [pom]
[INFO] Rice KIM API                                                       [jar]
[INFO] Rice Location                                                      [pom]
[INFO] Rice Location API                                                  [jar]
[INFO] Rice Framework                                                     [pom]
[INFO] rice-krad-data                                                     [jar]
[INFO] Rice KRAD Application Framework                                    [jar]
[INFO] Rice KIM Framework                                                 [jar]
[INFO] Rice KRAD Theme Builder                                            [jar]
[INFO] Rice KRAD Web                                                      [war]
[INFO] Rice KRAD Web Framework                                            [jar]
[INFO] Rice KEW Impl                                                      [jar]
[INFO] Rice KNS                                                           [jar]
[INFO] Rice Core Impl                                                     [jar]
[INFO] Rice Core Service Impl                                             [jar]
[INFO] Rice KIM Impl                                                      [jar]
[INFO] Rice Core Service Web                                              [jar]
[INFO] Rice Core Web                                                      [jar]
[INFO] Rice KSB Client Implementation                                     [jar]
[INFO] Rice KSB Server Implementation                                     [jar]
[INFO] Rice Location Framework                                            [jar]
[INFO] Rice Location Impl                                                 [jar]
[INFO] Rice Location Web                                                  [jar]
[INFO] Rice KRMS                                                          [pom]
[INFO] Rice KRMS API                                                      [jar]
[INFO] Rice EDL                                                           [pom]
[INFO] Rice EDL Framework                                                 [jar]
[INFO] Rice KRAD Service Impl                                             [jar]
[INFO] Rice Implementation                                                [jar]
[INFO] Rice Xml                                                           [jar]
[INFO] Rice Development Tools                                             [jar]
[INFO] Rice Testing Tools                                                 [jar]
[INFO] Rice Client Contrib                                                [jar]
[INFO] Rice EDL Impl                                                      [jar]
[INFO] Rice KSB Web Application                                           [jar]
[INFO] Rice Integration Test                                              [pom]
[INFO] Rice Integration Test Internal Tools                               [jar]
[INFO] Rice Integration Test Config                                       [jar]
[INFO] Rice KRAD Sample Application                                       [pom]
[INFO] Rice KRAD Sample Application Implementation                        [jar]
[INFO] Rice KRAD Integration Test                                         [jar]
[INFO] Rice Integration Test Core                                         [jar]
[INFO] rice-it-kns                                                        [jar]
[INFO] Rice Integration Test KSB                                          [jar]
[INFO] Rice LDAP Connector                                                [jar]
[INFO] Rice Integration Test KIM                                          [jar]
[INFO] Rice KRMS Framework                                                [jar]
[INFO] Rice KRMS Impl                                                     [jar]
[INFO] Rice Integration Test KEW                                          [jar]
[INFO] Rice Integration Test KEN                                          [jar]
[INFO] Rice Integration Test KCB                                          [jar]
[INFO] Rice Integration Test Impl                                         [jar]
[INFO] Rice Integration Test EDL                                          [jar]
[INFO] Rice Integration Test Location                                     [jar]
[INFO] Rice Integration Test KRMS                                         [jar]
[INFO] Rice Integration Test Remote                                       [jar]
[INFO] Rice Integration Test Version Compatibility                        [jar]
[INFO] Rice KRMS Gen                                                      [jar]
[INFO] Rice Web                                                           [war]
[INFO] Rice Sample App                                                    [war]
[INFO] Rice KSB Server Registry                                           [war]
[INFO] Rice Standalone Server                                             [war]
[INFO] Rice KRAD Development Tools                                        [jar]
[INFO] Rice CM                                                            [pom]
[INFO] Rice Deploy                                                        [jar]
[INFO] Rice KRAD Sample Application Web                                   [war]
[INFO] rice-krad-theme-builder-test                                       [war]
[INFO] Rice Archetype                                                     [pom]
[INFO] Rice Archetype Quickstart Project                      [maven-archetype]
[INFO] Rice Checkstyle                                                    [jar]
[INFO] Rice Distributions                                                 [pom]
[INFO] 
[INFO] ------------------------< org.kuali.rice:rice >-------------------------
[INFO] Building Rice 2.4.3-SNAPSHOT                                      [1/96]
[INFO] --------------------------------[ pom ]---------------------------------
[INFO] 
[INFO] --- maven-clean-plugin:2.5:clean (default-clean) @ rice ---
[INFO] 
[INFO] --- maven-enforcer-plugin:3.0.0-M2:enforce (enforce-banned-dependencies) @ rice ---
[INFO] 
[INFO] >>> spring-maven-plugin:3.0.4:load (project-augment) > :load @ rice >>>
[INFO] 
[INFO] <<< spring-maven-plugin:3.0.4:load (project-augment) < :load @ rice <<<
[INFO] 
[INFO] 
[INFO] --- spring-maven-plugin:3.0.4:load (project-augment) @ rice ---
[INFO] Refreshing org.springframework.context.support.GenericXmlApplicationContext@7426a448: startup date [Mon Dec 03 17:01:32 EST 2018]; root of context hierarchy
[INFO] Pre-instantiating singletons in org.springframework.beans.factory.support.DefaultListableBeanFactory@63cf9de0: defining beans []; root of factory hierarchy
[INFO] Refreshing org.springframework.context.annotation.AnnotationConfigApplicationContext@73c3cd09: startup date [Mon Dec 03 17:01:32 EST 2018]; parent: org.springframework.context.support.GenericXmlApplicationContext@7426a448
[INFO] JSR-330 'javax.inject.Inject' annotation found and supported for autowiring
[INFO] Pre-instantiating singletons in org.springframework.beans.factory.support.DefaultListableBeanFactory@4da39ca9: defining beans [org.springframework.context.annotation.internalConfigurationAnnotationProcessor,org.springframework.context.annotation.internalAutowiredAnnotationProcessor,org.springframework.context.annotation.internalRequiredAnnotationProcessor,org.springframework.context.annotation.internalCommonAnnotationProcessor,mojoExecutableConfig,org.springframework.context.annotation.ConfigurationClassPostProcessor.importAwareProcessor,org.kuali.common.util.spring.service.SpringServiceConfig,springService,propertySourceService,environmentService,org.kuali.maven.plugins.spring.config.SpringMojoServiceConfig,springMojoService,org.kuali.common.util.xml.spring.Log4JXmlServiceConfig,xmlService,org.kuali.common.util.log.log4j.spring.Log4JConfig,log4JContextMaven,log4JContextDebug,log4JContextDefault,log4JContextJAXB,log4jService,log4JContextTest,org.kuali.maven.plugins.spring.config.MojoConfig,log4JExecutable,mojoServiceExecutable,mojoExecutable,getExecutable]; parent: org.springframework.beans.factory.support.DefaultListableBeanFactory@63cf9de0
[INFO] Forced mojo execution
[INFO] Refreshing org.springframework.context.support.GenericXmlApplicationContext@53dd42d6: startup date [Mon Dec 03 17:01:33 EST 2018]; root of context hierarchy
[INFO] Pre-instantiating singletons in org.springframework.beans.factory.support.DefaultListableBeanFactory@447fa959: defining beans []; root of factory hierarchy
[INFO] Refreshing org.springframework.context.annotation.AnnotationConfigApplicationContext@3e4d40ea: startup date [Mon Dec 03 17:01:33 EST 2018]; parent: org.springframework.context.support.GenericXmlApplicationContext@53dd42d6
[INFO] JSR-330 'javax.inject.Inject' annotation found and supported for autowiring
[INFO] Pre-instantiating singletons in org.springframework.beans.factory.support.DefaultListableBeanFactory@2c9d90fc: defining beans [org.springframework.context.annotation.internalConfigurationAnnotationProcessor,org.springframework.context.annotation.internalAutowiredAnnotationProcessor,org.springframework.context.annotation.internalRequiredAnnotationProcessor,org.springframework.context.annotation.internalCommonAnnotationProcessor,projectPropertySourceConfig,org.springframework.context.annotation.ConfigurationClassPostProcessor.importAwareProcessor,projectPropertySource]; parent: org.springframework.beans.factory.support.DefaultListableBeanFactory@447fa959
[INFO] Loading - [org.kuali.common.maven.spring.AugmentMavenPropertiesConfig]
[INFO] Refreshing Spring Maven Plugin : Load : 1: startup date [Mon Dec 03 17:01:33 EST 2018]; root of context hierarchy
[INFO] Pre-instantiating singletons in org.springframework.beans.factory.support.DefaultListableBeanFactory@15605d83: defining beans []; root of factory hierarchy
[INFO] Refreshing org.springframework.context.annotation.AnnotationConfigApplicationContext@1fb2eec: startup date [Mon Dec 03 17:01:33 EST 2018]; parent: Spring Maven Plugin : Load : 1
[INFO] JSR-330 'javax.inject.Inject' annotation found and supported for autowiring
[INFO] Pre-instantiating singletons in org.springframework.beans.factory.support.DefaultListableBeanFactory@6da54910: defining beans [org.springframework.context.annotation.internalConfigurationAnnotationProcessor,org.springframework.context.annotation.internalAutowiredAnnotationProcessor,org.springframework.context.annotation.internalRequiredAnnotationProcessor,org.springframework.context.annotation.internalCommonAnnotationProcessor,augmentMavenPropertiesConfig,org.springframework.context.annotation.ConfigurationClassPostProcessor.importAwareProcessor,augmentMavenProperties]; parent: org.springframework.beans.factory.support.DefaultListableBeanFactory@15605d83
[INFO] Closing org.springframework.context.annotation.AnnotationConfigApplicationContext@1fb2eec: startup date [Mon Dec 03 17:01:33 EST 2018]; parent: Spring Maven Plugin : Load : 1
[INFO] Destroying singletons in org.springframework.beans.factory.support.DefaultListableBeanFactory@6da54910: defining beans [org.springframework.context.annotation.internalConfigurationAnnotationProcessor,org.springframework.context.annotation.internalAutowiredAnnotationProcessor,org.springframework.context.annotation.internalRequiredAnnotationProcessor,org.springframework.context.annotation.internalCommonAnnotationProcessor,augmentMavenPropertiesConfig,org.springframework.context.annotation.ConfigurationClassPostProcessor.importAwareProcessor,augmentMavenProperties]; parent: org.springframework.beans.factory.support.DefaultListableBeanFactory@15605d83
[INFO] Closing org.springframework.context.annotation.AnnotationConfigApplicationContext@73c3cd09: startup date [Mon Dec 03 17:01:32 EST 2018]; parent: org.springframework.context.support.GenericXmlApplicationContext@7426a448
[INFO] Destroying singletons in org.springframework.beans.factory.support.DefaultListableBeanFactory@4da39ca9: defining beans [org.springframework.context.annotation.internalConfigurationAnnotationProcessor,org.springframework.context.annotation.internalAutowiredAnnotationProcessor,org.springframework.context.annotation.internalRequiredAnnotationProcessor,org.springframework.context.annotation.internalCommonAnnotationProcessor,mojoExecutableConfig,org.springframework.context.annotation.ConfigurationClassPostProcessor.importAwareProcessor,org.kuali.common.util.spring.service.SpringServiceConfig,springService,propertySourceService,environmentService,org.kuali.maven.plugins.spring.config.SpringMojoServiceConfig,springMojoService,org.kuali.common.util.xml.spring.Log4JXmlServiceConfig,xmlService,org.kuali.common.util.log.log4j.spring.Log4JConfig,log4JContextMaven,log4JContextDebug,log4JContextDefault,log4JContextJAXB,log4jService,log4JContextTest,org.kuali.maven.plugins.spring.config.MojoConfig,log4JExecutable,mojoServiceExecutable,mojoExecutable,getExecutable]; parent: org.springframework.beans.factory.support.DefaultListableBeanFactory@63cf9de0
[INFO] 
[INFO] >>> spring-maven-plugin:3.0.4:load (project-metainf) > :load @ rice >>>
[INFO] 
[INFO] <<< spring-maven-plugin:3.0.4:load (project-metainf) < :load @ rice <<<
[INFO] 
[INFO] 
[INFO] --- spring-maven-plugin:3.0.4:load (project-metainf) @ rice ---
[INFO] Refreshing org.springframework.context.support.GenericXmlApplicationContext@382d71c7: startup date [Mon Dec 03 17:01:33 EST 2018]; root of context hierarchy
[INFO] Pre-instantiating singletons in org.springframework.beans.factory.support.DefaultListableBeanFactory@34a20f16: defining beans []; root of factory hierarchy
[INFO] Refreshing org.springframework.context.annotation.AnnotationConfigApplicationContext@496cc217: startup date [Mon Dec 03 17:01:33 EST 2018]; parent: org.springframework.context.support.GenericXmlApplicationContext@382d71c7
[INFO] JSR-330 'javax.inject.Inject' annotation found and supported for autowiring
[INFO] Pre-instantiating singletons in org.springframework.beans.factory.support.DefaultListableBeanFactory@1cd2ff5b: defining beans [org.springframework.context.annotation.internalConfigurationAnnotationProcessor,org.springframework.context.annotation.internalAutowiredAnnotationProcessor,org.springframework.context.annotation.internalRequiredAnnotationProcessor,org.springframework.context.annotation.internalCommonAnnotationProcessor,mojoExecutableConfig,org.springframework.context.annotation.ConfigurationClassPostProcessor.importAwareProcessor,org.kuali.common.util.spring.service.SpringServiceConfig,springService,propertySourceService,environmentService,org.kuali.maven.plugins.spring.config.SpringMojoServiceConfig,springMojoService,org.kuali.common.util.xml.spring.Log4JXmlServiceConfig,xmlService,org.kuali.common.util.log.log4j.spring.Log4JConfig,log4JContextMaven,log4JContextDebug,log4JContextDefault,log4JContextJAXB,log4jService,log4JContextTest,org.kuali.maven.plugins.spring.config.MojoConfig,log4JExecutable,mojoServiceExecutable,mojoExecutable,getExecutable]; parent: org.springframework.beans.factory.support.DefaultListableBeanFactory@34a20f16
[INFO] Skipping mojo execution for project with packaging type 'pom'
[INFO] Closing org.springframework.context.annotation.AnnotationConfigApplicationContext@496cc217: startup date [Mon Dec 03 17:01:33 EST 2018]; parent: org.springframework.context.support.GenericXmlApplicationContext@382d71c7
[INFO] Destroying singletons in org.springframework.beans.factory.support.DefaultListableBeanFactory@1cd2ff5b: defining beans [org.springframework.context.annotation.internalConfigurationAnnotationProcessor,org.springframework.context.annotation.internalAutowiredAnnotationProcessor,org.springframework.context.annotation.internalRequiredAnnotationProcessor,org.springframework.context.annotation.internalCommonAnnotationProcessor,mojoExecutableConfig,org.springframework.context.annotation.ConfigurationClassPostProcessor.importAwareProcessor,org.kuali.common.util.spring.service.SpringServiceConfig,springService,propertySourceService,environmentService,org.kuali.maven.plugins.spring.config.SpringMojoServiceConfig,springMojoService,org.kuali.common.util.xml.spring.Log4JXmlServiceConfig,xmlService,org.kuali.common.util.log.log4j.spring.Log4JConfig,log4JContextMaven,log4JContextDebug,log4JContextDefault,log4JContextJAXB,log4jService,log4JContextTest,org.kuali.maven.plugins.spring.config.MojoConfig,log4JExecutable,mojoServiceExecutable,mojoExecutable,getExecutable]; parent: org.springframework.beans.factory.support.DefaultListableBeanFactory@34a20f16
[INFO] 
[INFO] --- maven-jar-plugin:2.4:test-jar (testjar) @ rice ---
[INFO] Skipping packaging of the test-jar
[INFO] 
[INFO] --- maven-failsafe-plugin:2.16:integration-test (integration-test) @ rice ---
[INFO] Tests are skipped.
[INFO] 
[INFO] --- maven-install-plugin:2.5.1:install (default-install) @ rice ---
[INFO] Installing C:\projects\rice\pom.xml to C:\Users\jawbenne\.m2\repository\org\kuali\rice\rice\2.4.3-SNAPSHOT\rice-2.4.3-SNAPSHOT.pom
[INFO] 
[INFO] -------------------< org.kuali.rice:rice-middleware >-------------------
[INFO] Building Rice Middleware 2.4.3-SNAPSHOT                           [2/96]
[INFO] --------------------------------[ pom ]---------------------------------
[INFO] 
[INFO] --- maven-clean-plugin:2.5:clean (default-clean) @ rice-middleware ---
[INFO] 
[INFO] --- maven-enforcer-plugin:3.0.0-M2:enforce (enforce-banned-dependencies) @ rice-middleware ---
[INFO] 
[INFO] >>> spring-maven-plugin:3.0.4:load (project-augment) > :load @ rice-middleware >>>
[INFO] 
[INFO] <<< spring-maven-plugin:3.0.4:load (project-augment) < :load @ rice-middleware <<<
[INFO] 
[INFO] 
[INFO] --- spring-maven-plugin:3.0.4:load (project-augment) @ rice-middleware ---
[INFO] Refreshing org.springframework.context.support.GenericXmlApplicationContext@4d4df0f4: startup date [Mon Dec 03 17:01:34 EST 2018]; root of context hierarchy
[INFO] Pre-instantiating singletons in org.springframework.beans.factory.support.DefaultListableBeanFactory@5e385b6f: defining beans []; root of factory hierarchy
[INFO] Refreshing org.springframework.context.annotation.AnnotationConfigApplicationContext@67b560fe: startup date [Mon Dec 03 17:01:34 EST 2018]; parent: org.springframework.context.support.GenericXmlApplicationContext@4d4df0f4
[INFO] JSR-330 'javax.inject.Inject' annotation found and supported for autowiring
[INFO] Pre-instantiating singletons in org.springframework.beans.factory.support.DefaultListableBeanFactory@14ed7ddf: defining beans [org.springframework.context.annotation.internalConfigurationAnnotationProcessor,org.springframework.context.annotation.internalAutowiredAnnotationProcessor,org.springframework.context.annotation.internalRequiredAnnotationProcessor,org.springframework.context.annotation.internalCommonAnnotationProcessor,mojoExecutableConfig,org.springframework.context.annotation.ConfigurationClassPostProcessor.importAwareProcessor,org.kuali.common.util.spring.service.SpringServiceConfig,springService,propertySourceService,environmentService,org.kuali.maven.plugins.spring.config.SpringMojoServiceConfig,springMojoService,org.kuali.common.util.xml.spring.Log4JXmlServiceConfig,xmlService,org.kuali.common.util.log.log4j.spring.Log4JConfig,log4JContextMaven,log4JContextDebug,log4JContextDefault,log4JContextJAXB,log4jService,log4JContextTest,org.kuali.maven.plugins.spring.config.MojoConfig,log4JExecutable,mojoServiceExecutable,mojoExecutable,getExecutable]; parent: org.springframework.beans.factory.support.DefaultListableBeanFactory@5e385b6f
[INFO] Forced mojo execution
[INFO] Refreshing org.springframework.context.support.GenericXmlApplicationContext@44d43cc9: startup date [Mon Dec 03 17:01:34 EST 2018]; root of context hierarchy
[INFO] Pre-instantiating singletons in org.springframework.beans.factory.support.DefaultListableBeanFactory@656ec00d: defining beans []; root of factory hierarchy
[INFO] Refreshing org.springframework.context.annotation.AnnotationConfigApplicationContext@3b8507df: startup date [Mon Dec 03 17:01:34 EST 2018]; parent: org.springframework.context.support.GenericXmlApplicationContext@44d43cc9
[INFO] JSR-330 'javax.inject.Inject' annotation found and supported for autowiring
[INFO] Pre-instantiating singletons in org.springframework.beans.factory.support.DefaultListableBeanFactory@451816fd: defining beans [org.springframework.context.annotation.internalConfigurationAnnotationProcessor,org.springframework.context.annotation.internalAutowiredAnnotationProcessor,org.springframework.context.annotation.internalRequiredAnnotationProcessor,org.springframework.context.annotation.internalCommonAnnotationProcessor,projectPropertySourceConfig,org.springframework.context.annotation.ConfigurationClassPostProcessor.importAwareProcessor,projectPropertySource]; parent: org.springframework.beans.factory.support.DefaultListableBeanFactory@656ec00d
[INFO] Loading - [org.kuali.common.maven.spring.AugmentMavenPropertiesConfig]
[INFO] Refreshing Spring Maven Plugin : Load : 2: startup date [Mon Dec 03 17:01:34 EST 2018]; root of context hierarchy
[INFO] Pre-instantiating singletons in org.springframework.beans.factory.support.DefaultListableBeanFactory@4d67d5a4: defining beans []; root of factory hierarchy
[INFO] Refreshing org.springframework.context.annotation.AnnotationConfigApplicationContext@a3b858f: startup date [Mon Dec 03 17:01:34 EST 2018]; parent: Spring Maven Plugin : Load : 2
[INFO] JSR-330 'javax.inject.Inject' annotation found and supported for autowiring
[INFO] Pre-instantiating singletons in org.springframework.beans.factory.support.DefaultListableBeanFactory@18d30e7: defining beans [org.springframework.context.annotation.internalConfigurationAnnotationProcessor,org.springframework.context.annotation.internalAutowiredAnnotationProcessor,org.springframework.context.annotation.internalRequiredAnnotationProcessor,org.springframework.context.annotation.internalCommonAnnotationProcessor,augmentMavenPropertiesConfig,org.springframework.context.annotation.ConfigurationClassPostProcessor.importAwareProcessor,augmentMavenProperties]; parent: org.springframework.beans.factory.support.DefaultListableBeanFactory@4d67d5a4
[INFO] Closing org.springframework.context.annotation.AnnotationConfigApplicationContext@a3b858f: startup date [Mon Dec 03 17:01:34 EST 2018]; parent: Spring Maven Plugin : Load : 2
[INFO] Destroying singletons in org.springframework.beans.factory.support.DefaultListableBeanFactory@18d30e7: defining beans [org.springframework.context.annotation.internalConfigurationAnnotationProcessor,org.springframework.context.annotation.internalAutowiredAnnotationProcessor,org.springframework.context.annotation.internalRequiredAnnotationProcessor,org.springframework.context.annotation.internalCommonAnnotationProcessor,augmentMavenPropertiesConfig,org.springframework.context.annotation.ConfigurationClassPostProcessor.importAwareProcessor,augmentMavenProperties]; parent: org.springframework.beans.factory.support.DefaultListableBeanFactory@4d67d5a4
[INFO] Closing org.springframework.context.annotation.AnnotationConfigApplicationContext@67b560fe: startup date [Mon Dec 03 17:01:34 EST 2018]; parent: org.springframework.context.support.GenericXmlApplicationContext@4d4df0f4
[INFO] Destroying singletons in org.springframework.beans.factory.support.DefaultListableBeanFactory@14ed7ddf: defining beans [org.springframework.context.annotation.internalConfigurationAnnotationProcessor,org.springframework.context.annotation.internalAutowiredAnnotationProcessor,org.springframework.context.annotation.internalRequiredAnnotationProcessor,org.springframework.context.annotation.internalCommonAnnotationProcessor,mojoExecutableConfig,org.springframework.context.annotation.ConfigurationClassPostProcessor.importAwareProcessor,org.kuali.common.util.spring.service.SpringServiceConfig,springService,propertySourceService,environmentService,org.kuali.maven.plugins.spring.config.SpringMojoServiceConfig,springMojoService,org.kuali.common.util.xml.spring.Log4JXmlServiceConfig,xmlService,org.kuali.common.util.log.log4j.spring.Log4JConfig,log4JContextMaven,log4JContextDebug,log4JContextDefault,log4JContextJAXB,log4jService,log4JContextTest,org.kuali.maven.plugins.spring.config.MojoConfig,log4JExecutable,mojoServiceExecutable,mojoExecutable,getExecutable]; parent: org.springframework.beans.factory.support.DefaultListableBeanFactory@5e385b6f
[INFO] 
[INFO] >>> spring-maven-plugin:3.0.4:load (project-metainf) > :load @ rice-middleware >>>
[INFO] 
[INFO] <<< spring-maven-plugin:3.0.4:load (project-metainf) < :load @ rice-middleware <<<
[INFO] 
[INFO] 
[INFO] --- spring-maven-plugin:3.0.4:load (project-metainf) @ rice-middleware ---
[INFO] Refreshing org.springframework.context.support.GenericXmlApplicationContext@2347b7af: startup date [Mon Dec 03 17:01:34 EST 2018]; root of context hierarchy
[INFO] Pre-instantiating singletons in org.springframework.beans.factory.support.DefaultListableBeanFactory@4b07cad0: defining beans []; root of factory hierarchy
[INFO] Refreshing org.springframework.context.annotation.AnnotationConfigApplicationContext@507049f2: startup date [Mon Dec 03 17:01:34 EST 2018]; parent: org.springframework.context.support.GenericXmlApplicationContext@2347b7af
[INFO] JSR-330 'javax.inject.Inject' annotation found and supported for autowiring
[INFO] Pre-instantiating singletons in org.springframework.beans.factory.support.DefaultListableBeanFactory@41bb1f09: defining beans [org.springframework.context.annotation.internalConfigurationAnnotationProcessor,org.springframework.context.annotation.internalAutowiredAnnotationProcessor,org.springframework.context.annotation.internalRequiredAnnotationProcessor,org.springframework.context.annotation.internalCommonAnnotationProcessor,mojoExecutableConfig,org.springframework.context.annotation.ConfigurationClassPostProcessor.importAwareProcessor,org.kuali.common.util.spring.service.SpringServiceConfig,springService,propertySourceService,environmentService,org.kuali.maven.plugins.spring.config.SpringMojoServiceConfig,springMojoService,org.kuali.common.util.xml.spring.Log4JXmlServiceConfig,xmlService,org.kuali.common.util.log.log4j.spring.Log4JConfig,log4JContextMaven,log4JContextDebug,log4JContextDefault,log4JContextJAXB,log4jService,log4JContextTest,org.kuali.maven.plugins.spring.config.MojoConfig,log4JExecutable,mojoServiceExecutable,mojoExecutable,getExecutable]; parent: org.springframework.beans.factory.support.DefaultListableBeanFactory@4b07cad0
[INFO] Skipping mojo execution for project with packaging type 'pom'
[INFO] Closing org.springframework.context.annotation.AnnotationConfigApplicationContext@507049f2: startup date [Mon Dec 03 17:01:34 EST 2018]; parent: org.springframework.context.support.GenericXmlApplicationContext@2347b7af
[INFO] Destroying singletons in org.springframework.beans.factory.support.DefaultListableBeanFactory@41bb1f09: defining beans [org.springframework.context.annotation.internalConfigurationAnnotationProcessor,org.springframework.context.annotation.internalAutowiredAnnotationProcessor,org.springframework.context.annotation.internalRequiredAnnotationProcessor,org.springframework.context.annotation.internalCommonAnnotationProcessor,mojoExecutableConfig,org.springframework.context.annotation.ConfigurationClassPostProcessor.importAwareProcessor,org.kuali.common.util.spring.service.SpringServiceConfig,springService,propertySourceService,environmentService,org.kuali.maven.plugins.spring.config.SpringMojoServiceConfig,springMojoService,org.kuali.common.util.xml.spring.Log4JXmlServiceConfig,xmlService,org.kuali.common.util.log.log4j.spring.Log4JConfig,log4JContextMaven,log4JContextDebug,log4JContextDefault,log4JContextJAXB,log4jService,log4JContextTest,org.kuali.maven.plugins.spring.config.MojoConfig,log4JExecutable,mojoServiceExecutable,mojoExecutable,getExecutable]; parent: org.springframework.beans.factory.support.DefaultListableBeanFactory@4b07cad0
[INFO] 
[INFO] --- maven-jar-plugin:2.4:test-jar (testjar) @ rice-middleware ---
[INFO] Skipping packaging of the test-jar
[INFO] 
[INFO] --- maven-failsafe-plugin:2.16:integration-test (integration-test) @ rice-middleware ---
[INFO] Tests are skipped.
[INFO] 
[INFO] --- maven-install-plugin:2.5.1:install (default-install) @ rice-middleware ---
[INFO] Installing C:\projects\rice\rice-middleware\pom.xml to C:\Users\jawbenne\.m2\repository\org\kuali\rice\rice-middleware\2.4.3-SNAPSHOT\rice-middleware-2.4.3-SNAPSHOT.pom
[INFO] 
[INFO] ----------------------< org.kuali.rice:rice-core >----------------------
[INFO] Building Rice Core 2.4.3-SNAPSHOT                                 [3/96]
[INFO] --------------------------------[ pom ]---------------------------------
[INFO] 
[INFO] --- maven-clean-plugin:2.5:clean (default-clean) @ rice-core ---
[INFO] 
[INFO] --- maven-enforcer-plugin:3.0.0-M2:enforce (enforce-banned-dependencies) @ rice-core ---
[INFO] 
[INFO] >>> spring-maven-plugin:3.0.4:load (project-augment) > :load @ rice-core >>>
[INFO] 
[INFO] <<< spring-maven-plugin:3.0.4:load (project-augment) < :load @ rice-core <<<
[INFO] 
[INFO] 
[INFO] --- spring-maven-plugin:3.0.4:load (project-augment) @ rice-core ---
[INFO] Refreshing org.springframework.context.support.GenericXmlApplicationContext@3375b118: startup date [Mon Dec 03 17:01:34 EST 2018]; root of context hierarchy
[INFO] Pre-instantiating singletons in org.springframework.beans.factory.support.DefaultListableBeanFactory@184751f3: defining beans []; root of factory hierarchy
[INFO] Refreshing org.springframework.context.annotation.AnnotationConfigApplicationContext@46ea78f0: startup date [Mon Dec 03 17:01:34 EST 2018]; parent: org.springframework.context.support.GenericXmlApplicationContext@3375b118
[INFO] JSR-330 'javax.inject.Inject' annotation found and supported for autowiring
[INFO] Pre-instantiating singletons in org.springframework.beans.factory.support.DefaultListableBeanFactory@6598caab: defining beans [org.springframework.context.annotation.internalConfigurationAnnotationProcessor,org.springframework.context.annotation.internalAutowiredAnnotationProcessor,org.springframework.context.annotation.internalRequiredAnnotationProcessor,org.springframework.context.annotation.internalCommonAnnotationProcessor,mojoExecutableConfig,org.springframework.context.annotation.ConfigurationClassPostProcessor.importAwareProcessor,org.kuali.common.util.spring.service.SpringServiceConfig,springService,propertySourceService,environmentService,org.kuali.maven.plugins.spring.config.SpringMojoServiceConfig,springMojoService,org.kuali.common.util.xml.spring.Log4JXmlServiceConfig,xmlService,org.kuali.common.util.log.log4j.spring.Log4JConfig,log4JContextMaven,log4JContextDebug,log4JContextDefault,log4JContextJAXB,log4jService,log4JContextTest,org.kuali.maven.plugins.spring.config.MojoConfig,log4JExecutable,mojoServiceExecutable,mojoExecutable,getExecutable]; parent: org.springframework.beans.factory.support.DefaultListableBeanFactory@184751f3
[INFO] Forced mojo execution
[INFO] Refreshing org.springframework.context.support.GenericXmlApplicationContext@65e4cb84: startup date [Mon Dec 03 17:01:34 EST 2018]; root of context hierarchy
[INFO] Pre-instantiating singletons in org.springframework.beans.factory.support.DefaultListableBeanFactory@5e0f2c82: defining beans []; root of factory hierarchy
[INFO] Refreshing org.springframework.context.annotation.AnnotationConfigApplicationContext@98637a2: startup date [Mon Dec 03 17:01:34 EST 2018]; parent: org.springframework.context.support.GenericXmlApplicationContext@65e4cb84
[INFO] JSR-330 'javax.inject.Inject' annotation found and supported for autowiring
[INFO] Pre-instantiating singletons in org.springframework.beans.factory.support.DefaultListableBeanFactory@141aba65: defining beans [org.springframework.context.annotation.internalConfigurationAnnotationProcessor,org.springframework.context.annotation.internalAutowiredAnnotationProcessor,org.springframework.context.annotation.internalRequiredAnnotationProcessor,org.springframework.context.annotation.internalCommonAnnotationProcessor,projectPropertySourceConfig,org.springframework.context.annotation.ConfigurationClassPostProcessor.importAwareProcessor,projectPropertySource]; parent: org.springframework.beans.factory.support.DefaultListableBeanFactory@5e0f2c82
[INFO] Loading - [org.kuali.common.maven.spring.AugmentMavenPropertiesConfig]
[INFO] Refreshing Spring Maven Plugin : Load : 3: startup date [Mon Dec 03 17:01:34 EST 2018]; root of context hierarchy
[INFO] Pre-instantiating singletons in org.springframework.beans.factory.support.DefaultListableBeanFactory@54be6213: defining beans []; root of factory hierarchy
[INFO] Refreshing org.springframework.context.annotation.AnnotationConfigApplicationContext@48a46b0f: startup date [Mon Dec 03 17:01:34 EST 2018]; parent: Spring Maven Plugin : Load : 3
[INFO] JSR-330 'javax.inject.Inject' annotation found and supported for autowiring
[INFO] Pre-instantiating singletons in org.springframework.beans.factory.support.DefaultListableBeanFactory@9f9146d: defining beans [org.springframework.context.annotation.internalConfigurationAnnotationProcessor,org.springframework.context.annotation.internalAutowiredAnnotationProcessor,org.springframework.context.annotation.internalRequiredAnnotationProcessor,org.springframework.context.annotation.internalCommonAnnotationProcessor,augmentMavenPropertiesConfig,org.springframework.context.annotation.ConfigurationClassPostProcessor.importAwareProcessor,augmentMavenProperties]; parent: org.springframework.beans.factory.support.DefaultListableBeanFactory@54be6213
[INFO] Closing org.springframework.context.annotation.AnnotationConfigApplicationContext@48a46b0f: startup date [Mon Dec 03 17:01:34 EST 2018]; parent: Spring Maven Plugin : Load : 3
[INFO] Destroying singletons in org.springframework.beans.factory.support.DefaultListableBeanFactory@9f9146d: defining beans [org.springframework.context.annotation.internalConfigurationAnnotationProcessor,org.springframework.context.annotation.internalAutowiredAnnotationProcessor,org.springframework.context.annotation.internalRequiredAnnotationProcessor,org.springframework.context.annotation.internalCommonAnnotationProcessor,augmentMavenPropertiesConfig,org.springframework.context.annotation.ConfigurationClassPostProcessor.importAwareProcessor,augmentMavenProperties]; parent: org.springframework.beans.factory.support.DefaultListableBeanFactory@54be6213
[INFO] Closing org.springframework.context.annotation.AnnotationConfigApplicationContext@46ea78f0: startup date [Mon Dec 03 17:01:34 EST 2018]; parent: org.springframework.context.support.GenericXmlApplicationContext@3375b118
[INFO] Destroying singletons in org.springframework.beans.factory.support.DefaultListableBeanFactory@6598caab: defining beans [org.springframework.context.annotation.internalConfigurationAnnotationProcessor,org.springframework.context.annotation.internalAutowiredAnnotationProcessor,org.springframework.context.annotation.internalRequiredAnnotationProcessor,org.springframework.context.annotation.internalCommonAnnotationProcessor,mojoExecutableConfig,org.springframework.context.annotation.ConfigurationClassPostProcessor.importAwareProcessor,org.kuali.common.util.spring.service.SpringServiceConfig,springService,propertySourceService,environmentService,org.kuali.maven.plugins.spring.config.SpringMojoServiceConfig,springMojoService,org.kuali.common.util.xml.spring.Log4JXmlServiceConfig,xmlService,org.kuali.common.util.log.log4j.spring.Log4JConfig,log4JContextMaven,log4JContextDebug,log4JContextDefault,log4JContextJAXB,log4jService,log4JContextTest,org.kuali.maven.plugins.spring.config.MojoConfig,log4JExecutable,mojoServiceExecutable,mojoExecutable,getExecutable]; parent: org.springframework.beans.factory.support.DefaultListableBeanFactory@184751f3
[INFO] 
[INFO] >>> spring-maven-plugin:3.0.4:load (project-metainf) > :load @ rice-core >>>
[INFO] 
[INFO] <<< spring-maven-plugin:3.0.4:load (project-metainf) < :load @ rice-core <<<
[INFO] 
[INFO] 
[INFO] --- spring-maven-plugin:3.0.4:load (project-metainf) @ rice-core ---
[INFO] Refreshing org.springframework.context.support.GenericXmlApplicationContext@d16209e: startup date [Mon Dec 03 17:01:34 EST 2018]; root of context hierarchy
[INFO] Pre-instantiating singletons in org.springframework.beans.factory.support.DefaultListableBeanFactory@76596288: defining beans []; root of factory hierarchy
[INFO] Refreshing org.springframework.context.annotation.AnnotationConfigApplicationContext@6d815fb7: startup date [Mon Dec 03 17:01:34 EST 2018]; parent: org.springframework.context.support.GenericXmlApplicationContext@d16209e
[INFO] JSR-330 'javax.inject.Inject' annotation found and supported for autowiring
[INFO] Pre-instantiating singletons in org.springframework.beans.factory.support.DefaultListableBeanFactory@376af784: defining beans [org.springframework.context.annotation.internalConfigurationAnnotationProcessor,org.springframework.context.annotation.internalAutowiredAnnotationProcessor,org.springframework.context.annotation.internalRequiredAnnotationProcessor,org.springframework.context.annotation.internalCommonAnnotationProcessor,mojoExecutableConfig,org.springframework.context.annotation.ConfigurationClassPostProcessor.importAwareProcessor,org.kuali.common.util.spring.service.SpringServiceConfig,springService,propertySourceService,environmentService,org.kuali.maven.plugins.spring.config.SpringMojoServiceConfig,springMojoService,org.kuali.common.util.xml.spring.Log4JXmlServiceConfig,xmlService,org.kuali.common.util.log.log4j.spring.Log4JConfig,log4JContextMaven,log4JContextDebug,log4JContextDefault,log4JContextJAXB,log4jService,log4JContextTest,org.kuali.maven.plugins.spring.config.MojoConfig,log4JExecutable,mojoServiceExecutable,mojoExecutable,getExecutable]; parent: org.springframework.beans.factory.support.DefaultListableBeanFactory@76596288
[INFO] Skipping mojo execution for project with packaging type 'pom'
[INFO] Closing org.springframework.context.annotation.AnnotationConfigApplicationContext@6d815fb7: startup date [Mon Dec 03 17:01:34 EST 2018]; parent: org.springframework.context.support.GenericXmlApplicationContext@d16209e
[INFO] Destroying singletons in org.springframework.beans.factory.support.DefaultListableBeanFactory@376af784: defining beans [org.springframework.context.annotation.internalConfigurationAnnotationProcessor,org.springframework.context.annotation.internalAutowiredAnnotationProcessor,org.springframework.context.annotation.internalRequiredAnnotationProcessor,org.springframework.context.annotation.internalCommonAnnotationProcessor,mojoExecutableConfig,org.springframework.context.annotation.ConfigurationClassPostProcessor.importAwareProcessor,org.kuali.common.util.spring.service.SpringServiceConfig,springService,propertySourceService,environmentService,org.kuali.maven.plugins.spring.config.SpringMojoServiceConfig,springMojoService,org.kuali.common.util.xml.spring.Log4JXmlServiceConfig,xmlService,org.kuali.common.util.log.log4j.spring.Log4JConfig,log4JContextMaven,log4JContextDebug,log4JContextDefault,log4JContextJAXB,log4jService,log4JContextTest,org.kuali.maven.plugins.spring.config.MojoConfig,log4JExecutable,mojoServiceExecutable,mojoExecutable,getExecutable]; parent: org.springframework.beans.factory.support.DefaultListableBeanFactory@76596288
[INFO] 
[INFO] --- maven-jar-plugin:2.4:test-jar (testjar) @ rice-core ---
[INFO] Skipping packaging of the test-jar
[INFO] 
[INFO] --- maven-failsafe-plugin:2.16:integration-test (integration-test) @ rice-core ---
[INFO] Tests are skipped.
[INFO] 
[INFO] --- maven-install-plugin:2.5.1:install (default-install) @ rice-core ---
[INFO] Installing C:\projects\rice\rice-middleware\core\pom.xml to C:\Users\jawbenne\.m2\repository\org\kuali\rice\rice-core\2.4.3-SNAPSHOT\rice-core-2.4.3-SNAPSHOT.pom
[INFO] 
[INFO] --------------------< org.kuali.rice:rice-core-api >--------------------
[INFO] Building Rice Core API 2.4.3-SNAPSHOT                             [4/96]
[INFO] --------------------------------[ jar ]---------------------------------
[INFO] 
[INFO] --- maven-clean-plugin:2.5:clean (default-clean) @ rice-core-api ---
[INFO] Deleting C:\projects\rice\rice-middleware\core\api\target
[INFO] 
[INFO] --- maven-enforcer-plugin:3.0.0-M2:enforce (enforce-banned-dependencies) @ rice-core-api ---
[INFO] 
[INFO] >>> spring-maven-plugin:3.0.4:load (project-augment) > :load @ rice-core-api >>>
[INFO] 
[INFO] <<< spring-maven-plugin:3.0.4:load (project-augment) < :load @ rice-core-api <<<
[INFO] 
[INFO] 
[INFO] --- spring-maven-plugin:3.0.4:load (project-augment) @ rice-core-api ---
[INFO] Refreshing org.springframework.context.support.GenericXmlApplicationContext@5635bcd2: startup date [Mon Dec 03 17:01:35 EST 2018]; root of context hierarchy
[INFO] Pre-instantiating singletons in org.springframework.beans.factory.support.DefaultListableBeanFactory@6c27e700: defining beans []; root of factory hierarchy
[INFO] Refreshing org.springframework.context.annotation.AnnotationConfigApplicationContext@56b9d43f: startup date [Mon Dec 03 17:01:35 EST 2018]; parent: org.springframework.context.support.GenericXmlApplicationContext@5635bcd2
[INFO] JSR-330 'javax.inject.Inject' annotation found and supported for autowiring
[INFO] Pre-instantiating singletons in org.springframework.beans.factory.support.DefaultListableBeanFactory@1214d23c: defining beans [org.springframework.context.annotation.internalConfigurationAnnotationProcessor,org.springframework.context.annotation.internalAutowiredAnnotationProcessor,org.springframework.context.annotation.internalRequiredAnnotationProcessor,org.springframework.context.annotation.internalCommonAnnotationProcessor,mojoExecutableConfig,org.springframework.context.annotation.ConfigurationClassPostProcessor.importAwareProcessor,org.kuali.common.util.spring.service.SpringServiceConfig,springService,propertySourceService,environmentService,org.kuali.maven.plugins.spring.config.SpringMojoServiceConfig,springMojoService,org.kuali.common.util.xml.spring.Log4JXmlServiceConfig,xmlService,org.kuali.common.util.log.log4j.spring.Log4JConfig,log4JContextMaven,log4JContextDebug,log4JContextDefault,log4JContextJAXB,log4jService,log4JContextTest,org.kuali.maven.plugins.spring.config.MojoConfig,log4JExecutable,mojoServiceExecutable,mojoExecutable,getExecutable]; parent: org.springframework.beans.factory.support.DefaultListableBeanFactory@6c27e700
[INFO] Forced mojo execution
[INFO] Refreshing org.springframework.context.support.GenericXmlApplicationContext@4ecd8ab1: startup date [Mon Dec 03 17:01:35 EST 2018]; root of context hierarchy
[INFO] Pre-instantiating singletons in org.springframework.beans.factory.support.DefaultListableBeanFactory@52909a97: defining beans []; root of factory hierarchy
[INFO] Refreshing org.springframework.context.annotation.AnnotationConfigApplicationContext@36e409e0: startup date [Mon Dec 03 17:01:35 EST 2018]; parent: org.springframework.context.support.GenericXmlApplicationContext@4ecd8ab1
[INFO] JSR-330 'javax.inject.Inject' annotation found and supported for autowiring
[INFO] Pre-instantiating singletons in org.springframework.beans.factory.support.DefaultListableBeanFactory@2d2fc130: defining beans [org.springframework.context.annotation.internalConfigurationAnnotationProcessor,org.springframework.context.annotation.internalAutowiredAnnotationProcessor,org.springframework.context.annotation.internalRequiredAnnotationProcessor,org.springframework.context.annotation.internalCommonAnnotationProcessor,projectPropertySourceConfig,org.springframework.context.annotation.ConfigurationClassPostProcessor.importAwareProcessor,projectPropertySource]; parent: org.springframework.beans.factory.support.DefaultListableBeanFactory@52909a97
[INFO] Loading - [org.kuali.common.maven.spring.AugmentMavenPropertiesConfig]
[INFO] Refreshing Spring Maven Plugin : Load : 4: startup date [Mon Dec 03 17:01:35 EST 2018]; root of context hierarchy
[INFO] Pre-instantiating singletons in org.springframework.beans.factory.support.DefaultListableBeanFactory@38a96593: defining beans []; root of factory hierarchy
[INFO] Refreshing org.springframework.context.annotation.AnnotationConfigApplicationContext@5df64b2a: startup date [Mon Dec 03 17:01:35 EST 2018]; parent: Spring Maven Plugin : Load : 4
[INFO] JSR-330 'javax.inject.Inject' annotation found and supported for autowiring
[INFO] Pre-instantiating singletons in org.springframework.beans.factory.support.DefaultListableBeanFactory@30d15e4a: defining beans [org.springframework.context.annotation.internalConfigurationAnnotationProcessor,org.springframework.context.annotation.internalAutowiredAnnotationProcessor,org.springframework.context.annotation.internalRequiredAnnotationProcessor,org.springframework.context.annotation.internalCommonAnnotationProcessor,augmentMavenPropertiesConfig,org.springframework.context.annotation.ConfigurationClassPostProcessor.importAwareProcessor,augmentMavenProperties]; parent: org.springframework.beans.factory.support.DefaultListableBeanFactory@38a96593
[INFO] Closing org.springframework.context.annotation.AnnotationConfigApplicationContext@5df64b2a: startup date [Mon Dec 03 17:01:35 EST 2018]; parent: Spring Maven Plugin : Load : 4
[INFO] Destroying singletons in org.springframework.beans.factory.support.DefaultListableBeanFactory@30d15e4a: defining beans [org.springframework.context.annotation.internalConfigurationAnnotationProcessor,org.springframework.context.annotation.internalAutowiredAnnotationProcessor,org.springframework.context.annotation.internalRequiredAnnotationProcessor,org.springframework.context.annotation.internalCommonAnnotationProcessor,augmentMavenPropertiesConfig,org.springframework.context.annotation.ConfigurationClassPostProcessor.importAwareProcessor,augmentMavenProperties]; parent: org.springframework.beans.factory.support.DefaultListableBeanFactory@38a96593
[INFO] Closing org.springframework.context.annotation.AnnotationConfigApplicationContext@56b9d43f: startup date [Mon Dec 03 17:01:35 EST 2018]; parent: org.springframework.context.support.GenericXmlApplicationContext@5635bcd2
[INFO] Destroying singletons in org.springframework.beans.factory.support.DefaultListableBeanFactory@1214d23c: defining beans [org.springframework.context.annotation.internalConfigurationAnnotationProcessor,org.springframework.context.annotation.internalAutowiredAnnotationProcessor,org.springframework.context.annotation.internalRequiredAnnotationProcessor,org.springframework.context.annotation.internalCommonAnnotationProcessor,mojoExecutableConfig,org.springframework.context.annotation.ConfigurationClassPostProcessor.importAwareProcessor,org.kuali.common.util.spring.service.SpringServiceConfig,springService,propertySourceService,environmentService,org.kuali.maven.plugins.spring.config.SpringMojoServiceConfig,springMojoService,org.kuali.common.util.xml.spring.Log4JXmlServiceConfig,xmlService,org.kuali.common.util.log.log4j.spring.Log4JConfig,log4JContextMaven,log4JContextDebug,log4JContextDefault,log4JContextJAXB,log4jService,log4JContextTest,org.kuali.maven.plugins.spring.config.MojoConfig,log4JExecutable,mojoServiceExecutable,mojoExecutable,getExecutable]; parent: org.springframework.beans.factory.support.DefaultListableBeanFactory@6c27e700
[INFO] 
[INFO] >>> spring-maven-plugin:3.0.4:load (project-metainf) > :load @ rice-core-api >>>
[INFO] 
[INFO] <<< spring-maven-plugin:3.0.4:load (project-metainf) < :load @ rice-core-api <<<
[INFO] 
[INFO] 
[INFO] --- spring-maven-plugin:3.0.4:load (project-metainf) @ rice-core-api ---
[INFO] Refreshing org.springframework.context.support.GenericXmlApplicationContext@4a9bce99: startup date [Mon Dec 03 17:01:35 EST 2018]; root of context hierarchy
[INFO] Pre-instantiating singletons in org.springframework.beans.factory.support.DefaultListableBeanFactory@243c4346: defining beans []; root of factory hierarchy
[INFO] Refreshing org.springframework.context.annotation.AnnotationConfigApplicationContext@2905b568: startup date [Mon Dec 03 17:01:35 EST 2018]; parent: org.springframework.context.support.GenericXmlApplicationContext@4a9bce99
[INFO] JSR-330 'javax.inject.Inject' annotation found and supported for autowiring
[INFO] Pre-instantiating singletons in org.springframework.beans.factory.support.DefaultListableBeanFactory@1be8c122: defining beans [org.springframework.context.annotation.internalConfigurationAnnotationProcessor,org.springframework.context.annotation.internalAutowiredAnnotationProcessor,org.springframework.context.annotation.internalRequiredAnnotationProcessor,org.springframework.context.annotation.internalCommonAnnotationProcessor,mojoExecutableConfig,org.springframework.context.annotation.ConfigurationClassPostProcessor.importAwareProcessor,org.kuali.common.util.spring.service.SpringServiceConfig,springService,propertySourceService,environmentService,org.kuali.maven.plugins.spring.config.SpringMojoServiceConfig,springMojoService,org.kuali.common.util.xml.spring.Log4JXmlServiceConfig,xmlService,org.kuali.common.util.log.log4j.spring.Log4JConfig,log4JContextMaven,log4JContextDebug,log4JContextDefault,log4JContextJAXB,log4jService,log4JContextTest,org.kuali.maven.plugins.spring.config.MojoConfig,log4JExecutable,mojoServiceExecutable,mojoExecutable,getExecutable]; parent: org.springframework.beans.factory.support.DefaultListableBeanFactory@243c4346
[INFO] Refreshing org.springframework.context.support.GenericXmlApplicationContext@559fd5ec: startup date [Mon Dec 03 17:01:35 EST 2018]; root of context hierarchy
[INFO] Pre-instantiating singletons in org.springframework.beans.factory.support.DefaultListableBeanFactory@708dfe10: defining beans []; root of factory hierarchy
[INFO] Refreshing org.springframework.context.annotation.AnnotationConfigApplicationContext@18989e0: startup date [Mon Dec 03 17:01:35 EST 2018]; parent: org.springframework.context.support.GenericXmlApplicationContext@559fd5ec
[INFO] JSR-330 'javax.inject.Inject' annotation found and supported for autowiring
[INFO] Pre-instantiating singletons in org.springframework.beans.factory.support.DefaultListableBeanFactory@285bf5ac: defining beans [org.springframework.context.annotation.internalConfigurationAnnotationProcessor,org.springframework.context.annotation.internalAutowiredAnnotationProcessor,org.springframework.context.annotation.internalRequiredAnnotationProcessor,org.springframework.context.annotation.internalCommonAnnotationProcessor,projectPropertySourceConfig,org.springframework.context.annotation.ConfigurationClassPostProcessor.importAwareProcessor,projectPropertySource]; parent: org.springframework.beans.factory.support.DefaultListableBeanFactory@708dfe10
[INFO] Loading - [org.kuali.common.util.spring.MetaInfProjectPropertiesConfig]
[INFO] Refreshing Spring Maven Plugin : Load : 5: startup date [Mon Dec 03 17:01:35 EST 2018]; root of context hierarchy
[INFO] Pre-instantiating singletons in org.springframework.beans.factory.support.DefaultListableBeanFactory@141bb6b8: defining beans []; root of factory hierarchy
[INFO] Refreshing org.springframework.context.annotation.AnnotationConfigApplicationContext@5c8b10b4: startup date [Mon Dec 03 17:01:35 EST 2018]; parent: Spring Maven Plugin : Load : 5
[INFO] JSR-330 'javax.inject.Inject' annotation found and supported for autowiring
[INFO] Pre-instantiating singletons in org.springframework.beans.factory.support.DefaultListableBeanFactory@1a0d313: defining beans [org.springframework.context.annotation.internalConfigurationAnnotationProcessor,org.springframework.context.annotation.internalAutowiredAnnotationProcessor,org.springframework.context.annotation.internalRequiredAnnotationProcessor,org.springframework.context.annotation.internalCommonAnnotationProcessor,metaInfProjectPropertiesConfig,org.springframework.context.annotation.ConfigurationClassPostProcessor.importAwareProcessor,org.kuali.common.util.spring.MetaInfProjectPropertiesSetupConfig,storePropertiesExecutablesExectuable,springProperties,pspc,executable]; parent: org.springframework.beans.factory.support.DefaultListableBeanFactory@141bb6b8
[INFO] Closing org.springframework.context.annotation.AnnotationConfigApplicationContext@5c8b10b4: startup date [Mon Dec 03 17:01:35 EST 2018]; parent: Spring Maven Plugin : Load : 5
[INFO] Destroying singletons in org.springframework.beans.factory.support.DefaultListableBeanFactory@1a0d313: defining beans [org.springframework.context.annotation.internalConfigurationAnnotationProcessor,org.springframework.context.annotation.internalAutowiredAnnotationProcessor,org.springframework.context.annotation.internalRequiredAnnotationProcessor,org.springframework.context.annotation.internalCommonAnnotationProcessor,metaInfProjectPropertiesConfig,org.springframework.context.annotation.ConfigurationClassPostProcessor.importAwareProcessor,org.kuali.common.util.spring.MetaInfProjectPropertiesSetupConfig,storePropertiesExecutablesExectuable,springProperties,pspc,executable]; parent: org.springframework.beans.factory.support.DefaultListableBeanFactory@141bb6b8
[INFO] Closing org.springframework.context.annotation.AnnotationConfigApplicationContext@2905b568: startup date [Mon Dec 03 17:01:35 EST 2018]; parent: org.springframework.context.support.GenericXmlApplicationContext@4a9bce99
[INFO] Destroying singletons in org.springframework.beans.factory.support.DefaultListableBeanFactory@1be8c122: defining beans [org.springframework.context.annotation.internalConfigurationAnnotationProcessor,org.springframework.context.annotation.internalAutowiredAnnotationProcessor,org.springframework.context.annotation.internalRequiredAnnotationProcessor,org.springframework.context.annotation.internalCommonAnnotationProcessor,mojoExecutableConfig,org.springframework.context.annotation.ConfigurationClassPostProcessor.importAwareProcessor,org.kuali.common.util.spring.service.SpringServiceConfig,springService,propertySourceService,environmentService,org.kuali.maven.plugins.spring.config.SpringMojoServiceConfig,springMojoService,org.kuali.common.util.xml.spring.Log4JXmlServiceConfig,xmlService,org.kuali.common.util.log.log4j.spring.Log4JConfig,log4JContextMaven,log4JContextDebug,log4JContextDefault,log4JContextJAXB,log4jService,log4JContextTest,org.kuali.maven.plugins.spring.config.MojoConfig,log4JExecutable,mojoServiceExecutable,mojoExecutable,getExecutable]; parent: org.springframework.beans.factory.support.DefaultListableBeanFactory@243c4346
[INFO] 
[INFO] --- maven-resources-plugin:2.6:resources (default-resources) @ rice-core-api ---
[INFO] Using 'UTF-8' encoding to copy filtered resources.
[INFO] skip non existing resourceDirectory C:\projects\rice\rice-middleware\core\api\src\main\resources
[INFO] 
[INFO] --- maven-compiler-plugin:3.8.0:compile (default-compile) @ rice-core-api ---
[INFO] Changes detected - recompiling the module!
[INFO] Using Groovy-Eclipse compiler to compile both Java and Groovy files
[INFO] Compiling in a forked process using C:\Users\jawbenne\.m2\repository\org\codehaus\groovy\groovy-eclipse-batch\2.4.15-01\groovy-eclipse-batch-2.4.15-01.jar
[WARNING] Error output from groovy-eclipse compiler:
Annotation processing got disabled, since it requires a 1.6 compliant JVM

[INFO] 
[INFO] --- maven-resources-plugin:2.6:testResources (default-testResources) @ rice-core-api ---
[INFO] Using 'UTF-8' encoding to copy filtered resources.
[INFO] skip non existing resourceDirectory C:\projects\rice\rice-middleware\core\api\src\test\resources\META-INF
[INFO] skip non existing resourceDirectory C:\projects\rice\rice-middleware\core\api\src\test\resources
[INFO] 
[INFO] --- maven-compiler-plugin:3.8.0:testCompile (default-testCompile) @ rice-core-api ---
[INFO] Changes detected - recompiling the module!
[INFO] Using Groovy-Eclipse compiler to compile both Java and Groovy files
[INFO] Compiling in a forked process using C:\Users\jawbenne\.m2\repository\org\codehaus\groovy\groovy-eclipse-batch\2.4.15-01\groovy-eclipse-batch-2.4.15-01.jar
[WARNING] Error output from groovy-eclipse compiler:
WARNING: An illegal reflective access operation has occurred
WARNING: Illegal reflective access by org.codehaus.groovy.vmplugin.v7.Java7$1 (file:/C:/Users/jawbenne/.m2/repository/org/codehaus/groovy/groovy-eclipse-batch/2.4.15-01/groovy-eclipse-batch-2.4.15-01.jar) to constructor java.lang.invoke.MethodHandles$Lookup(java.lang.Class,int)
WARNING: Please consider reporting this to the maintainers of org.codehaus.groovy.vmplugin.v7.Java7$1
WARNING: Use --illegal-access=warn to enable warnings of further illegal reflective access operations
WARNING: All illegal access operations will be denied in a future release
Annotation processing got disabled, since it requires a 1.6 compliant JVM

[INFO] 
[INFO] --- maven-surefire-plugin:2.16:test (default-test) @ rice-core-api ---
[INFO] Surefire report directory: C:\projects\rice\rice-middleware\core\api\target\surefire-reports

-------------------------------------------------------
 T E S T S
-------------------------------------------------------
Running org.kuali.rice.core.api.criteria.AndPredicateTest
WARNING: An illegal reflective access operation has occurred
WARNING: Illegal reflective access by org.codehaus.groovy.reflection.CachedClass (file:/C:/Users/jawbenne/.m2/repository/org/codehaus/groovy/groovy-all/2.4.15/groovy-all-2.4.15.jar) to method java.lang.Object.finalize()
WARNING: Please consider reporting this to the maintainers of org.codehaus.groovy.reflection.CachedClass
WARNING: Use --illegal-access=warn to enable warnings of further illegal reflective access operations
WARNING: All illegal access operations will be denied in a future release
Tests run: 3, Failures: 0, Errors: 0, Skipped: 0, Time elapsed: 0.815 sec - in org.kuali.rice.core.api.criteria.AndPredicateTest
testGetExpressions(org.kuali.rice.core.api.criteria.AndPredicateTest)  Time elapsed: 0.125 sec
testJAXB(org.kuali.rice.core.api.criteria.AndPredicateTest)  Time elapsed: 0.283 sec
testAndExpression(org.kuali.rice.core.api.criteria.AndPredicateTest)  Time elapsed: 0.004 sec
Running org.kuali.rice.core.api.criteria.CriteriaDateTimeValueTest
Tests run: 1, Failures: 0, Errors: 0, Skipped: 0, Time elapsed: 0.127 sec - in org.kuali.rice.core.api.criteria.CriteriaDateTimeValueTest
testXmlMarshalingAndUnMarshalling(org.kuali.rice.core.api.criteria.CriteriaDateTimeValueTest)  Time elapsed: 0.126 sec
Running org.kuali.rice.core.api.criteria.DynConstructTest
Tests run: 18, Failures: 0, Errors: 0, Skipped: 0, Time elapsed: 0.109 sec - in org.kuali.rice.core.api.criteria.DynConstructTest
testEqualIgnoreCase(org.kuali.rice.core.api.criteria.DynConstructTest)  Time elapsed: 0 sec
testNotEqual(org.kuali.rice.core.api.criteria.DynConstructTest)  Time elapsed: 0 sec
testGreaterThanOrEqual(org.kuali.rice.core.api.criteria.DynConstructTest)  Time elapsed: 0.001 sec
testNotEqualIgnoreCase(org.kuali.rice.core.api.criteria.DynConstructTest)  Time elapsed: 0 sec
testLessThanOrEqual(org.kuali.rice.core.api.criteria.DynConstructTest)  Time elapsed: 0.004 sec
testLessThan(org.kuali.rice.core.api.criteria.DynConstructTest)  Time elapsed: 0.005 sec
testAnd(org.kuali.rice.core.api.criteria.DynConstructTest)  Time elapsed: 0.066 sec
testEqual(org.kuali.rice.core.api.criteria.DynConstructTest)  Time elapsed: 0.002 sec
testNotIn(org.kuali.rice.core.api.criteria.DynConstructTest)  Time elapsed: 0.005 sec
testLike(org.kuali.rice.core.api.criteria.DynConstructTest)  Time elapsed: 0.001 sec
testNull(org.kuali.rice.core.api.criteria.DynConstructTest)  Time elapsed: 0.003 sec
testIn(org.kuali.rice.core.api.criteria.DynConstructTest)  Time elapsed: 0.003 sec
testOr(org.kuali.rice.core.api.criteria.DynConstructTest)  Time elapsed: 0.002 sec
testInIgnoreCase(org.kuali.rice.core.api.criteria.DynConstructTest)  Time elapsed: 0.005 sec
testGreaterThan(org.kuali.rice.core.api.criteria.DynConstructTest)  Time elapsed: 0.001 sec
testNotLike(org.kuali.rice.core.api.criteria.DynConstructTest)  Time elapsed: 0.004 sec
testNotNull(org.kuali.rice.core.api.criteria.DynConstructTest)  Time elapsed: 0.003 sec
testNotInIgnoreCase(org.kuali.rice.core.api.criteria.DynConstructTest)  Time elapsed: 0.003 sec
Running org.kuali.rice.core.api.criteria.EqualPredicateTest
Tests run: 2, Failures: 0, Errors: 0, Skipped: 0, Time elapsed: 0.091 sec - in org.kuali.rice.core.api.criteria.EqualPredicateTest
testJAXB(org.kuali.rice.core.api.criteria.EqualPredicateTest)  Time elapsed: 0.071 sec
testEqualExpression(org.kuali.rice.core.api.criteria.EqualPredicateTest)  Time elapsed: 0.02 sec
Running org.kuali.rice.core.api.criteria.ExistsSubQueryPredicateTest
Tests run: 2, Failures: 0, Errors: 0, Skipped: 0, Time elapsed: 0.023 sec - in org.kuali.rice.core.api.criteria.ExistsSubQueryPredicateTest
testJAXB(org.kuali.rice.core.api.criteria.ExistsSubQueryPredicateTest)  Time elapsed: 0.018 sec
testExpression(org.kuali.rice.core.api.criteria.ExistsSubQueryPredicateTest)  Time elapsed: 0.004 sec
Running org.kuali.rice.core.api.criteria.GreaterThanPredicateTest
Tests run: 2, Failures: 0, Errors: 0, Skipped: 0, Time elapsed: 0.026 sec - in org.kuali.rice.core.api.criteria.GreaterThanPredicateTest
testJAXB(org.kuali.rice.core.api.criteria.GreaterThanPredicateTest)  Time elapsed: 0.024 sec
testGreaterThanExpression(org.kuali.rice.core.api.criteria.GreaterThanPredicateTest)  Time elapsed: 0.001 sec
Running org.kuali.rice.core.api.criteria.InIgnoreCasePredicateTest
Tests run: 4, Failures: 0, Errors: 0, Skipped: 0, Time elapsed: 0.01 sec - in org.kuali.rice.core.api.criteria.InIgnoreCasePredicateTest
testJAXB(org.kuali.rice.core.api.criteria.InIgnoreCasePredicateTest)  Time elapsed: 0 sec
testGetPropertyPath(org.kuali.rice.core.api.criteria.InIgnoreCasePredicateTest)  Time elapsed: 0.001 sec
testGetValues(org.kuali.rice.core.api.criteria.InIgnoreCasePredicateTest)  Time elapsed: 0.007 sec
testInExpression(org.kuali.rice.core.api.criteria.InIgnoreCasePredicateTest)  Time elapsed: 0.001 sec
Running org.kuali.rice.core.api.criteria.InPredicateTest
Tests run: 4, Failures: 0, Errors: 0, Skipped: 0, Time elapsed: 0.045 sec - in org.kuali.rice.core.api.criteria.InPredicateTest
testJAXB(org.kuali.rice.core.api.criteria.InPredicateTest)  Time elapsed: 0.038 sec
testGetPropertyPath(org.kuali.rice.core.api.criteria.InPredicateTest)  Time elapsed: 0.001 sec
testGetValues(org.kuali.rice.core.api.criteria.InPredicateTest)  Time elapsed: 0.002 sec
testInExpression(org.kuali.rice.core.api.criteria.InPredicateTest)  Time elapsed: 0.001 sec
Running org.kuali.rice.core.api.criteria.LargePredicateTest
Tests run: 2, Failures: 0, Errors: 0, Skipped: 0, Time elapsed: 0.078 sec - in org.kuali.rice.core.api.criteria.LargePredicateTest
testUberCriteria(org.kuali.rice.core.api.criteria.LargePredicateTest)  Time elapsed: 0.041 sec
testJAXB(org.kuali.rice.core.api.criteria.LargePredicateTest)  Time elapsed: 0.036 sec
Running org.kuali.rice.core.api.criteria.LessThanPredicateTest
Tests run: 2, Failures: 0, Errors: 0, Skipped: 0, Time elapsed: 0.022 sec - in org.kuali.rice.core.api.criteria.LessThanPredicateTest
testJAXB(org.kuali.rice.core.api.criteria.LessThanPredicateTest)  Time elapsed: 0.019 sec
testLessThanExpression(org.kuali.rice.core.api.criteria.LessThanPredicateTest)  Time elapsed: 0.003 sec
Running org.kuali.rice.core.api.criteria.LikePredicateTest
Tests run: 2, Failures: 0, Errors: 0, Skipped: 0, Time elapsed: 0 sec - in org.kuali.rice.core.api.criteria.LikePredicateTest
testJAXB(org.kuali.rice.core.api.criteria.LikePredicateTest)  Time elapsed: 0 sec
testLikeExpression(org.kuali.rice.core.api.criteria.LikePredicateTest)  Time elapsed: 0 sec
Running org.kuali.rice.core.api.criteria.NotInPredicateTest
Tests run: 4, Failures: 0, Errors: 0, Skipped: 0, Time elapsed: 0.031 sec - in org.kuali.rice.core.api.criteria.NotInPredicateTest
testJAXB(org.kuali.rice.core.api.criteria.NotInPredicateTest)  Time elapsed: 0.026 sec
testGetPropertyPath(org.kuali.rice.core.api.criteria.NotInPredicateTest)  Time elapsed: 0.001 sec
testGetValues(org.kuali.rice.core.api.criteria.NotInPredicateTest)  Time elapsed: 0.002 sec
testInExpression(org.kuali.rice.core.api.criteria.NotInPredicateTest)  Time elapsed: 0.002 sec
Running org.kuali.rice.core.api.criteria.OrPredicateTest
Tests run: 3, Failures: 0, Errors: 0, Skipped: 0, Time elapsed: 0.017 sec - in org.kuali.rice.core.api.criteria.OrPredicateTest
testGetExpressions(org.kuali.rice.core.api.criteria.OrPredicateTest)  Time elapsed: 0 sec
testJAXB(org.kuali.rice.core.api.criteria.OrPredicateTest)  Time elapsed: 0.015 sec
testOrExpression(org.kuali.rice.core.api.criteria.OrPredicateTest)  Time elapsed: 0.001 sec
Running org.kuali.rice.core.api.criteria.PredicateReductionTest
Tests run: 2, Failures: 0, Errors: 0, Skipped: 0, Time elapsed: 0 sec - in org.kuali.rice.core.api.criteria.PredicateReductionTest
test_or(org.kuali.rice.core.api.criteria.PredicateReductionTest)  Time elapsed: 0 sec
test_and(org.kuali.rice.core.api.criteria.PredicateReductionTest)  Time elapsed: 0 sec
Running org.kuali.rice.core.api.criteria.PredicateTest
Tests run: 35, Failures: 0, Errors: 0, Skipped: 0, Time elapsed: 0.003 sec - in org.kuali.rice.core.api.criteria.PredicateTest
testLike_nullPropertyPath(org.kuali.rice.core.api.criteria.PredicateTest)  Time elapsed: 0 sec
testIsNotNull_nullPropertyPath(org.kuali.rice.core.api.criteria.PredicateTest)  Time elapsed: 0 sec
testAnd(org.kuali.rice.core.api.criteria.PredicateTest)  Time elapsed: 0 sec
testLike_nullValue(org.kuali.rice.core.api.criteria.PredicateTest)  Time elapsed: 0 sec
testNotEqual_nullPropertyPath(org.kuali.rice.core.api.criteria.PredicateTest)  Time elapsed: 0 sec
testNotIn_emptyValues(org.kuali.rice.core.api.criteria.PredicateTest)  Time elapsed: 0 sec
testBuild(org.kuali.rice.core.api.criteria.PredicateTest)  Time elapsed: 0 sec
testEqual(org.kuali.rice.core.api.criteria.PredicateTest)  Time elapsed: 0 sec
testLike(org.kuali.rice.core.api.criteria.PredicateTest)  Time elapsed: 0 sec
testEqual_nullValue(org.kuali.rice.core.api.criteria.PredicateTest)  Time elapsed: 0 sec
testGreaterThan_nullPropertyPath(org.kuali.rice.core.api.criteria.PredicateTest)  Time elapsed: 0 sec
testIn(org.kuali.rice.core.api.criteria.PredicateTest)  Time elapsed: 0 sec
testOr(org.kuali.rice.core.api.criteria.PredicateTest)  Time elapsed: 0 sec
testNotEqual_nullValue(org.kuali.rice.core.api.criteria.PredicateTest)  Time elapsed: 0 sec
testLessThan_nullValue(org.kuali.rice.core.api.criteria.PredicateTest)  Time elapsed: 0 sec
testIsNull_emptyPropertyPath(org.kuali.rice.core.api.criteria.PredicateTest)  Time elapsed: 0 sec
testIsNull_nullPropertyPath(org.kuali.rice.core.api.criteria.PredicateTest)  Time elapsed: 0 sec
testGreaterThanOrEqual_nullPropertyPath(org.kuali.rice.core.api.criteria.PredicateTest)  Time elapsed: 0 sec
testIn_emptyValues(org.kuali.rice.core.api.criteria.PredicateTest)  Time elapsed: 0 sec
testGreaterThanOrEqual_nullValue(org.kuali.rice.core.api.criteria.PredicateTest)  Time elapsed: 0 sec
testNotIn_nullPropertyPath(org.kuali.rice.core.api.criteria.PredicateTest)  Time elapsed: 0 sec
testEqual_nullPropertyPath(org.kuali.rice.core.api.criteria.PredicateTest)  Time elapsed: 0 sec
testNotIn_nullValues(org.kuali.rice.core.api.criteria.PredicateTest)  Time elapsed: 0 sec
testIsNotNull_emptyPropertyPath(org.kuali.rice.core.api.criteria.PredicateTest)  Time elapsed: 0 sec
testLessThan_nullPropertyPath(org.kuali.rice.core.api.criteria.PredicateTest)  Time elapsed: 0 sec
testGreaterThan(org.kuali.rice.core.api.criteria.PredicateTest)  Time elapsed: 0 sec
testIn_nullPropertyPath(org.kuali.rice.core.api.criteria.PredicateTest)  Time elapsed: 0 sec
testLessThanOrEqual_nullPropertyPath(org.kuali.rice.core.api.criteria.PredicateTest)  Time elapsed: 0 sec
testDeepNesting(org.kuali.rice.core.api.criteria.PredicateTest)  Time elapsed: 0.001 sec
testGreaterThan_nullValue(org.kuali.rice.core.api.criteria.PredicateTest)  Time elapsed: 0 sec
testLessThanOrEqual_nullValue(org.kuali.rice.core.api.criteria.PredicateTest)  Time elapsed: 0 sec
testIn_nullValues(org.kuali.rice.core.api.criteria.PredicateTest)  Time elapsed: 0 sec
testNotLike_nullPropertyPath(org.kuali.rice.core.api.criteria.PredicateTest)  Time elapsed: 0 sec
testNotLike_nullValue(org.kuali.rice.core.api.criteria.PredicateTest)  Time elapsed: 0 sec
testNotLike(org.kuali.rice.core.api.criteria.PredicateTest)  Time elapsed: 0 sec
Running org.kuali.rice.core.api.criteria.QueryByCriteriaJaxbTest
Tests run: 7, Failures: 0, Errors: 0, Skipped: 0, Time elapsed: 1.184 sec - in org.kuali.rice.core.api.criteria.QueryByCriteriaJaxbTest
testAndAttributes_Null(org.kuali.rice.core.api.criteria.QueryByCriteriaJaxbTest)  Time elapsed: 0 sec
testAllPredicates(org.kuali.rice.core.api.criteria.QueryByCriteriaJaxbTest)  Time elapsed: 1.18 sec
testOrAttributes_Null(org.kuali.rice.core.api.criteria.QueryByCriteriaJaxbTest)  Time elapsed: 0 sec
testOrAttributes_Empty(org.kuali.rice.core.api.criteria.QueryByCriteriaJaxbTest)  Time elapsed: 0 sec
testAndAttributes(org.kuali.rice.core.api.criteria.QueryByCriteriaJaxbTest)  Time elapsed: 0.001 sec
testAndAttributes_Empty(org.kuali.rice.core.api.criteria.QueryByCriteriaJaxbTest)  Time elapsed: 0 sec
testOrAttributes(org.kuali.rice.core.api.criteria.QueryByCriteriaJaxbTest)  Time elapsed: 0.001 sec
Running org.kuali.rice.core.api.criteria.QueryResultsTest
Tests run: 6, Failures: 0, Errors: 0, Skipped: 0, Time elapsed: 0.06 sec - in org.kuali.rice.core.api.criteria.QueryResultsTest
testJAXB_withDefaults(org.kuali.rice.core.api.criteria.QueryResultsTest)  Time elapsed: 0.026 sec
testBuild_withDefaults(org.kuali.rice.core.api.criteria.QueryResultsTest)  Time elapsed: 0.01 sec
testBuild_withEverything(org.kuali.rice.core.api.criteria.QueryResultsTest)  Time elapsed: 0.011 sec
testBuild_withResults(org.kuali.rice.core.api.criteria.QueryResultsTest)  Time elapsed: 0.001 sec
testJAXB_withEverything(org.kuali.rice.core.api.criteria.QueryResultsTest)  Time elapsed: 0.007 sec
testJAXB_withResults(org.kuali.rice.core.api.criteria.QueryResultsTest)  Time elapsed: 0.005 sec
Running org.kuali.rice.core.api.criteria.SimplePredicateTest
Tests run: 3, Failures: 0, Errors: 0, Skipped: 0, Time elapsed: 0.01 sec - in org.kuali.rice.core.api.criteria.SimplePredicateTest
testSimpleExpressionStringCriteriaValueOfObject(org.kuali.rice.core.api.criteria.SimplePredicateTest)  Time elapsed: 0.007 sec
testSupportsCriteriaValue(org.kuali.rice.core.api.criteria.SimplePredicateTest)  Time elapsed: 0.001 sec
testSimpleExpression(org.kuali.rice.core.api.criteria.SimplePredicateTest)  Time elapsed: 0.001 sec
Running org.kuali.rice.core.api.membership.MemberTypeTest
Tests run: 4, Failures: 0, Errors: 0, Skipped: 0, Time elapsed: 0.015 sec - in org.kuali.rice.core.api.membership.MemberTypeTest
test_fromCode_valid(org.kuali.rice.core.api.membership.MemberTypeTest)  Time elapsed: 0 sec
test_Xml_Marshal_Unmarshal(org.kuali.rice.core.api.membership.MemberTypeTest)  Time elapsed: 0.015 sec
test_fromCode_null(org.kuali.rice.core.api.membership.MemberTypeTest)  Time elapsed: 0 sec
test_fromCode_illegal_value(org.kuali.rice.core.api.membership.MemberTypeTest)  Time elapsed: 0 sec
Running org.kuali.rice.core.api.mo.AbstractDataTransferObjectTest
Tests run: 5, Failures: 0, Errors: 0, Skipped: 0, Time elapsed: 0.098 sec - in org.kuali.rice.core.api.mo.AbstractDataTransferObjectTest
test_serialize_deserialize_serialize(org.kuali.rice.core.api.mo.AbstractDataTransferObjectTest)  Time elapsed: 0.036 sec
test_immutableMap(org.kuali.rice.core.api.mo.AbstractDataTransferObjectTest)  Time elapsed: 0.013 sec
test_futureElements_serialization(org.kuali.rice.core.api.mo.AbstractDataTransferObjectTest)  Time elapsed: 0.002 sec
test_futureElements_serialization_withJaxb(org.kuali.rice.core.api.mo.AbstractDataTransferObjectTest)  Time elapsed: 0.028 sec
test_immutableList(org.kuali.rice.core.api.mo.AbstractDataTransferObjectTest)  Time elapsed: 0.005 sec
Running org.kuali.rice.core.api.search.RangeTest
Tests run: 8, Failures: 0, Errors: 0, Skipped: 0, Time elapsed: 0.001 sec - in org.kuali.rice.core.api.search.RangeTest
testLowIncHiInc(org.kuali.rice.core.api.search.RangeTest)  Time elapsed: 0 sec
testLowExHiInc(org.kuali.rice.core.api.search.RangeTest)  Time elapsed: 0 sec
testHiInc(org.kuali.rice.core.api.search.RangeTest)  Time elapsed: 0 sec
testLowEx(org.kuali.rice.core.api.search.RangeTest)  Time elapsed: 0 sec
testHiEx(org.kuali.rice.core.api.search.RangeTest)  Time elapsed: 0 sec
testLowExHiEx(org.kuali.rice.core.api.search.RangeTest)  Time elapsed: 0 sec
testLowIncHiEx(org.kuali.rice.core.api.search.RangeTest)  Time elapsed: 0 sec
testLowInc(org.kuali.rice.core.api.search.RangeTest)  Time elapsed: 0 sec
Running org.kuali.rice.core.api.search.SearchExpressionUtilsTest
1..2..3
1>..2>..3
1...2...3
1..<2..<3
1>..<2>..<3
[>= 10, 8..20, !17]
Tests run: 3, Failures: 0, Errors: 0, Skipped: 0, Time elapsed: 0.024 sec - in org.kuali.rice.core.api.search.SearchExpressionUtilsTest
testSplitsRangeInTwo(org.kuali.rice.core.api.search.SearchExpressionUtilsTest)  Time elapsed: 0.022 sec
testParseClauses(org.kuali.rice.core.api.search.SearchExpressionUtilsTest)  Time elapsed: 0.001 sec
testSplitsOnWholeOperator(org.kuali.rice.core.api.search.SearchExpressionUtilsTest)  Time elapsed: 0.001 sec
Running org.kuali.rice.core.api.uif.RemotableAttributeErrorTest
Tests run: 6, Failures: 0, Errors: 0, Skipped: 0, Time elapsed: 0.012 sec - in org.kuali.rice.core.api.uif.RemotableAttributeErrorTest
testHappyPath(org.kuali.rice.core.api.uif.RemotableAttributeErrorTest)  Time elapsed: 0 sec
testBlankError(org.kuali.rice.core.api.uif.RemotableAttributeErrorTest)  Time elapsed: 0 sec
testJAXB(org.kuali.rice.core.api.uif.RemotableAttributeErrorTest)  Time elapsed: 0.004 sec
testEmptyName(org.kuali.rice.core.api.uif.RemotableAttributeErrorTest)  Time elapsed: 0.002 sec
testMessage(org.kuali.rice.core.api.uif.RemotableAttributeErrorTest)  Time elapsed: 0.003 sec
testNoErrors(org.kuali.rice.core.api.uif.RemotableAttributeErrorTest)  Time elapsed: 0.003 sec
Running org.kuali.rice.core.api.uif.RemotableAttributeFieldTest
Tests run: 9, Failures: 0, Errors: 0, Skipped: 0, Time elapsed: 0.072 sec - in org.kuali.rice.core.api.uif.RemotableAttributeFieldTest
testBlankName(org.kuali.rice.core.api.uif.RemotableAttributeFieldTest)  Time elapsed: 0.001 sec
testOptional2(org.kuali.rice.core.api.uif.RemotableAttributeFieldTest)  Time elapsed: 0.001 sec
testHappyPath(org.kuali.rice.core.api.uif.RemotableAttributeFieldTest)  Time elapsed: 0 sec
testHappyPath2(org.kuali.rice.core.api.uif.RemotableAttributeFieldTest)  Time elapsed: 0.02 sec
testJAXB1(org.kuali.rice.core.api.uif.RemotableAttributeFieldTest)  Time elapsed: 0.024 sec
testJAXB2(org.kuali.rice.core.api.uif.RemotableAttributeFieldTest)  Time elapsed: 0.016 sec
testNullName(org.kuali.rice.core.api.uif.RemotableAttributeFieldTest)  Time elapsed: 0 sec
testOptional(org.kuali.rice.core.api.uif.RemotableAttributeFieldTest)  Time elapsed: 0 sec
testDefaultControl(org.kuali.rice.core.api.uif.RemotableAttributeFieldTest)  Time elapsed: 0.009 sec
Running org.kuali.rice.core.api.uif.RemotableCheckboxGroupTest
Tests run: 5, Failures: 0, Errors: 0, Skipped: 0, Time elapsed: 0.001 sec - in org.kuali.rice.core.api.uif.RemotableCheckboxGroupTest
testEmptyKeyLabels(org.kuali.rice.core.api.uif.RemotableCheckboxGroupTest)  Time elapsed: 0 sec
testHappyPath(org.kuali.rice.core.api.uif.RemotableCheckboxGroupTest)  Time elapsed: 0 sec
testHappyPath2(org.kuali.rice.core.api.uif.RemotableCheckboxGroupTest)  Time elapsed: 0 sec
testJAXB(org.kuali.rice.core.api.uif.RemotableCheckboxGroupTest)  Time elapsed: 0 sec
testNullKeyLabels(org.kuali.rice.core.api.uif.RemotableCheckboxGroupTest)  Time elapsed: 0 sec
Running org.kuali.rice.core.api.uif.RemotableCheckboxTest
Tests run: 2, Failures: 0, Errors: 0, Skipped: 0, Time elapsed: 0.005 sec - in org.kuali.rice.core.api.uif.RemotableCheckboxTest
testHappyPath(org.kuali.rice.core.api.uif.RemotableCheckboxTest)  Time elapsed: 0 sec
testJAXB(org.kuali.rice.core.api.uif.RemotableCheckboxTest)  Time elapsed: 0.005 sec
Running org.kuali.rice.core.api.uif.RemotableDatepickerTest
Tests run: 2, Failures: 0, Errors: 0, Skipped: 0, Time elapsed: 0.001 sec - in org.kuali.rice.core.api.uif.RemotableDatepickerTest
testHappyPath(org.kuali.rice.core.api.uif.RemotableDatepickerTest)  Time elapsed: 0 sec
testJAXB(org.kuali.rice.core.api.uif.RemotableDatepickerTest)  Time elapsed: 0 sec
Running org.kuali.rice.core.api.uif.RemotableHiddenInputTest
Tests run: 2, Failures: 0, Errors: 0, Skipped: 0, Time elapsed: 0 sec - in org.kuali.rice.core.api.uif.RemotableHiddenInputTest
testHappyPath(org.kuali.rice.core.api.uif.RemotableHiddenInputTest)  Time elapsed: 0 sec
testJAXB(org.kuali.rice.core.api.uif.RemotableHiddenInputTest)  Time elapsed: 0 sec
Running org.kuali.rice.core.api.uif.RemotablePasswordInputTest
Tests run: 5, Failures: 0, Errors: 0, Skipped: 0, Time elapsed: 0.001 sec - in org.kuali.rice.core.api.uif.RemotablePasswordInputTest
testHappyPath(org.kuali.rice.core.api.uif.RemotablePasswordInputTest)  Time elapsed: 0 sec
testHappyPath2(org.kuali.rice.core.api.uif.RemotablePasswordInputTest)  Time elapsed: 0 sec
testJAXB(org.kuali.rice.core.api.uif.RemotablePasswordInputTest)  Time elapsed: 0 sec
testOptional(org.kuali.rice.core.api.uif.RemotablePasswordInputTest)  Time elapsed: 0 sec
testbadSize(org.kuali.rice.core.api.uif.RemotablePasswordInputTest)  Time elapsed: 0 sec
Running org.kuali.rice.core.api.uif.RemotableQuickFinderTest
Tests run: 8, Failures: 0, Errors: 0, Skipped: 0, Time elapsed: 0 sec - in org.kuali.rice.core.api.uif.RemotableQuickFinderTest
testOptional2(org.kuali.rice.core.api.uif.RemotableQuickFinderTest)  Time elapsed: 0 sec
testHappyPath(org.kuali.rice.core.api.uif.RemotableQuickFinderTest)  Time elapsed: 0 sec
testHappyPath2(org.kuali.rice.core.api.uif.RemotableQuickFinderTest)  Time elapsed: 0 sec
testJAXB1(org.kuali.rice.core.api.uif.RemotableQuickFinderTest)  Time elapsed: 0 sec
testJAXB2(org.kuali.rice.core.api.uif.RemotableQuickFinderTest)  Time elapsed: 0 sec
testBlankDO(org.kuali.rice.core.api.uif.RemotableQuickFinderTest)  Time elapsed: 0 sec
testOptional(org.kuali.rice.core.api.uif.RemotableQuickFinderTest)  Time elapsed: 0 sec
testNullDO(org.kuali.rice.core.api.uif.RemotableQuickFinderTest)  Time elapsed: 0 sec
Running org.kuali.rice.core.api.uif.RemotableRadioButtonGroupTest
Tests run: 5, Failures: 0, Errors: 0, Skipped: 0, Time elapsed: 0 sec - in org.kuali.rice.core.api.uif.RemotableRadioButtonGroupTest
testEmptyKeyLabels(org.kuali.rice.core.api.uif.RemotableRadioButtonGroupTest)  Time elapsed: 0 sec
testHappyPath(org.kuali.rice.core.api.uif.RemotableRadioButtonGroupTest)  Time elapsed: 0 sec
testHappyPath2(org.kuali.rice.core.api.uif.RemotableRadioButtonGroupTest)  Time elapsed: 0 sec
testJAXB(org.kuali.rice.core.api.uif.RemotableRadioButtonGroupTest)  Time elapsed: 0 sec
testNullKeyLabels(org.kuali.rice.core.api.uif.RemotableRadioButtonGroupTest)  Time elapsed: 0 sec
Running org.kuali.rice.core.api.uif.RemotableSelectGroupTest
Tests run: 7, Failures: 0, Errors: 0, Skipped: 0, Time elapsed: 0.001 sec - in org.kuali.rice.core.api.uif.RemotableSelectGroupTest
testEmptyLabel(org.kuali.rice.core.api.uif.RemotableSelectGroupTest)  Time elapsed: 0 sec
testEmptyKeyLabels(org.kuali.rice.core.api.uif.RemotableSelectGroupTest)  Time elapsed: 0 sec
testbadLabel(org.kuali.rice.core.api.uif.RemotableSelectGroupTest)  Time elapsed: 0 sec
testHappyPath(org.kuali.rice.core.api.uif.RemotableSelectGroupTest)  Time elapsed: 0 sec
testJAXB(org.kuali.rice.core.api.uif.RemotableSelectGroupTest)  Time elapsed: 0 sec
testNullKeyLabels(org.kuali.rice.core.api.uif.RemotableSelectGroupTest)  Time elapsed: 0 sec
testNullLabel(org.kuali.rice.core.api.uif.RemotableSelectGroupTest)  Time elapsed: 0 sec
Running org.kuali.rice.core.api.uif.RemotableSelectTest
Tests run: 9, Failures: 0, Errors: 0, Skipped: 0, Time elapsed: 0.001 sec - in org.kuali.rice.core.api.uif.RemotableSelectTest
testHappyPath(org.kuali.rice.core.api.uif.RemotableSelectTest)  Time elapsed: 0 sec
testHappyPath2(org.kuali.rice.core.api.uif.RemotableSelectTest)  Time elapsed: 0 sec
testJAXB1(org.kuali.rice.core.api.uif.RemotableSelectTest)  Time elapsed: 0 sec
testJAXB2(org.kuali.rice.core.api.uif.RemotableSelectTest)  Time elapsed: 0 sec
testOptional(org.kuali.rice.core.api.uif.RemotableSelectTest)  Time elapsed: 0 sec
testNullKeyLabels(org.kuali.rice.core.api.uif.RemotableSelectTest)  Time elapsed: 0 sec
testEmptyKeyLabelsAndGroups1(org.kuali.rice.core.api.uif.RemotableSelectTest)  Time elapsed: 0 sec
testEmptyKeyLabelsAndGroups2(org.kuali.rice.core.api.uif.RemotableSelectTest)  Time elapsed: 0 sec
testbadSize(org.kuali.rice.core.api.uif.RemotableSelectTest)  Time elapsed: 0 sec
Running org.kuali.rice.core.api.uif.RemotableTextareaTest
Tests run: 6, Failures: 0, Errors: 0, Skipped: 0, Time elapsed: 0 sec - in org.kuali.rice.core.api.uif.RemotableTextareaTest
testHappyPath(org.kuali.rice.core.api.uif.RemotableTextareaTest)  Time elapsed: 0 sec
testHappyPath2(org.kuali.rice.core.api.uif.RemotableTextareaTest)  Time elapsed: 0 sec
testJAXB(org.kuali.rice.core.api.uif.RemotableTextareaTest)  Time elapsed: 0 sec
testOptional(org.kuali.rice.core.api.uif.RemotableTextareaTest)  Time elapsed: 0 sec
testbadCols(org.kuali.rice.core.api.uif.RemotableTextareaTest)  Time elapsed: 0 sec
testbadRows(org.kuali.rice.core.api.uif.RemotableTextareaTest)  Time elapsed: 0 sec
Running org.kuali.rice.core.api.uif.RemotableTextExpandTest
Tests run: 2, Failures: 0, Errors: 0, Skipped: 0, Time elapsed: 0 sec - in org.kuali.rice.core.api.uif.RemotableTextExpandTest
testHappyPath(org.kuali.rice.core.api.uif.RemotableTextExpandTest)  Time elapsed: 0 sec
testJAXB(org.kuali.rice.core.api.uif.RemotableTextExpandTest)  Time elapsed: 0 sec
Running org.kuali.rice.core.api.uif.RemotableTextInputTest
Tests run: 5, Failures: 0, Errors: 0, Skipped: 0, Time elapsed: 0.001 sec - in org.kuali.rice.core.api.uif.RemotableTextInputTest
testHappyPath(org.kuali.rice.core.api.uif.RemotableTextInputTest)  Time elapsed: 0 sec
testHappyPath2(org.kuali.rice.core.api.uif.RemotableTextInputTest)  Time elapsed: 0 sec
testJAXB(org.kuali.rice.core.api.uif.RemotableTextInputTest)  Time elapsed: 0 sec
testOptional(org.kuali.rice.core.api.uif.RemotableTextInputTest)  Time elapsed: 0 sec
testbadSize(org.kuali.rice.core.api.uif.RemotableTextInputTest)  Time elapsed: 0 sec
Running org.kuali.rice.core.api.util.collect.PropertyTreeTest
Tests run: 46, Failures: 0, Errors: 0, Skipped: 0, Time elapsed: 0.002 sec - in org.kuali.rice.core.api.util.collect.PropertyTreeTest
testContainsValue_manyMixedKeys(org.kuali.rice.core.api.util.collect.PropertyTreeTest)  Time elapsed: 0 sec
testContainsKey_emptyTree(org.kuali.rice.core.api.util.collect.PropertyTreeTest)  Time elapsed: 0 sec
testSize_oneComplexKey(org.kuali.rice.core.api.util.collect.PropertyTreeTest)  Time elapsed: 0 sec
testGet_jstlGet(org.kuali.rice.core.api.util.collect.PropertyTreeTest)  Time elapsed: 0 sec
testContainsValue_oneSimpleKey(org.kuali.rice.core.api.util.collect.PropertyTreeTest)  Time elapsed: 0 sec
testContainsValue_unknownValue(org.kuali.rice.core.api.util.collect.PropertyTreeTest)  Time elapsed: 0 sec
testPut(org.kuali.rice.core.api.util.collect.PropertyTreeTest)  Time elapsed: 0 sec
testGet_unknownKey(org.kuali.rice.core.api.util.collect.PropertyTreeTest)  Time elapsed: 0 sec
testIsEmpty_oneSimpleKey(org.kuali.rice.core.api.util.collect.PropertyTreeTest)  Time elapsed: 0 sec
testClear(org.kuali.rice.core.api.util.collect.PropertyTreeTest)  Time elapsed: 0 sec
testSize_emptyTree(org.kuali.rice.core.api.util.collect.PropertyTreeTest)  Time elapsed: 0 sec
testContainsValue_oneComplexKey(org.kuali.rice.core.api.util.collect.PropertyTreeTest)  Time elapsed: 0 sec
testIsEmpty_manyMixedKeys(org.kuali.rice.core.api.util.collect.PropertyTreeTest)  Time elapsed: 0 sec
testContainsKey_invalidKey(org.kuali.rice.core.api.util.collect.PropertyTreeTest)  Time elapsed: 0 sec
testKeySet_manyMixedKeys(org.kuali.rice.core.api.util.collect.PropertyTreeTest)  Time elapsed: 0 sec
testIsEmpty_emptyTree(org.kuali.rice.core.api.util.collect.PropertyTreeTest)  Time elapsed: 0 sec
testContainsValue_emptyTree(org.kuali.rice.core.api.util.collect.PropertyTreeTest)  Time elapsed: 0 sec
testValues_manyMixedKeys(org.kuali.rice.core.api.util.collect.PropertyTreeTest)  Time elapsed: 0 sec
testGet_chainedGet(org.kuali.rice.core.api.util.collect.PropertyTreeTest)  Time elapsed: 0 sec
testEntrySet_emptyTree(org.kuali.rice.core.api.util.collect.PropertyTreeTest)  Time elapsed: 0 sec
testIsEmpty_oneComplexKey(org.kuali.rice.core.api.util.collect.PropertyTreeTest)  Time elapsed: 0 sec
testContainsKey_manyMixedKeys(org.kuali.rice.core.api.util.collect.PropertyTreeTest)  Time elapsed: 0 sec
testGet_invalidKey(org.kuali.rice.core.api.util.collect.PropertyTreeTest)  Time elapsed: 0 sec
testKeySet_oneComplexKey(org.kuali.rice.core.api.util.collect.PropertyTreeTest)  Time elapsed: 0 sec
testEntrySet_readwrite(org.kuali.rice.core.api.util.collect.PropertyTreeTest)  Time elapsed: 0 sec
testGet_manyMixedKeys(org.kuali.rice.core.api.util.collect.PropertyTreeTest)  Time elapsed: 0 sec
testContainsValue_invalidValue(org.kuali.rice.core.api.util.collect.PropertyTreeTest)  Time elapsed: 0 sec
testValues_oneSimpleKey(org.kuali.rice.core.api.util.collect.PropertyTreeTest)  Time elapsed: 0 sec
testValues_oneComplexKey(org.kuali.rice.core.api.util.collect.PropertyTreeTest)  Time elapsed: 0 sec
testContainsKey_oneComplexKey(org.kuali.rice.core.api.util.collect.PropertyTreeTest)  Time elapsed: 0 sec
testEntrySet_manyMixedKeys(org.kuali.rice.core.api.util.collect.PropertyTreeTest)  Time elapsed: 0 sec
testGet_oneComplexKey(org.kuali.rice.core.api.util.collect.PropertyTreeTest)  Time elapsed: 0 sec
testValues_emptyTree(org.kuali.rice.core.api.util.collect.PropertyTreeTest)  Time elapsed: 0 sec
testSize_oneSimpleKey(org.kuali.rice.core.api.util.collect.PropertyTreeTest)  Time elapsed: 0 sec
testKeySet_oneSimpleKey(org.kuali.rice.core.api.util.collect.PropertyTreeTest)  Time elapsed: 0 sec
testSize_manyMixedKeys(org.kuali.rice.core.api.util.collect.PropertyTreeTest)  Time elapsed: 0 sec
testPutAll(org.kuali.rice.core.api.util.collect.PropertyTreeTest)  Time elapsed: 0 sec
testContainsKey_oneSimpleKey(org.kuali.rice.core.api.util.collect.PropertyTreeTest)  Time elapsed: 0 sec
testRemove(org.kuali.rice.core.api.util.collect.PropertyTreeTest)  Time elapsed: 0 sec
testValues_readwrite(org.kuali.rice.core.api.util.collect.PropertyTreeTest)  Time elapsed: 0 sec
testKeySet_emptyTree(org.kuali.rice.core.api.util.collect.PropertyTreeTest)  Time elapsed: 0 sec
testEntrySet_oneComplexKey(org.kuali.rice.core.api.util.collect.PropertyTreeTest)  Time elapsed: 0 sec
testKeySet_readwrite(org.kuali.rice.core.api.util.collect.PropertyTreeTest)  Time elapsed: 0 sec
testGet_oneSimpleKey(org.kuali.rice.core.api.util.collect.PropertyTreeTest)  Time elapsed: 0 sec
testEntrySet_oneSimpleKey(org.kuali.rice.core.api.util.collect.PropertyTreeTest)  Time elapsed: 0 sec
testContainsKey_unknownKey(org.kuali.rice.core.api.util.collect.PropertyTreeTest)  Time elapsed: 0 sec
Running org.kuali.rice.core.api.util.EqualsAndHashCodeUtilsTest
Tests run: 11, Failures: 0, Errors: 0, Skipped: 0, Time elapsed: 0.014 sec - in org.kuali.rice.core.api.util.EqualsAndHashCodeUtilsTest
test_equalsUsingCompareToOnFields_shouldBeEqual(org.kuali.rice.core.api.util.EqualsAndHashCodeUtilsTest)  Time elapsed: 0 sec
test_equalsUsingCompareToOnFields_bothFieldsNull(org.kuali.rice.core.api.util.EqualsAndHashCodeUtilsTest)  Time elapsed: 0 sec
test_equalsUsingCompareToOnFields_oneFieldNull(org.kuali.rice.core.api.util.EqualsAndHashCodeUtilsTest)  Time elapsed: 0 sec
test_equalsUsingCompareToOnFields_sameInstance(org.kuali.rice.core.api.util.EqualsAndHashCodeUtilsTest)  Time elapsed: 0 sec
test_equalsUsingCompareToOnFields_bothReferencesNull(org.kuali.rice.core.api.util.EqualsAndHashCodeUtilsTest)  Time elapsed: 0 sec
test_hashCodeForCalendars_shouldBeUnequal(org.kuali.rice.core.api.util.EqualsAndHashCodeUtilsTest)  Time elapsed: 0.008 sec
test_equalsUsingCompareToOnFields_shouldBeUnEqual(org.kuali.rice.core.api.util.EqualsAndHashCodeUtilsTest)  Time elapsed: 0 sec
test_equalsUsingCompareToOnFields_oneReferenceNull(org.kuali.rice.core.api.util.EqualsAndHashCodeUtilsTest)  Time elapsed: 0 sec
test_hashCodeForCalendars(org.kuali.rice.core.api.util.EqualsAndHashCodeUtilsTest)  Time elapsed: 0.001 sec
test_equalsUsingCompareToOnFields_nonExistentField(org.kuali.rice.core.api.util.EqualsAndHashCodeUtilsTest)  Time elapsed: 0.003 sec
test_equalsUsingCompareToOnFields_nonComparableField(org.kuali.rice.core.api.util.EqualsAndHashCodeUtilsTest)  Time elapsed: 0.001 sec
Running org.kuali.rice.core.api.util.reflect.BaseInvocationHandlerTest
Tests run: 4, Failures: 0, Errors: 0, Skipped: 0, Time elapsed: 0.001 sec - in org.kuali.rice.core.api.util.reflect.BaseInvocationHandlerTest
testInvokeInternal(org.kuali.rice.core.api.util.reflect.BaseInvocationHandlerTest)  Time elapsed: 0 sec
testToString(org.kuali.rice.core.api.util.reflect.BaseInvocationHandlerTest)  Time elapsed: 0 sec
testHashCode(org.kuali.rice.core.api.util.reflect.BaseInvocationHandlerTest)  Time elapsed: 0 sec
testEquals(org.kuali.rice.core.api.util.reflect.BaseInvocationHandlerTest)  Time elapsed: 0 sec
Running org.kuali.rice.core.api.util.VersionHelperTest
Tests run: 2, Failures: 0, Errors: 0, Skipped: 0, Time elapsed: 0.001 sec - in org.kuali.rice.core.api.util.VersionHelperTest
testVersionHelper(org.kuali.rice.core.api.util.VersionHelperTest)  Time elapsed: 0 sec
testUndefined(org.kuali.rice.core.api.util.VersionHelperTest)  Time elapsed: 0 sec
Running org.kuali.rice.krad.util.KualiPercentTest
Tests run: 2, Failures: 0, Errors: 0, Skipped: 0, Time elapsed: 0 sec - in org.kuali.rice.krad.util.KualiPercentTest
testToKualiDecimal(org.kuali.rice.krad.util.KualiPercentTest)  Time elapsed: 0 sec
testFormat(org.kuali.rice.krad.util.KualiPercentTest)  Time elapsed: 0 sec

Results :

Tests run: 260, Failures: 0, Errors: 0, Skipped: 0

[INFO] 
[INFO] --- maven-jar-plugin:2.4:jar (default-jar) @ rice-core-api ---
[INFO] Building jar: C:\projects\rice\rice-middleware\core\api\target\rice-core-api-2.4.3-SNAPSHOT.jar
[INFO] 
[INFO] --- maven-jar-plugin:2.4:test-jar (testjar) @ rice-core-api ---
[INFO] Building jar: C:\projects\rice\rice-middleware\core\api\target\rice-core-api-2.4.3-SNAPSHOT-tests.jar
[INFO] 
[INFO] --- maven-failsafe-plugin:2.16:integration-test (integration-test) @ rice-core-api ---
[INFO] Tests are skipped.
[INFO] 
[INFO] --- maven-install-plugin:2.5.1:install (default-install) @ rice-core-api ---
[INFO] Installing C:\projects\rice\rice-middleware\core\api\target\rice-core-api-2.4.3-SNAPSHOT.jar to C:\Users\jawbenne\.m2\repository\org\kuali\rice\rice-core-api\2.4.3-SNAPSHOT\rice-core-api-2.4.3-SNAPSHOT.jar
[INFO] Installing C:\projects\rice\rice-middleware\core\api\pom.xml to C:\Users\jawbenne\.m2\repository\org\kuali\rice\rice-core-api\2.4.3-SNAPSHOT\rice-core-api-2.4.3-SNAPSHOT.pom
[INFO] Installing C:\projects\rice\rice-middleware\core\api\target\rice-core-api-2.4.3-SNAPSHOT-tests.jar to C:\Users\jawbenne\.m2\repository\org\kuali\rice\rice-core-api\2.4.3-SNAPSHOT\rice-core-api-2.4.3-SNAPSHOT-tests.jar
[INFO] 
[INFO] -----------------------< org.kuali.rice:rice-db >-----------------------
[INFO] Building Rice DB 2.4.3-SNAPSHOT                                   [5/96]
[INFO] --------------------------------[ pom ]---------------------------------
[INFO] 
[INFO] --- maven-clean-plugin:2.5:clean (default-clean) @ rice-db ---
[INFO] 
[INFO] >>> spring-maven-plugin:3.0.4:load (project-augment) > :load @ rice-db >>>
[INFO] 
[INFO] <<< spring-maven-plugin:3.0.4:load (project-augment) < :load @ rice-db <<<
[INFO] 
[INFO] 
[INFO] --- spring-maven-plugin:3.0.4:load (project-augment) @ rice-db ---
[INFO] Refreshing org.springframework.context.support.GenericXmlApplicationContext@65ad2b42: startup date [Mon Dec 03 17:01:49 EST 2018]; root of context hierarchy
[INFO] Pre-instantiating singletons in org.springframework.beans.factory.support.DefaultListableBeanFactory@4e51eda7: defining beans []; root of factory hierarchy
[INFO] Refreshing org.springframework.context.annotation.AnnotationConfigApplicationContext@2862271a: startup date [Mon Dec 03 17:01:49 EST 2018]; parent: org.springframework.context.support.GenericXmlApplicationContext@65ad2b42
[INFO] JSR-330 'javax.inject.Inject' annotation found and supported for autowiring
[INFO] Pre-instantiating singletons in org.springframework.beans.factory.support.DefaultListableBeanFactory@78fb72cb: defining beans [org.springframework.context.annotation.internalConfigurationAnnotationProcessor,org.springframework.context.annotation.internalAutowiredAnnotationProcessor,org.springframework.context.annotation.internalRequiredAnnotationProcessor,org.springframework.context.annotation.internalCommonAnnotationProcessor,mojoExecutableConfig,org.springframework.context.annotation.ConfigurationClassPostProcessor.importAwareProcessor,org.kuali.common.util.spring.service.SpringServiceConfig,springService,propertySourceService,environmentService,org.kuali.maven.plugins.spring.config.SpringMojoServiceConfig,springMojoService,org.kuali.common.util.xml.spring.Log4JXmlServiceConfig,xmlService,org.kuali.common.util.log.log4j.spring.Log4JConfig,log4JContextMaven,log4JContextDebug,log4JContextDefault,log4JContextJAXB,log4jService,log4JContextTest,org.kuali.maven.plugins.spring.config.MojoConfig,log4JExecutable,mojoServiceExecutable,mojoExecutable,getExecutable]; parent: org.springframework.beans.factory.support.DefaultListableBeanFactory@4e51eda7
[INFO] Forced mojo execution
[INFO] Refreshing org.springframework.context.support.GenericXmlApplicationContext@2f8f40cc: startup date [Mon Dec 03 17:01:49 EST 2018]; root of context hierarchy
[INFO] Pre-instantiating singletons in org.springframework.beans.factory.support.DefaultListableBeanFactory@5dd3727c: defining beans []; root of factory hierarchy
[INFO] Refreshing org.springframework.context.annotation.AnnotationConfigApplicationContext@774013dc: startup date [Mon Dec 03 17:01:49 EST 2018]; parent: org.springframework.context.support.GenericXmlApplicationContext@2f8f40cc
[INFO] JSR-330 'javax.inject.Inject' annotation found and supported for autowiring
[INFO] Pre-instantiating singletons in org.springframework.beans.factory.support.DefaultListableBeanFactory@76e9eed8: defining beans [org.springframework.context.annotation.internalConfigurationAnnotationProcessor,org.springframework.context.annotation.internalAutowiredAnnotationProcessor,org.springframework.context.annotation.internalRequiredAnnotationProcessor,org.springframework.context.annotation.internalCommonAnnotationProcessor,projectPropertySourceConfig,org.springframework.context.annotation.ConfigurationClassPostProcessor.importAwareProcessor,projectPropertySource]; parent: org.springframework.beans.factory.support.DefaultListableBeanFactory@5dd3727c
[INFO] Loading - [org.kuali.common.maven.spring.AugmentMavenPropertiesConfig]
[INFO] Refreshing Spring Maven Plugin : Load : 6: startup date [Mon Dec 03 17:01:49 EST 2018]; root of context hierarchy
[INFO] Pre-instantiating singletons in org.springframework.beans.factory.support.DefaultListableBeanFactory@5dce5c03: defining beans []; root of factory hierarchy
[INFO] Refreshing org.springframework.context.annotation.AnnotationConfigApplicationContext@b76b7d8: startup date [Mon Dec 03 17:01:49 EST 2018]; parent: Spring Maven Plugin : Load : 6
[INFO] JSR-330 'javax.inject.Inject' annotation found and supported for autowiring
[INFO] Pre-instantiating singletons in org.springframework.beans.factory.support.DefaultListableBeanFactory@63c4d16: defining beans [org.springframework.context.annotation.internalConfigurationAnnotationProcessor,org.springframework.context.annotation.internalAutowiredAnnotationProcessor,org.springframework.context.annotation.internalRequiredAnnotationProcessor,org.springframework.context.annotation.internalCommonAnnotationProcessor,augmentMavenPropertiesConfig,org.springframework.context.annotation.ConfigurationClassPostProcessor.importAwareProcessor,augmentMavenProperties]; parent: org.springframework.beans.factory.support.DefaultListableBeanFactory@5dce5c03
[INFO] Closing org.springframework.context.annotation.AnnotationConfigApplicationContext@b76b7d8: startup date [Mon Dec 03 17:01:49 EST 2018]; parent: Spring Maven Plugin : Load : 6
[INFO] Destroying singletons in org.springframework.beans.factory.support.DefaultListableBeanFactory@63c4d16: defining beans [org.springframework.context.annotation.internalConfigurationAnnotationProcessor,org.springframework.context.annotation.internalAutowiredAnnotationProcessor,org.springframework.context.annotation.internalRequiredAnnotationProcessor,org.springframework.context.annotation.internalCommonAnnotationProcessor,augmentMavenPropertiesConfig,org.springframework.context.annotation.ConfigurationClassPostProcessor.importAwareProcessor,augmentMavenProperties]; parent: org.springframework.beans.factory.support.DefaultListableBeanFactory@5dce5c03
[INFO] Closing org.springframework.context.annotation.AnnotationConfigApplicationContext@2862271a: startup date [Mon Dec 03 17:01:49 EST 2018]; parent: org.springframework.context.support.GenericXmlApplicationContext@65ad2b42
[INFO] Destroying singletons in org.springframework.beans.factory.support.DefaultListableBeanFactory@78fb72cb: defining beans [org.springframework.context.annotation.internalConfigurationAnnotationProcessor,org.springframework.context.annotation.internalAutowiredAnnotationProcessor,org.springframework.context.annotation.internalRequiredAnnotationProcessor,org.springframework.context.annotation.internalCommonAnnotationProcessor,mojoExecutableConfig,org.springframework.context.annotation.ConfigurationClassPostProcessor.importAwareProcessor,org.kuali.common.util.spring.service.SpringServiceConfig,springService,propertySourceService,environmentService,org.kuali.maven.plugins.spring.config.SpringMojoServiceConfig,springMojoService,org.kuali.common.util.xml.spring.Log4JXmlServiceConfig,xmlService,org.kuali.common.util.log.log4j.spring.Log4JConfig,log4JContextMaven,log4JContextDebug,log4JContextDefault,log4JContextJAXB,log4jService,log4JContextTest,org.kuali.maven.plugins.spring.config.MojoConfig,log4JExecutable,mojoServiceExecutable,mojoExecutable,getExecutable]; parent: org.springframework.beans.factory.support.DefaultListableBeanFactory@4e51eda7
[INFO] 
[INFO] >>> spring-maven-plugin:3.0.4:load (project-metainf) > :load @ rice-db >>>
[INFO] 
[INFO] <<< spring-maven-plugin:3.0.4:load (project-metainf) < :load @ rice-db <<<
[INFO] 
[INFO] 
[INFO] --- spring-maven-plugin:3.0.4:load (project-metainf) @ rice-db ---
[INFO] Refreshing org.springframework.context.support.GenericXmlApplicationContext@4627dfda: startup date [Mon Dec 03 17:01:49 EST 2018]; root of context hierarchy
[INFO] Pre-instantiating singletons in org.springframework.beans.factory.support.DefaultListableBeanFactory@eebc0db: defining beans []; root of factory hierarchy
[INFO] Refreshing org.springframework.context.annotation.AnnotationConfigApplicationContext@1214c98b: startup date [Mon Dec 03 17:01:49 EST 2018]; parent: org.springframework.context.support.GenericXmlApplicationContext@4627dfda
[INFO] JSR-330 'javax.inject.Inject' annotation found and supported for autowiring
[INFO] Pre-instantiating singletons in org.springframework.beans.factory.support.DefaultListableBeanFactory@6e0d058a: defining beans [org.springframework.context.annotation.internalConfigurationAnnotationProcessor,org.springframework.context.annotation.internalAutowiredAnnotationProcessor,org.springframework.context.annotation.internalRequiredAnnotationProcessor,org.springframework.context.annotation.internalCommonAnnotationProcessor,mojoExecutableConfig,org.springframework.context.annotation.ConfigurationClassPostProcessor.importAwareProcessor,org.kuali.common.util.spring.service.SpringServiceConfig,springService,propertySourceService,environmentService,org.kuali.maven.plugins.spring.config.SpringMojoServiceConfig,springMojoService,org.kuali.common.util.xml.spring.Log4JXmlServiceConfig,xmlService,org.kuali.common.util.log.log4j.spring.Log4JConfig,log4JContextMaven,log4JContextDebug,log4JContextDefault,log4JContextJAXB,log4jService,log4JContextTest,org.kuali.maven.plugins.spring.config.MojoConfig,log4JExecutable,mojoServiceExecutable,mojoExecutable,getExecutable]; parent: org.springframework.beans.factory.support.DefaultListableBeanFactory@eebc0db
[INFO] Skipping mojo execution for project with packaging type 'pom'
[INFO] Closing org.springframework.context.annotation.AnnotationConfigApplicationContext@1214c98b: startup date [Mon Dec 03 17:01:49 EST 2018]; parent: org.springframework.context.support.GenericXmlApplicationContext@4627dfda
[INFO] Destroying singletons in org.springframework.beans.factory.support.DefaultListableBeanFactory@6e0d058a: defining beans [org.springframework.context.annotation.internalConfigurationAnnotationProcessor,org.springframework.context.annotation.internalAutowiredAnnotationProcessor,org.springframework.context.annotation.internalRequiredAnnotationProcessor,org.springframework.context.annotation.internalCommonAnnotationProcessor,mojoExecutableConfig,org.springframework.context.annotation.ConfigurationClassPostProcessor.importAwareProcessor,org.kuali.common.util.spring.service.SpringServiceConfig,springService,propertySourceService,environmentService,org.kuali.maven.plugins.spring.config.SpringMojoServiceConfig,springMojoService,org.kuali.common.util.xml.spring.Log4JXmlServiceConfig,xmlService,org.kuali.common.util.log.log4j.spring.Log4JConfig,log4JContextMaven,log4JContextDebug,log4JContextDefault,log4JContextJAXB,log4jService,log4JContextTest,org.kuali.maven.plugins.spring.config.MojoConfig,log4JExecutable,mojoServiceExecutable,mojoExecutable,getExecutable]; parent: org.springframework.beans.factory.support.DefaultListableBeanFactory@eebc0db
[INFO] 
[INFO] --- maven-install-plugin:2.5.1:install (default-install) @ rice-db ---
[INFO] Installing C:\projects\rice\db\pom.xml to C:\Users\jawbenne\.m2\repository\org\kuali\rice\rice-db\2.4.3-SNAPSHOT\rice-db-2.4.3-SNAPSHOT.pom
[INFO] 
[INFO] ----------------------< org.kuali.rice:rice-sql >-----------------------
[INFO] Building Rice Sql 2.4.3-SNAPSHOT                                  [6/96]
[INFO] --------------------------------[ jar ]---------------------------------
[INFO] 
[INFO] --- maven-clean-plugin:2.5:clean (default-clean) @ rice-sql ---
[INFO] Deleting C:\projects\rice\db\sql\target
[INFO] 
[INFO] >>> spring-maven-plugin:3.0.4:load (project-augment) > :load @ rice-sql >>>
[INFO] 
[INFO] <<< spring-maven-plugin:3.0.4:load (project-augment) < :load @ rice-sql <<<
[INFO] 
[INFO] 
[INFO] --- spring-maven-plugin:3.0.4:load (project-augment) @ rice-sql ---
[INFO] Refreshing org.springframework.context.support.GenericXmlApplicationContext@44d84313: startup date [Mon Dec 03 17:01:50 EST 2018]; root of context hierarchy
[INFO] Pre-instantiating singletons in org.springframework.beans.factory.support.DefaultListableBeanFactory@41ddec69: defining beans []; root of factory hierarchy
[INFO] Refreshing org.springframework.context.annotation.AnnotationConfigApplicationContext@666b91db: startup date [Mon Dec 03 17:01:50 EST 2018]; parent: org.springframework.context.support.GenericXmlApplicationContext@44d84313
[INFO] JSR-330 'javax.inject.Inject' annotation found and supported for autowiring
[INFO] Pre-instantiating singletons in org.springframework.beans.factory.support.DefaultListableBeanFactory@22ee7fdc: defining beans [org.springframework.context.annotation.internalConfigurationAnnotationProcessor,org.springframework.context.annotation.internalAutowiredAnnotationProcessor,org.springframework.context.annotation.internalRequiredAnnotationProcessor,org.springframework.context.annotation.internalCommonAnnotationProcessor,mojoExecutableConfig,org.springframework.context.annotation.ConfigurationClassPostProcessor.importAwareProcessor,org.kuali.common.util.spring.service.SpringServiceConfig,springService,propertySourceService,environmentService,org.kuali.maven.plugins.spring.config.SpringMojoServiceConfig,springMojoService,org.kuali.common.util.xml.spring.Log4JXmlServiceConfig,xmlService,org.kuali.common.util.log.log4j.spring.Log4JConfig,log4JContextMaven,log4JContextDebug,log4JContextDefault,log4JContextJAXB,log4jService,log4JContextTest,org.kuali.maven.plugins.spring.config.MojoConfig,log4JExecutable,mojoServiceExecutable,mojoExecutable,getExecutable]; parent: org.springframework.beans.factory.support.DefaultListableBeanFactory@41ddec69
[INFO] Forced mojo execution
[INFO] Refreshing org.springframework.context.support.GenericXmlApplicationContext@4cbb11e4: startup date [Mon Dec 03 17:01:51 EST 2018]; root of context hierarchy
[INFO] Pre-instantiating singletons in org.springframework.beans.factory.support.DefaultListableBeanFactory@647aa45c: defining beans []; root of factory hierarchy
[INFO] Refreshing org.springframework.context.annotation.AnnotationConfigApplicationContext@3922b297: startup date [Mon Dec 03 17:01:51 EST 2018]; parent: org.springframework.context.support.GenericXmlApplicationContext@4cbb11e4
[INFO] JSR-330 'javax.inject.Inject' annotation found and supported for autowiring
[INFO] Pre-instantiating singletons in org.springframework.beans.factory.support.DefaultListableBeanFactory@72c1bf75: defining beans [org.springframework.context.annotation.internalConfigurationAnnotationProcessor,org.springframework.context.annotation.internalAutowiredAnnotationProcessor,org.springframework.context.annotation.internalRequiredAnnotationProcessor,org.springframework.context.annotation.internalCommonAnnotationProcessor,projectPropertySourceConfig,org.springframework.context.annotation.ConfigurationClassPostProcessor.importAwareProcessor,projectPropertySource]; parent: org.springframework.beans.factory.support.DefaultListableBeanFactory@647aa45c
[INFO] Loading - [org.kuali.common.maven.spring.AugmentMavenPropertiesConfig]
[INFO] Refreshing Spring Maven Plugin : Load : 1: startup date [Mon Dec 03 17:01:51 EST 2018]; root of context hierarchy
[INFO] Pre-instantiating singletons in org.springframework.beans.factory.support.DefaultListableBeanFactory@20e3b165: defining beans []; root of factory hierarchy
[INFO] Refreshing org.springframework.context.annotation.AnnotationConfigApplicationContext@34d3bfca: startup date [Mon Dec 03 17:01:51 EST 2018]; parent: Spring Maven Plugin : Load : 1
[INFO] JSR-330 'javax.inject.Inject' annotation found and supported for autowiring
[INFO] Pre-instantiating singletons in org.springframework.beans.factory.support.DefaultListableBeanFactory@7957aa57: defining beans [org.springframework.context.annotation.internalConfigurationAnnotationProcessor,org.springframework.context.annotation.internalAutowiredAnnotationProcessor,org.springframework.context.annotation.internalRequiredAnnotationProcessor,org.springframework.context.annotation.internalCommonAnnotationProcessor,augmentMavenPropertiesConfig,org.springframework.context.annotation.ConfigurationClassPostProcessor.importAwareProcessor,augmentMavenProperties]; parent: org.springframework.beans.factory.support.DefaultListableBeanFactory@20e3b165
[INFO] Closing org.springframework.context.annotation.AnnotationConfigApplicationContext@34d3bfca: startup date [Mon Dec 03 17:01:51 EST 2018]; parent: Spring Maven Plugin : Load : 1
[INFO] Destroying singletons in org.springframework.beans.factory.support.DefaultListableBeanFactory@7957aa57: defining beans [org.springframework.context.annotation.internalConfigurationAnnotationProcessor,org.springframework.context.annotation.internalAutowiredAnnotationProcessor,org.springframework.context.annotation.internalRequiredAnnotationProcessor,org.springframework.context.annotation.internalCommonAnnotationProcessor,augmentMavenPropertiesConfig,org.springframework.context.annotation.ConfigurationClassPostProcessor.importAwareProcessor,augmentMavenProperties]; parent: org.springframework.beans.factory.support.DefaultListableBeanFactory@20e3b165
[INFO] Closing org.springframework.context.annotation.AnnotationConfigApplicationContext@666b91db: startup date [Mon Dec 03 17:01:50 EST 2018]; parent: org.springframework.context.support.GenericXmlApplicationContext@44d84313
[INFO] Destroying singletons in org.springframework.beans.factory.support.DefaultListableBeanFactory@22ee7fdc: defining beans [org.springframework.context.annotation.internalConfigurationAnnotationProcessor,org.springframework.context.annotation.internalAutowiredAnnotationProcessor,org.springframework.context.annotation.internalRequiredAnnotationProcessor,org.springframework.context.annotation.internalCommonAnnotationProcessor,mojoExecutableConfig,org.springframework.context.annotation.ConfigurationClassPostProcessor.importAwareProcessor,org.kuali.common.util.spring.service.SpringServiceConfig,springService,propertySourceService,environmentService,org.kuali.maven.plugins.spring.config.SpringMojoServiceConfig,springMojoService,org.kuali.common.util.xml.spring.Log4JXmlServiceConfig,xmlService,org.kuali.common.util.log.log4j.spring.Log4JConfig,log4JContextMaven,log4JContextDebug,log4JContextDefault,log4JContextJAXB,log4jService,log4JContextTest,org.kuali.maven.plugins.spring.config.MojoConfig,log4JExecutable,mojoServiceExecutable,mojoExecutable,getExecutable]; parent: org.springframework.beans.factory.support.DefaultListableBeanFactory@41ddec69
[INFO] 
[INFO] >>> spring-maven-plugin:3.0.4:load (project-metainf) > :load @ rice-sql >>>
[INFO] 
[INFO] <<< spring-maven-plugin:3.0.4:load (project-metainf) < :load @ rice-sql <<<
[INFO] 
[INFO] 
[INFO] --- spring-maven-plugin:3.0.4:load (project-metainf) @ rice-sql ---
[INFO] Refreshing org.springframework.context.support.GenericXmlApplicationContext@ba27ce6: startup date [Mon Dec 03 17:01:51 EST 2018]; root of context hierarchy
[INFO] Pre-instantiating singletons in org.springframework.beans.factory.support.DefaultListableBeanFactory@261b6c8c: defining beans []; root of factory hierarchy
[INFO] Refreshing org.springframework.context.annotation.AnnotationConfigApplicationContext@2dcbf825: startup date [Mon Dec 03 17:01:51 EST 2018]; parent: org.springframework.context.support.GenericXmlApplicationContext@ba27ce6
[INFO] JSR-330 'javax.inject.Inject' annotation found and supported for autowiring
[INFO] Pre-instantiating singletons in org.springframework.beans.factory.support.DefaultListableBeanFactory@59c00010: defining beans [org.springframework.context.annotation.internalConfigurationAnnotationProcessor,org.springframework.context.annotation.internalAutowiredAnnotationProcessor,org.springframework.context.annotation.internalRequiredAnnotationProcessor,org.springframework.context.annotation.internalCommonAnnotationProcessor,mojoExecutableConfig,org.springframework.context.annotation.ConfigurationClassPostProcessor.importAwareProcessor,org.kuali.common.util.spring.service.SpringServiceConfig,springService,propertySourceService,environmentService,org.kuali.maven.plugins.spring.config.SpringMojoServiceConfig,springMojoService,org.kuali.common.util.xml.spring.Log4JXmlServiceConfig,xmlService,org.kuali.common.util.log.log4j.spring.Log4JConfig,log4JContextMaven,log4JContextDebug,log4JContextDefault,log4JContextJAXB,log4jService,log4JContextTest,org.kuali.maven.plugins.spring.config.MojoConfig,log4JExecutable,mojoServiceExecutable,mojoExecutable,getExecutable]; parent: org.springframework.beans.factory.support.DefaultListableBeanFactory@261b6c8c
[INFO] Refreshing org.springframework.context.support.GenericXmlApplicationContext@d28a235: startup date [Mon Dec 03 17:01:51 EST 2018]; root of context hierarchy
[INFO] Pre-instantiating singletons in org.springframework.beans.factory.support.DefaultListableBeanFactory@4fc2933e: defining beans []; root of factory hierarchy
[INFO] Refreshing org.springframework.context.annotation.AnnotationConfigApplicationContext@3c9c91e3: startup date [Mon Dec 03 17:01:51 EST 2018]; parent: org.springframework.context.support.GenericXmlApplicationContext@d28a235
[INFO] JSR-330 'javax.inject.Inject' annotation found and supported for autowiring
[INFO] Pre-instantiating singletons in org.springframework.beans.factory.support.DefaultListableBeanFactory@2f2d8770: defining beans [org.springframework.context.annotation.internalConfigurationAnnotationProcessor,org.springframework.context.annotation.internalAutowiredAnnotationProcessor,org.springframework.context.annotation.internalRequiredAnnotationProcessor,org.springframework.context.annotation.internalCommonAnnotationProcessor,projectPropertySourceConfig,org.springframework.context.annotation.ConfigurationClassPostProcessor.importAwareProcessor,projectPropertySource]; parent: org.springframework.beans.factory.support.DefaultListableBeanFactory@4fc2933e
[INFO] Loading - [org.kuali.common.util.spring.MetaInfProjectPropertiesConfig]
[INFO] Refreshing Spring Maven Plugin : Load : 2: startup date [Mon Dec 03 17:01:51 EST 2018]; root of context hierarchy
[INFO] Pre-instantiating singletons in org.springframework.beans.factory.support.DefaultListableBeanFactory@244f356: defining beans []; root of factory hierarchy
[INFO] Refreshing org.springframework.context.annotation.AnnotationConfigApplicationContext@19855799: startup date [Mon Dec 03 17:01:51 EST 2018]; parent: Spring Maven Plugin : Load : 2
[INFO] JSR-330 'javax.inject.Inject' annotation found and supported for autowiring
[INFO] Pre-instantiating singletons in org.springframework.beans.factory.support.DefaultListableBeanFactory@1c06f19c: defining beans [org.springframework.context.annotation.internalConfigurationAnnotationProcessor,org.springframework.context.annotation.internalAutowiredAnnotationProcessor,org.springframework.context.annotation.internalRequiredAnnotationProcessor,org.springframework.context.annotation.internalCommonAnnotationProcessor,metaInfProjectPropertiesConfig,org.springframework.context.annotation.ConfigurationClassPostProcessor.importAwareProcessor,org.kuali.common.util.spring.MetaInfProjectPropertiesSetupConfig,storePropertiesExecutablesExectuable,springProperties,pspc,executable]; parent: org.springframework.beans.factory.support.DefaultListableBeanFactory@244f356
[INFO] Closing org.springframework.context.annotation.AnnotationConfigApplicationContext@19855799: startup date [Mon Dec 03 17:01:51 EST 2018]; parent: Spring Maven Plugin : Load : 2
[INFO] Destroying singletons in org.springframework.beans.factory.support.DefaultListableBeanFactory@1c06f19c: defining beans [org.springframework.context.annotation.internalConfigurationAnnotationProcessor,org.springframework.context.annotation.internalAutowiredAnnotationProcessor,org.springframework.context.annotation.internalRequiredAnnotationProcessor,org.springframework.context.annotation.internalCommonAnnotationProcessor,metaInfProjectPropertiesConfig,org.springframework.context.annotation.ConfigurationClassPostProcessor.importAwareProcessor,org.kuali.common.util.spring.MetaInfProjectPropertiesSetupConfig,storePropertiesExecutablesExectuable,springProperties,pspc,executable]; parent: org.springframework.beans.factory.support.DefaultListableBeanFactory@244f356
[INFO] Closing org.springframework.context.annotation.AnnotationConfigApplicationContext@2dcbf825: startup date [Mon Dec 03 17:01:51 EST 2018]; parent: org.springframework.context.support.GenericXmlApplicationContext@ba27ce6
[INFO] Destroying singletons in org.springframework.beans.factory.support.DefaultListableBeanFactory@59c00010: defining beans [org.springframework.context.annotation.internalConfigurationAnnotationProcessor,org.springframework.context.annotation.internalAutowiredAnnotationProcessor,org.springframework.context.annotation.internalRequiredAnnotationProcessor,org.springframework.context.annotation.internalCommonAnnotationProcessor,mojoExecutableConfig,org.springframework.context.annotation.ConfigurationClassPostProcessor.importAwareProcessor,org.kuali.common.util.spring.service.SpringServiceConfig,springService,propertySourceService,environmentService,org.kuali.maven.plugins.spring.config.SpringMojoServiceConfig,springMojoService,org.kuali.common.util.xml.spring.Log4JXmlServiceConfig,xmlService,org.kuali.common.util.log.log4j.spring.Log4JConfig,log4JContextMaven,log4JContextDebug,log4JContextDefault,log4JContextJAXB,log4jService,log4JContextTest,org.kuali.maven.plugins.spring.config.MojoConfig,log4JExecutable,mojoServiceExecutable,mojoExecutable,getExecutable]; parent: org.springframework.beans.factory.support.DefaultListableBeanFactory@261b6c8c
[INFO] 
[INFO] --- maven-resources-plugin:2.6:resources (default-resources) @ rice-sql ---
[INFO] Using 'UTF-8' encoding to copy filtered resources.
[INFO] Copying 334 resources
[INFO] 
[INFO] --- maven-compiler-plugin:3.8.0:compile (default-compile) @ rice-sql ---
[INFO] Changes detected - recompiling the module!
[INFO] Using Groovy-Eclipse compiler to compile both Java and Groovy files
[INFO] Compiling in a forked process using C:\Users\jawbenne\.m2\repository\org\codehaus\groovy\groovy-eclipse-batch\2.4.15-01\groovy-eclipse-batch-2.4.15-01.jar
[WARNING] Error output from groovy-eclipse compiler:
Annotation processing got disabled, since it requires a 1.6 compliant JVM

[INFO] 
[INFO] --- maven-resources-plugin:2.6:testResources (default-testResources) @ rice-sql ---
[INFO] Not copying test resources
[INFO] 
[INFO] --- maven-compiler-plugin:3.8.0:testCompile (default-testCompile) @ rice-sql ---
[INFO] Not compiling test sources
[INFO] 
[INFO] --- maven-surefire-plugin:2.16:test (default-test) @ rice-sql ---
[INFO] No tests to run.
[INFO] 
[INFO] >>> spring-maven-plugin:3.0.4:load (metainf) > :load @ rice-sql >>>
[INFO] 
[INFO] <<< spring-maven-plugin:3.0.4:load (metainf) < :load @ rice-sql <<<
[INFO] 
[INFO] 
[INFO] --- spring-maven-plugin:3.0.4:load (metainf) @ rice-sql ---
[INFO] Refreshing org.springframework.context.support.GenericXmlApplicationContext@3355d9ba: startup date [Mon Dec 03 17:01:55 EST 2018]; root of context hierarchy
[INFO] Pre-instantiating singletons in org.springframework.beans.factory.support.DefaultListableBeanFactory@6f651ac: defining beans []; root of factory hierarchy
[INFO] Refreshing org.springframework.context.annotation.AnnotationConfigApplicationContext@4a29a1e6: startup date [Mon Dec 03 17:01:55 EST 2018]; parent: org.springframework.context.support.GenericXmlApplicationContext@3355d9ba
[INFO] JSR-330 'javax.inject.Inject' annotation found and supported for autowiring
[INFO] Pre-instantiating singletons in org.springframework.beans.factory.support.DefaultListableBeanFactory@3a663a45: defining beans [org.springframework.context.annotation.internalConfigurationAnnotationProcessor,org.springframework.context.annotation.internalAutowiredAnnotationProcessor,org.springframework.context.annotation.internalRequiredAnnotationProcessor,org.springframework.context.annotation.internalCommonAnnotationProcessor,mojoExecutableConfig,org.springframework.context.annotation.ConfigurationClassPostProcessor.importAwareProcessor,org.kuali.common.util.spring.service.SpringServiceConfig,springService,propertySourceService,environmentService,org.kuali.maven.plugins.spring.config.SpringMojoServiceConfig,springMojoService,org.kuali.common.util.xml.spring.Log4JXmlServiceConfig,xmlService,org.kuali.common.util.log.log4j.spring.Log4JConfig,log4JContextMaven,log4JContextDebug,log4JContextDefault,log4JContextJAXB,log4jService,log4JContextTest,org.kuali.maven.plugins.spring.config.MojoConfig,log4JExecutable,mojoServiceExecutable,mojoExecutable,getExecutable]; parent: org.springframework.beans.factory.support.DefaultListableBeanFactory@6f651ac
[INFO] Refreshing org.springframework.context.support.GenericXmlApplicationContext@15c3849f: startup date [Mon Dec 03 17:01:55 EST 2018]; root of context hierarchy
[INFO] Pre-instantiating singletons in org.springframework.beans.factory.support.DefaultListableBeanFactory@688efeb2: defining beans []; root of factory hierarchy
[INFO] Refreshing org.springframework.context.annotation.AnnotationConfigApplicationContext@85f5f55: startup date [Mon Dec 03 17:01:55 EST 2018]; parent: org.springframework.context.support.GenericXmlApplicationContext@15c3849f
[INFO] JSR-330 'javax.inject.Inject' annotation found and supported for autowiring
[INFO] Pre-instantiating singletons in org.springframework.beans.factory.support.DefaultListableBeanFactory@394331a8: defining beans [org.springframework.context.annotation.internalConfigurationAnnotationProcessor,org.springframework.context.annotation.internalAutowiredAnnotationProcessor,org.springframework.context.annotation.internalRequiredAnnotationProcessor,org.springframework.context.annotation.internalCommonAnnotationProcessor,mavenPropertySourceConfig,org.springframework.context.annotation.ConfigurationClassPostProcessor.importAwareProcessor,propertySource]; parent: org.springframework.beans.factory.support.DefaultListableBeanFactory@688efeb2
[INFO] Loading - [org.kuali.common.util.metainf.spring.RiceSqlConfig]
[INFO] Refreshing Spring Maven Plugin : Load : 3: startup date [Mon Dec 03 17:01:55 EST 2018]; root of context hierarchy
[INFO] Pre-instantiating singletons in org.springframework.beans.factory.support.DefaultListableBeanFactory@248b2091: defining beans []; root of factory hierarchy
[INFO] Refreshing org.springframework.context.annotation.AnnotationConfigApplicationContext@3b0c38f2: startup date [Mon Dec 03 17:01:55 EST 2018]; parent: Spring Maven Plugin : Load : 3
[INFO] JSR-330 'javax.inject.Inject' annotation found and supported for autowiring
[INFO] Pre-instantiating singletons in org.springframework.beans.factory.support.DefaultListableBeanFactory@4ddb9a8: defining beans [org.springframework.context.annotation.internalConfigurationAnnotationProcessor,org.springframework.context.annotation.internalAutowiredAnnotationProcessor,org.springframework.context.annotation.internalRequiredAnnotationProcessor,org.springframework.context.annotation.internalCommonAnnotationProcessor,riceSqlConfig,org.springframework.context.annotation.ConfigurationClassPostProcessor.importAwareProcessor,org.kuali.common.util.project.spring.AutowiredProjectConfig$AutowiredMavenPropertiesProjectConfig,build,project,org.kuali.common.util.project.spring.AutowiredProjectConfig,org.kuali.common.util.metainf.spring.MetaInfServiceConfig,metaInfService,org.kuali.common.util.spring.service.SpringServiceConfig,springService,propertySourceService,environmentService,org.kuali.common.util.metainf.spring.MetaInfExecutableConfig,executable,metaInfContexts]; parent: org.springframework.beans.factory.support.DefaultListableBeanFactory@248b2091
[INFO] Creating [\META-INF\org\kuali\rice\rice-sql\mysql\schema.resources] - 1 resources
[INFO] Creating [\META-INF\org\kuali\rice\rice-sql\mysql\data.resources] - 125 resources
[INFO] Creating [\META-INF\org\kuali\rice\rice-sql\mysql\constraints.resources] - 1 resources
[INFO] Creating [\META-INF\org\kuali\rice\rice-sql\mysql\other.resources] - 38 resources
[INFO] Creating [\META-INF\org\kuali\rice\rice-sql\oracle\schema.resources] - 1 resources
[INFO] Creating [\META-INF\org\kuali\rice\rice-sql\oracle\data.resources] - 125 resources
[INFO] Creating [\META-INF\org\kuali\rice\rice-sql\oracle\constraints.resources] - 1 resources
[INFO] Creating [\META-INF\org\kuali\rice\rice-sql\oracle\other.resources] - 38 resources
[INFO] Closing org.springframework.context.annotation.AnnotationConfigApplicationContext@3b0c38f2: startup date [Mon Dec 03 17:01:55 EST 2018]; parent: Spring Maven Plugin : Load : 3
[INFO] Destroying singletons in org.springframework.beans.factory.support.DefaultListableBeanFactory@4ddb9a8: defining beans [org.springframework.context.annotation.internalConfigurationAnnotationProcessor,org.springframework.context.annotation.internalAutowiredAnnotationProcessor,org.springframework.context.annotation.internalRequiredAnnotationProcessor,org.springframework.context.annotation.internalCommonAnnotationProcessor,riceSqlConfig,org.springframework.context.annotation.ConfigurationClassPostProcessor.importAwareProcessor,org.kuali.common.util.project.spring.AutowiredProjectConfig$AutowiredMavenPropertiesProjectConfig,build,project,org.kuali.common.util.project.spring.AutowiredProjectConfig,org.kuali.common.util.metainf.spring.MetaInfServiceConfig,metaInfService,org.kuali.common.util.spring.service.SpringServiceConfig,springService,propertySourceService,environmentService,org.kuali.common.util.metainf.spring.MetaInfExecutableConfig,executable,metaInfContexts]; parent: org.springframework.beans.factory.support.DefaultListableBeanFactory@248b2091
[INFO] Closing org.springframework.context.annotation.AnnotationConfigApplicationContext@4a29a1e6: startup date [Mon Dec 03 17:01:55 EST 2018]; parent: org.springframework.context.support.GenericXmlApplicationContext@3355d9ba
[INFO] Destroying singletons in org.springframework.beans.factory.support.DefaultListableBeanFactory@3a663a45: defining beans [org.springframework.context.annotation.internalConfigurationAnnotationProcessor,org.springframework.context.annotation.internalAutowiredAnnotationProcessor,org.springframework.context.annotation.internalRequiredAnnotationProcessor,org.springframework.context.annotation.internalCommonAnnotationProcessor,mojoExecutableConfig,org.springframework.context.annotation.ConfigurationClassPostProcessor.importAwareProcessor,org.kuali.common.util.spring.service.SpringServiceConfig,springService,propertySourceService,environmentService,org.kuali.maven.plugins.spring.config.SpringMojoServiceConfig,springMojoService,org.kuali.common.util.xml.spring.Log4JXmlServiceConfig,xmlService,org.kuali.common.util.log.log4j.spring.Log4JConfig,log4JContextMaven,log4JContextDebug,log4JContextDefault,log4JContextJAXB,log4jService,log4JContextTest,org.kuali.maven.plugins.spring.config.MojoConfig,log4JExecutable,mojoServiceExecutable,mojoExecutable,getExecutable]; parent: org.springframework.beans.factory.support.DefaultListableBeanFactory@6f651ac
[INFO] 
[INFO] --- maven-jar-plugin:2.4:jar (default-jar) @ rice-sql ---
[INFO] Building jar: C:\projects\rice\db\sql\target\rice-sql-2.4.3-SNAPSHOT.jar
[INFO] 
[INFO] --- maven-install-plugin:2.5.1:install (default-install) @ rice-sql ---
[INFO] Installing C:\projects\rice\db\sql\target\rice-sql-2.4.3-SNAPSHOT.jar to C:\Users\jawbenne\.m2\repository\org\kuali\rice\rice-sql\2.4.3-SNAPSHOT\rice-sql-2.4.3-SNAPSHOT.jar
[INFO] Installing C:\projects\rice\db\sql\pom.xml to C:\Users\jawbenne\.m2\repository\org\kuali\rice\rice-sql\2.4.3-SNAPSHOT\rice-sql-2.4.3-SNAPSHOT.pom
[INFO] 
[INFO] ---------------------< org.kuali.rice:rice-impex >----------------------
[INFO] Building Rice Impex 2.4.3-SNAPSHOT                                [7/96]
[INFO] --------------------------------[ pom ]---------------------------------
[INFO] 
[INFO] --- maven-clean-plugin:2.5:clean (default-clean) @ rice-impex ---
[INFO] 
[INFO] >>> spring-maven-plugin:3.0.4:load (project-augment) > :load @ rice-impex >>>
[INFO] 
[INFO] <<< spring-maven-plugin:3.0.4:load (project-augment) < :load @ rice-impex <<<
[INFO] 
[INFO] 
[INFO] --- spring-maven-plugin:3.0.4:load (project-augment) @ rice-impex ---
[INFO] Refreshing org.springframework.context.support.GenericXmlApplicationContext@6dbdeb69: startup date [Mon Dec 03 17:01:56 EST 2018]; root of context hierarchy
[INFO] Pre-instantiating singletons in org.springframework.beans.factory.support.DefaultListableBeanFactory@5773f83d: defining beans []; root of factory hierarchy
[INFO] Refreshing org.springframework.context.annotation.AnnotationConfigApplicationContext@7fcfe065: startup date [Mon Dec 03 17:01:56 EST 2018]; parent: org.springframework.context.support.GenericXmlApplicationContext@6dbdeb69
[INFO] JSR-330 'javax.inject.Inject' annotation found and supported for autowiring
[INFO] Pre-instantiating singletons in org.springframework.beans.factory.support.DefaultListableBeanFactory@6b4a2887: defining beans [org.springframework.context.annotation.internalConfigurationAnnotationProcessor,org.springframework.context.annotation.internalAutowiredAnnotationProcessor,org.springframework.context.annotation.internalRequiredAnnotationProcessor,org.springframework.context.annotation.internalCommonAnnotationProcessor,mojoExecutableConfig,org.springframework.context.annotation.ConfigurationClassPostProcessor.importAwareProcessor,org.kuali.common.util.spring.service.SpringServiceConfig,springService,propertySourceService,environmentService,org.kuali.maven.plugins.spring.config.SpringMojoServiceConfig,springMojoService,org.kuali.common.util.xml.spring.Log4JXmlServiceConfig,xmlService,org.kuali.common.util.log.log4j.spring.Log4JConfig,log4JContextMaven,log4JContextDebug,log4JContextDefault,log4JContextJAXB,log4jService,log4JContextTest,org.kuali.maven.plugins.spring.config.MojoConfig,log4JExecutable,mojoServiceExecutable,mojoExecutable,getExecutable]; parent: org.springframework.beans.factory.support.DefaultListableBeanFactory@5773f83d
[INFO] Forced mojo execution
[INFO] Refreshing org.springframework.context.support.GenericXmlApplicationContext@4b4228cf: startup date [Mon Dec 03 17:01:56 EST 2018]; root of context hierarchy
[INFO] Pre-instantiating singletons in org.springframework.beans.factory.support.DefaultListableBeanFactory@74ee97cb: defining beans []; root of factory hierarchy
[INFO] Refreshing org.springframework.context.annotation.AnnotationConfigApplicationContext@268e30d4: startup date [Mon Dec 03 17:01:56 EST 2018]; parent: org.springframework.context.support.GenericXmlApplicationContext@4b4228cf
[INFO] JSR-330 'javax.inject.Inject' annotation found and supported for autowiring
[INFO] Pre-instantiating singletons in org.springframework.beans.factory.support.DefaultListableBeanFactory@af007d6: defining beans [org.springframework.context.annotation.internalConfigurationAnnotationProcessor,org.springframework.context.annotation.internalAutowiredAnnotationProcessor,org.springframework.context.annotation.internalRequiredAnnotationProcessor,org.springframework.context.annotation.internalCommonAnnotationProcessor,projectPropertySourceConfig,org.springframework.context.annotation.ConfigurationClassPostProcessor.importAwareProcessor,projectPropertySource]; parent: org.springframework.beans.factory.support.DefaultListableBeanFactory@74ee97cb
[INFO] Loading - [org.kuali.common.maven.spring.AugmentMavenPropertiesConfig]
[INFO] Refreshing Spring Maven Plugin : Load : 7: startup date [Mon Dec 03 17:01:56 EST 2018]; root of context hierarchy
[INFO] Pre-instantiating singletons in org.springframework.beans.factory.support.DefaultListableBeanFactory@281963c: defining beans []; root of factory hierarchy
[INFO] Refreshing org.springframework.context.annotation.AnnotationConfigApplicationContext@2a2815cc: startup date [Mon Dec 03 17:01:56 EST 2018]; parent: Spring Maven Plugin : Load : 7
[INFO] JSR-330 'javax.inject.Inject' annotation found and supported for autowiring
[INFO] Pre-instantiating singletons in org.springframework.beans.factory.support.DefaultListableBeanFactory@7fdabb3b: defining beans [org.springframework.context.annotation.internalConfigurationAnnotationProcessor,org.springframework.context.annotation.internalAutowiredAnnotationProcessor,org.springframework.context.annotation.internalRequiredAnnotationProcessor,org.springframework.context.annotation.internalCommonAnnotationProcessor,augmentMavenPropertiesConfig,org.springframework.context.annotation.ConfigurationClassPostProcessor.importAwareProcessor,augmentMavenProperties]; parent: org.springframework.beans.factory.support.DefaultListableBeanFactory@281963c
[INFO] Closing org.springframework.context.annotation.AnnotationConfigApplicationContext@2a2815cc: startup date [Mon Dec 03 17:01:56 EST 2018]; parent: Spring Maven Plugin : Load : 7
[INFO] Destroying singletons in org.springframework.beans.factory.support.DefaultListableBeanFactory@7fdabb3b: defining beans [org.springframework.context.annotation.internalConfigurationAnnotationProcessor,org.springframework.context.annotation.internalAutowiredAnnotationProcessor,org.springframework.context.annotation.internalRequiredAnnotationProcessor,org.springframework.context.annotation.internalCommonAnnotationProcessor,augmentMavenPropertiesConfig,org.springframework.context.annotation.ConfigurationClassPostProcessor.importAwareProcessor,augmentMavenProperties]; parent: org.springframework.beans.factory.support.DefaultListableBeanFactory@281963c
[INFO] Closing org.springframework.context.annotation.AnnotationConfigApplicationContext@7fcfe065: startup date [Mon Dec 03 17:01:56 EST 2018]; parent: org.springframework.context.support.GenericXmlApplicationContext@6dbdeb69
[INFO] Destroying singletons in org.springframework.beans.factory.support.DefaultListableBeanFactory@6b4a2887: defining beans [org.springframework.context.annotation.internalConfigurationAnnotationProcessor,org.springframework.context.annotation.internalAutowiredAnnotationProcessor,org.springframework.context.annotation.internalRequiredAnnotationProcessor,org.springframework.context.annotation.internalCommonAnnotationProcessor,mojoExecutableConfig,org.springframework.context.annotation.ConfigurationClassPostProcessor.importAwareProcessor,org.kuali.common.util.spring.service.SpringServiceConfig,springService,propertySourceService,environmentService,org.kuali.maven.plugins.spring.config.SpringMojoServiceConfig,springMojoService,org.kuali.common.util.xml.spring.Log4JXmlServiceConfig,xmlService,org.kuali.common.util.log.log4j.spring.Log4JConfig,log4JContextMaven,log4JContextDebug,log4JContextDefault,log4JContextJAXB,log4jService,log4JContextTest,org.kuali.maven.plugins.spring.config.MojoConfig,log4JExecutable,mojoServiceExecutable,mojoExecutable,getExecutable]; parent: org.springframework.beans.factory.support.DefaultListableBeanFactory@5773f83d
[INFO] 
[INFO] >>> spring-maven-plugin:3.0.4:load (project-metainf) > :load @ rice-impex >>>
[INFO] 
[INFO] <<< spring-maven-plugin:3.0.4:load (project-metainf) < :load @ rice-impex <<<
[INFO] 
[INFO] 
[INFO] --- spring-maven-plugin:3.0.4:load (project-metainf) @ rice-impex ---
[INFO] Refreshing org.springframework.context.support.GenericXmlApplicationContext@2de07c57: startup date [Mon Dec 03 17:01:56 EST 2018]; root of context hierarchy
[INFO] Pre-instantiating singletons in org.springframework.beans.factory.support.DefaultListableBeanFactory@59d09ff3: defining beans []; root of factory hierarchy
[INFO] Refreshing org.springframework.context.annotation.AnnotationConfigApplicationContext@17d0d3d7: startup date [Mon Dec 03 17:01:56 EST 2018]; parent: org.springframework.context.support.GenericXmlApplicationContext@2de07c57
[INFO] JSR-330 'javax.inject.Inject' annotation found and supported for autowiring
[INFO] Pre-instantiating singletons in org.springframework.beans.factory.support.DefaultListableBeanFactory@106edde4: defining beans [org.springframework.context.annotation.internalConfigurationAnnotationProcessor,org.springframework.context.annotation.internalAutowiredAnnotationProcessor,org.springframework.context.annotation.internalRequiredAnnotationProcessor,org.springframework.context.annotation.internalCommonAnnotationProcessor,mojoExecutableConfig,org.springframework.context.annotation.ConfigurationClassPostProcessor.importAwareProcessor,org.kuali.common.util.spring.service.SpringServiceConfig,springService,propertySourceService,environmentService,org.kuali.maven.plugins.spring.config.SpringMojoServiceConfig,springMojoService,org.kuali.common.util.xml.spring.Log4JXmlServiceConfig,xmlService,org.kuali.common.util.log.log4j.spring.Log4JConfig,log4JContextMaven,log4JContextDebug,log4JContextDefault,log4JContextJAXB,log4jService,log4JContextTest,org.kuali.maven.plugins.spring.config.MojoConfig,log4JExecutable,mojoServiceExecutable,mojoExecutable,getExecutable]; parent: org.springframework.beans.factory.support.DefaultListableBeanFactory@59d09ff3
[INFO] Skipping mojo execution for project with packaging type 'pom'
[INFO] Closing org.springframework.context.annotation.AnnotationConfigApplicationContext@17d0d3d7: startup date [Mon Dec 03 17:01:56 EST 2018]; parent: org.springframework.context.support.GenericXmlApplicationContext@2de07c57
[INFO] Destroying singletons in org.springframework.beans.factory.support.DefaultListableBeanFactory@106edde4: defining beans [org.springframework.context.annotation.internalConfigurationAnnotationProcessor,org.springframework.context.annotation.internalAutowiredAnnotationProcessor,org.springframework.context.annotation.internalRequiredAnnotationProcessor,org.springframework.context.annotation.internalCommonAnnotationProcessor,mojoExecutableConfig,org.springframework.context.annotation.ConfigurationClassPostProcessor.importAwareProcessor,org.kuali.common.util.spring.service.SpringServiceConfig,springService,propertySourceService,environmentService,org.kuali.maven.plugins.spring.config.SpringMojoServiceConfig,springMojoService,org.kuali.common.util.xml.spring.Log4JXmlServiceConfig,xmlService,org.kuali.common.util.log.log4j.spring.Log4JConfig,log4JContextMaven,log4JContextDebug,log4JContextDefault,log4JContextJAXB,log4jService,log4JContextTest,org.kuali.maven.plugins.spring.config.MojoConfig,log4JExecutable,mojoServiceExecutable,mojoExecutable,getExecutable]; parent: org.springframework.beans.factory.support.DefaultListableBeanFactory@59d09ff3
[INFO] 
[INFO] --- maven-install-plugin:2.5.1:install (default-install) @ rice-impex ---
[INFO] Installing C:\projects\rice\db\impex\pom.xml to C:\Users\jawbenne\.m2\repository\org\kuali\rice\rice-impex\2.4.3-SNAPSHOT\rice-impex-2.4.3-SNAPSHOT.pom
[INFO] 
[INFO] ------------------< org.kuali.rice:rice-impex-master >------------------
[INFO] Building Rice Impex Master 2.4.3-SNAPSHOT                         [8/96]
[INFO] --------------------------------[ jar ]---------------------------------
[INFO] 
[INFO] --- maven-clean-plugin:2.5:clean (default-clean) @ rice-impex-master ---
[INFO] Deleting C:\projects\rice\db\impex\master\target
[INFO] 
[INFO] >>> spring-maven-plugin:3.0.4:load (project-augment) > :load @ rice-impex-master >>>
[INFO] 
[INFO] <<< spring-maven-plugin:3.0.4:load (project-augment) < :load @ rice-impex-master <<<
[INFO] 
[INFO] 
[INFO] --- spring-maven-plugin:3.0.4:load (project-augment) @ rice-impex-master ---
[INFO] Refreshing org.springframework.context.support.GenericXmlApplicationContext@4add4dff: startup date [Mon Dec 03 17:01:56 EST 2018]; root of context hierarchy
[INFO] Pre-instantiating singletons in org.springframework.beans.factory.support.DefaultListableBeanFactory@192ecf8: defining beans []; root of factory hierarchy
[INFO] Refreshing org.springframework.context.annotation.AnnotationConfigApplicationContext@263e512e: startup date [Mon Dec 03 17:01:56 EST 2018]; parent: org.springframework.context.support.GenericXmlApplicationContext@4add4dff
[INFO] JSR-330 'javax.inject.Inject' annotation found and supported for autowiring
[INFO] Pre-instantiating singletons in org.springframework.beans.factory.support.DefaultListableBeanFactory@6a8bcb64: defining beans [org.springframework.context.annotation.internalConfigurationAnnotationProcessor,org.springframework.context.annotation.internalAutowiredAnnotationProcessor,org.springframework.context.annotation.internalRequiredAnnotationProcessor,org.springframework.context.annotation.internalCommonAnnotationProcessor,mojoExecutableConfig,org.springframework.context.annotation.ConfigurationClassPostProcessor.importAwareProcessor,org.kuali.common.util.spring.service.SpringServiceConfig,springService,propertySourceService,environmentService,org.kuali.maven.plugins.spring.config.SpringMojoServiceConfig,springMojoService,org.kuali.common.util.xml.spring.Log4JXmlServiceConfig,xmlService,org.kuali.common.util.log.log4j.spring.Log4JConfig,log4JContextMaven,log4JContextDebug,log4JContextDefault,log4JContextJAXB,log4jService,log4JContextTest,org.kuali.maven.plugins.spring.config.MojoConfig,log4JExecutable,mojoServiceExecutable,mojoExecutable,getExecutable]; parent: org.springframework.beans.factory.support.DefaultListableBeanFactory@192ecf8
[INFO] Forced mojo execution
[INFO] Refreshing org.springframework.context.support.GenericXmlApplicationContext@10bcbbce: startup date [Mon Dec 03 17:01:56 EST 2018]; root of context hierarchy
[INFO] Pre-instantiating singletons in org.springframework.beans.factory.support.DefaultListableBeanFactory@125a8ab6: defining beans []; root of factory hierarchy
[INFO] Refreshing org.springframework.context.annotation.AnnotationConfigApplicationContext@792b9dd3: startup date [Mon Dec 03 17:01:56 EST 2018]; parent: org.springframework.context.support.GenericXmlApplicationContext@10bcbbce
[INFO] JSR-330 'javax.inject.Inject' annotation found and supported for autowiring
[INFO] Pre-instantiating singletons in org.springframework.beans.factory.support.DefaultListableBeanFactory@31f9f9b3: defining beans [org.springframework.context.annotation.internalConfigurationAnnotationProcessor,org.springframework.context.annotation.internalAutowiredAnnotationProcessor,org.springframework.context.annotation.internalRequiredAnnotationProcessor,org.springframework.context.annotation.internalCommonAnnotationProcessor,projectPropertySourceConfig,org.springframework.context.annotation.ConfigurationClassPostProcessor.importAwareProcessor,projectPropertySource]; parent: org.springframework.beans.factory.support.DefaultListableBeanFactory@125a8ab6
[INFO] Loading - [org.kuali.common.maven.spring.AugmentMavenPropertiesConfig]
[INFO] Refreshing Spring Maven Plugin : Load : 8: startup date [Mon Dec 03 17:01:56 EST 2018]; root of context hierarchy
[INFO] Pre-instantiating singletons in org.springframework.beans.factory.support.DefaultListableBeanFactory@533e8807: defining beans []; root of factory hierarchy
[INFO] Refreshing org.springframework.context.annotation.AnnotationConfigApplicationContext@322eb1a: startup date [Mon Dec 03 17:01:56 EST 2018]; parent: Spring Maven Plugin : Load : 8
[INFO] JSR-330 'javax.inject.Inject' annotation found and supported for autowiring
[INFO] Pre-instantiating singletons in org.springframework.beans.factory.support.DefaultListableBeanFactory@69f24965: defining beans [org.springframework.context.annotation.internalConfigurationAnnotationProcessor,org.springframework.context.annotation.internalAutowiredAnnotationProcessor,org.springframework.context.annotation.internalRequiredAnnotationProcessor,org.springframework.context.annotation.internalCommonAnnotationProcessor,augmentMavenPropertiesConfig,org.springframework.context.annotation.ConfigurationClassPostProcessor.importAwareProcessor,augmentMavenProperties]; parent: org.springframework.beans.factory.support.DefaultListableBeanFactory@533e8807
[INFO] Closing org.springframework.context.annotation.AnnotationConfigApplicationContext@322eb1a: startup date [Mon Dec 03 17:01:56 EST 2018]; parent: Spring Maven Plugin : Load : 8
[INFO] Destroying singletons in org.springframework.beans.factory.support.DefaultListableBeanFactory@69f24965: defining beans [org.springframework.context.annotation.internalConfigurationAnnotationProcessor,org.springframework.context.annotation.internalAutowiredAnnotationProcessor,org.springframework.context.annotation.internalRequiredAnnotationProcessor,org.springframework.context.annotation.internalCommonAnnotationProcessor,augmentMavenPropertiesConfig,org.springframework.context.annotation.ConfigurationClassPostProcessor.importAwareProcessor,augmentMavenProperties]; parent: org.springframework.beans.factory.support.DefaultListableBeanFactory@533e8807
[INFO] Closing org.springframework.context.annotation.AnnotationConfigApplicationContext@263e512e: startup date [Mon Dec 03 17:01:56 EST 2018]; parent: org.springframework.context.support.GenericXmlApplicationContext@4add4dff
[INFO] Destroying singletons in org.springframework.beans.factory.support.DefaultListableBeanFactory@6a8bcb64: defining beans [org.springframework.context.annotation.internalConfigurationAnnotationProcessor,org.springframework.context.annotation.internalAutowiredAnnotationProcessor,org.springframework.context.annotation.internalRequiredAnnotationProcessor,org.springframework.context.annotation.internalCommonAnnotationProcessor,mojoExecutableConfig,org.springframework.context.annotation.ConfigurationClassPostProcessor.importAwareProcessor,org.kuali.common.util.spring.service.SpringServiceConfig,springService,propertySourceService,environmentService,org.kuali.maven.plugins.spring.config.SpringMojoServiceConfig,springMojoService,org.kuali.common.util.xml.spring.Log4JXmlServiceConfig,xmlService,org.kuali.common.util.log.log4j.spring.Log4JConfig,log4JContextMaven,log4JContextDebug,log4JContextDefault,log4JContextJAXB,log4jService,log4JContextTest,org.kuali.maven.plugins.spring.config.MojoConfig,log4JExecutable,mojoServiceExecutable,mojoExecutable,getExecutable]; parent: org.springframework.beans.factory.support.DefaultListableBeanFactory@192ecf8
[INFO] 
[INFO] >>> spring-maven-plugin:3.0.4:load (project-metainf) > :load @ rice-impex-master >>>
[INFO] 
[INFO] <<< spring-maven-plugin:3.0.4:load (project-metainf) < :load @ rice-impex-master <<<
[INFO] 
[INFO] 
[INFO] --- spring-maven-plugin:3.0.4:load (project-metainf) @ rice-impex-master ---
[INFO] Refreshing org.springframework.context.support.GenericXmlApplicationContext@4542af89: startup date [Mon Dec 03 17:01:56 EST 2018]; root of context hierarchy
[INFO] Pre-instantiating singletons in org.springframework.beans.factory.support.DefaultListableBeanFactory@6aa18912: defining beans []; root of factory hierarchy
[INFO] Refreshing org.springframework.context.annotation.AnnotationConfigApplicationContext@5c20505f: startup date [Mon Dec 03 17:01:56 EST 2018]; parent: org.springframework.context.support.GenericXmlApplicationContext@4542af89
[INFO] JSR-330 'javax.inject.Inject' annotation found and supported for autowiring
[INFO] Pre-instantiating singletons in org.springframework.beans.factory.support.DefaultListableBeanFactory@2202c92f: defining beans [org.springframework.context.annotation.internalConfigurationAnnotationProcessor,org.springframework.context.annotation.internalAutowiredAnnotationProcessor,org.springframework.context.annotation.internalRequiredAnnotationProcessor,org.springframework.context.annotation.internalCommonAnnotationProcessor,mojoExecutableConfig,org.springframework.context.annotation.ConfigurationClassPostProcessor.importAwareProcessor,org.kuali.common.util.spring.service.SpringServiceConfig,springService,propertySourceService,environmentService,org.kuali.maven.plugins.spring.config.SpringMojoServiceConfig,springMojoService,org.kuali.common.util.xml.spring.Log4JXmlServiceConfig,xmlService,org.kuali.common.util.log.log4j.spring.Log4JConfig,log4JContextMaven,log4JContextDebug,log4JContextDefault,log4JContextJAXB,log4jService,log4JContextTest,org.kuali.maven.plugins.spring.config.MojoConfig,log4JExecutable,mojoServiceExecutable,mojoExecutable,getExecutable]; parent: org.springframework.beans.factory.support.DefaultListableBeanFactory@6aa18912
[INFO] Refreshing org.springframework.context.support.GenericXmlApplicationContext@76219fe: startup date [Mon Dec 03 17:01:56 EST 2018]; root of context hierarchy
[INFO] Pre-instantiating singletons in org.springframework.beans.factory.support.DefaultListableBeanFactory@2fe2fcc2: defining beans []; root of factory hierarchy
[INFO] Refreshing org.springframework.context.annotation.AnnotationConfigApplicationContext@69926b6e: startup date [Mon Dec 03 17:01:56 EST 2018]; parent: org.springframework.context.support.GenericXmlApplicationContext@76219fe
[INFO] JSR-330 'javax.inject.Inject' annotation found and supported for autowiring
[INFO] Pre-instantiating singletons in org.springframework.beans.factory.support.DefaultListableBeanFactory@5a010eec: defining beans [org.springframework.context.annotation.internalConfigurationAnnotationProcessor,org.springframework.context.annotation.internalAutowiredAnnotationProcessor,org.springframework.context.annotation.internalRequiredAnnotationProcessor,org.springframework.context.annotation.internalCommonAnnotationProcessor,projectPropertySourceConfig,org.springframework.context.annotation.ConfigurationClassPostProcessor.importAwareProcessor,projectPropertySource]; parent: org.springframework.beans.factory.support.DefaultListableBeanFactory@2fe2fcc2
[INFO] Loading - [org.kuali.common.util.spring.MetaInfProjectPropertiesConfig]
[INFO] Refreshing Spring Maven Plugin : Load : 9: startup date [Mon Dec 03 17:01:56 EST 2018]; root of context hierarchy
[INFO] Pre-instantiating singletons in org.springframework.beans.factory.support.DefaultListableBeanFactory@69fe8c75: defining beans []; root of factory hierarchy
[INFO] Refreshing org.springframework.context.annotation.AnnotationConfigApplicationContext@633cad4d: startup date [Mon Dec 03 17:01:56 EST 2018]; parent: Spring Maven Plugin : Load : 9
[INFO] JSR-330 'javax.inject.Inject' annotation found and supported for autowiring
[INFO] Pre-instantiating singletons in org.springframework.beans.factory.support.DefaultListableBeanFactory@5b86f4cb: defining beans [org.springframework.context.annotation.internalConfigurationAnnotationProcessor,org.springframework.context.annotation.internalAutowiredAnnotationProcessor,org.springframework.context.annotation.internalRequiredAnnotationProcessor,org.springframework.context.annotation.internalCommonAnnotationProcessor,metaInfProjectPropertiesConfig,org.springframework.context.annotation.ConfigurationClassPostProcessor.importAwareProcessor,org.kuali.common.util.spring.MetaInfProjectPropertiesSetupConfig,storePropertiesExecutablesExectuable,springProperties,pspc,executable]; parent: org.springframework.beans.factory.support.DefaultListableBeanFactory@69fe8c75
[INFO] Closing org.springframework.context.annotation.AnnotationConfigApplicationContext@633cad4d: startup date [Mon Dec 03 17:01:56 EST 2018]; parent: Spring Maven Plugin : Load : 9
[INFO] Destroying singletons in org.springframework.beans.factory.support.DefaultListableBeanFactory@5b86f4cb: defining beans [org.springframework.context.annotation.internalConfigurationAnnotationProcessor,org.springframework.context.annotation.internalAutowiredAnnotationProcessor,org.springframework.context.annotation.internalRequiredAnnotationProcessor,org.springframework.context.annotation.internalCommonAnnotationProcessor,metaInfProjectPropertiesConfig,org.springframework.context.annotation.ConfigurationClassPostProcessor.importAwareProcessor,org.kuali.common.util.spring.MetaInfProjectPropertiesSetupConfig,storePropertiesExecutablesExectuable,springProperties,pspc,executable]; parent: org.springframework.beans.factory.support.DefaultListableBeanFactory@69fe8c75
[INFO] Closing org.springframework.context.annotation.AnnotationConfigApplicationContext@5c20505f: startup date [Mon Dec 03 17:01:56 EST 2018]; parent: org.springframework.context.support.GenericXmlApplicationContext@4542af89
[INFO] Destroying singletons in org.springframework.beans.factory.support.DefaultListableBeanFactory@2202c92f: defining beans [org.springframework.context.annotation.internalConfigurationAnnotationProcessor,org.springframework.context.annotation.internalAutowiredAnnotationProcessor,org.springframework.context.annotation.internalRequiredAnnotationProcessor,org.springframework.context.annotation.internalCommonAnnotationProcessor,mojoExecutableConfig,org.springframework.context.annotation.ConfigurationClassPostProcessor.importAwareProcessor,org.kuali.common.util.spring.service.SpringServiceConfig,springService,propertySourceService,environmentService,org.kuali.maven.plugins.spring.config.SpringMojoServiceConfig,springMojoService,org.kuali.common.util.xml.spring.Log4JXmlServiceConfig,xmlService,org.kuali.common.util.log.log4j.spring.Log4JConfig,log4JContextMaven,log4JContextDebug,log4JContextDefault,log4JContextJAXB,log4jService,log4JContextTest,org.kuali.maven.plugins.spring.config.MojoConfig,log4JExecutable,mojoServiceExecutable,mojoExecutable,getExecutable]; parent: org.springframework.beans.factory.support.DefaultListableBeanFactory@6aa18912
[INFO] 
[INFO] --- maven-resources-plugin:2.6:resources (default-resources) @ rice-impex-master ---
[INFO] Using 'UTF-8' encoding to copy filtered resources.
[INFO] Copying 139 resources
